<?xml version="1.0" encoding="UTF-8"?>
<TestRun id="4c3e0a05-a080-4c26-b056-f1ed136acb55" name="Richard.King@RICHARDK01 2012-05-02 15:42:27" runUser="CORP\Richard.King" xmlns="http://microsoft.com/schemas/VisualStudio/TeamTest/2010">
  <TestSettings name="Local" id="90c74bb1-63c4-4ea2-94b5-6963d63c3bc0">
    <Description>These are default test settings for a local test run.</Description>
    <Deployment enabled="false" runDeploymentRoot="Richard.King_RICHARDK01 2012-05-02 15_42_27" />
    <Execution>
      <TestTypeSpecific />
      <AgentRule name="Execution Agents">
      </AgentRule>
    </Execution>
  </TestSettings>
  <Times creation="2012-05-02T15:42:27.0563280-07:00" queuing="2012-05-02T15:42:27.1243348-07:00" start="2012-05-02T15:42:27.1323356-07:00" finish="2012-05-02T15:42:27.4853709-07:00" />
  <ResultSummary outcome="Failed">
    <Counters total="1" executed="1" error="0" failed="1" timeout="0" aborted="0" inconclusive="0" passedButRunAborted="0" notRunnable="0" notExecuted="0" disconnected="0" warning="0" passed="0" completed="0" inProgress="0" pending="0" />
  </ResultSummary>
  <TestDefinitions>
    <UnitTest name="TestMethod1" storage="c:\volatile\source\cpp\criticalsectiontest\debug\defaulttest.dll" id="fab7fcf3-855e-554d-ce00-e74a60d31e47">
      <Execution id="285648f1-f5e4-49f3-b051-083956e13816" />
      <TestMethod codeBase="C:/Volatile/Source/cpp/CriticalSectionTest/Debug/DefaultTest.DLL" adapterTypeName="Microsoft.VisualStudio.TestTools.TestTypes.Unit.UnitTestAdapter, Microsoft.VisualStudio.QualityTools.Tips.UnitTest.Adapter, Version=10.0.0.0, Culture=neutral, PublicKeyToken=b03f5f7f11d50a3a" className="SimpleUTest.SimpleUTest1, DefaultTest, Version=1.0.4505.21401, Culture=neutral, PublicKeyToken=null" name="TestMethod1" />
    </UnitTest>
  </TestDefinitions>
  <TestLists>
    <TestList name="Results Not in a List" id="8c84fa94-04c1-424b-9868-57a2d4851a1d" />
    <TestList name="All Loaded Results" id="19431567-8539-422a-85d7-44ee4e166bda" />
  </TestLists>
  <TestEntries>
    <TestEntry testId="fab7fcf3-855e-554d-ce00-e74a60d31e47" executionId="285648f1-f5e4-49f3-b051-083956e13816" testListId="8c84fa94-04c1-424b-9868-57a2d4851a1d" />
  </TestEntries>
  <Results>
    <UnitTestResult executionId="285648f1-f5e4-49f3-b051-083956e13816" testId="fab7fcf3-855e-554d-ce00-e74a60d31e47" testName="TestMethod1" computerName="RICHARDK01" duration="00:00:00.0281604" startTime="2012-05-02T15:42:27.1403364-07:00" endTime="2012-05-02T15:42:27.4683692-07:00" testType="13cdc9d9-ddb5-4fa4-a97d-d965ccfc6d4b" outcome="Failed" testListId="8c84fa94-04c1-424b-9868-57a2d4851a1d" relativeResultsDirectory="285648f1-f5e4-49f3-b051-083956e13816">
      <Output>
        <ErrorInfo>
          <Message>Assert.AreEqual failed. Expected:&lt;True&gt;. Actual:&lt;False&gt;. </Message>
          <StackTrace>   at SimpleUTest.SimpleUTest1.TestMethod1() in c:\volatile\source\cpp\criticalsectiontest\simpleutest\simpleutest1.cpp:line 17
</StackTrace>
        </ErrorInfo>
      </Output>
    </UnitTestResult>
  </Results>
</TestRun>