<?xml version="1.0" encoding="UTF-8"?>
<TestRun id="9c8c0375-6d8c-4765-aece-62f70e4df99f" name="rking@79-RKING2 2008-02-14 19:01:34" runUser="UEIC\rking" xmlns="http://microsoft.com/schemas/VisualStudio/TeamTest/2006">
  <TestRunConfiguration name="Local Test Run" id="b199a47c-40e7-41a2-a8d5-bf054c354846">
    <Description>This is a default test run configuration for a local test run.</Description>
    <Deployment runDeploymentRoot="C:\Volatile\Source\csharp2\vs2005Projs\UnitTestSupport2008\TestResults\rking_79-RKING2 2008-02-14 19_01_34">
      <DeploymentItem filename="C:\Volatile\Source\csharp2\vs2005Projs\UnitTestSupport2008\bin\Debug\UnitTestSupport2008.exe" />
    </Deployment>
    <TestTypeSpecific />
  </TestRunConfiguration>
  <ResultSummary outcome="Failed">
    <Counters total="1" executed="1" error="0" failed="1" timeout="0" aborted="0" inconclusive="0" passedButRunAborted="0" notRunnable="0" notExecuted="0" disconnected="0" warning="0" passed="0" completed="0" inProgress="0" pending="0" />
  </ResultSummary>
  <Times creation="2008-02-14T19:01:34.2600951-08:00" queuing="2008-02-14T19:01:35.3409111-08:00" start="2008-02-14T19:01:35.5758711-08:00" finish="2008-02-14T19:01:36.2024311-08:00" />
  <TestDefinitions>
    <UnitTest name="TestMethod1" storage="c:\volatile\source\csharp2\vs2005projs\unittestsupport2008\unittestsupporttests\bin\debug\unittestsupporttests.dll" id="4b444cc3-20d4-f742-3a6b-dc7834b6a5ce">
      <Css projectStructure="" iteration="" />
      <Owners>
        <Owner name="" />
      </Owners>
      <Execution id="5dd45357-a48f-4071-b43a-8697b14c0b0c" />
      <TestMethod codeBase="C:\Volatile\Source\csharp2\vs2005Projs\UnitTestSupport2008\UnitTestSupportTests\bin\Debug\UnitTestSupportTests.dll" adapterTypeName="Microsoft.VisualStudio.TestTools.TestTypes.Unit.UnitTestAdapter, Microsoft.VisualStudio.QualityTools.Tips.UnitTest.Adapter, Version=9.0.0.0, Culture=neutral, PublicKeyToken=b03f5f7f11d50a3a" className="UnitTestSupportTests.MyClassToTest_Tests, UnitTestSupportTests" name="TestMethod1" />
    </UnitTest>
  </TestDefinitions>
  <TestLists>
    <TestList name="Results Not in a List" id="8c84fa94-04c1-424b-9868-57a2d4851a1d" />
    <TestList name="All Loaded Results" id="19431567-8539-422a-85d7-44ee4e166bda" />
  </TestLists>
  <TestEntries>
    <TestEntry testId="4b444cc3-20d4-f742-3a6b-dc7834b6a5ce" executionId="5dd45357-a48f-4071-b43a-8697b14c0b0c" testListId="8c84fa94-04c1-424b-9868-57a2d4851a1d" />
  </TestEntries>
  <Results>
    <UnitTestResult executionId="5dd45357-a48f-4071-b43a-8697b14c0b0c" testId="4b444cc3-20d4-f742-3a6b-dc7834b6a5ce" testName="TestMethod1" computerName="79-RKING2" duration="00:00:00.1021161" startTime="2008-02-14T19:01:35.6541911-08:00" endTime="2008-02-14T19:01:36.0927831-08:00" testType="13cdc9d9-ddb5-4fa4-a97d-d965ccfc6d4b" outcome="Failed" testListId="8c84fa94-04c1-424b-9868-57a2d4851a1d">
      <Output>
        <ErrorInfo>
          <Message>Assert.AreEqual failed. Expected:&lt;b b&gt;. Actual:&lt;a b&gt;. </Message>
          <StackTrace>   at UnitTestSupportTests.MyClassToTest_Tests.TestMethod1() in C:\Volatile\Source\csharp2\vs2005Projs\UnitTestSupport2008\UnitTestSupportTests\MyClassToTest_Tests.cs:line 75
</StackTrace>
        </ErrorInfo>
      </Output>
    </UnitTestResult>
  </Results>
</TestRun>