<?xml version="1.0" encoding="UTF-8"?>
<TestRun id="34231404-46e3-4788-9d20-82420f6d76f6" name="Richard@THEDEN2 2011-05-17 23:12:57" runUser="THEDEN2\Richard" xmlns="http://microsoft.com/schemas/VisualStudio/TeamTest/2006">
  <TestRunConfiguration name="Local Test Run" id="975379cc-42c1-46e9-8b10-48716e98a363">
    <Description>This is a default test run configuration for a local test run.</Description>
    <Deployment runDeploymentRoot="C:\Development\SOURCE\csharp\FullAdder\FullAdder\TestResults\Richard_THEDEN2 2011-05-17 23_12_57">
      <DeploymentItem filename="C:\Development\SOURCE\csharp\FullAdder\LogicTester\bin\Debug\WindowsFormsApplication1.exe" />
    </Deployment>
    <TestTypeSpecific />
  </TestRunConfiguration>
  <ResultSummary outcome="Failed">
    <Counters total="1" executed="1" error="0" failed="1" timeout="0" aborted="0" inconclusive="0" passedButRunAborted="0" notRunnable="0" notExecuted="0" disconnected="0" warning="0" passed="0" completed="0" inProgress="0" pending="0" />
  </ResultSummary>
  <Times creation="2011-05-17T23:12:57.8750000-07:00" queuing="2011-05-17T23:12:58.0468750-07:00" start="2011-05-17T23:12:58.0625000-07:00" finish="2011-05-17T23:12:58.3125000-07:00" />
  <TestDefinitions>
    <UnitTest name="AndGateTest" storage="c:\development\source\csharp\fulladder\fulladder\logictestertests\bin\debug\logictestertests.dll" id="af0870e0-0ae8-f415-0418-26a7a37b8c0a">
      <Css projectStructure="" iteration="" />
      <Owners>
        <Owner name="" />
      </Owners>
      <Execution id="7025a50a-9cc2-426c-b2e4-0de3e7d866a1" />
      <TestMethod codeBase="C:\Development\SOURCE\csharp\FullAdder\FullAdder\LogicTesterTests\bin\Debug\LogicTesterTests.dll" adapterTypeName="Microsoft.VisualStudio.TestTools.TestTypes.Unit.UnitTestAdapter, Microsoft.VisualStudio.QualityTools.Tips.UnitTest.Adapter, Version=9.0.0.0, Culture=neutral, PublicKeyToken=b03f5f7f11d50a3a" className="LogicTesterTests.UnitTest1, LogicTesterTests" name="AndGateTest" />
    </UnitTest>
  </TestDefinitions>
  <TestLists>
    <TestList name="Results Not in a List" id="8c84fa94-04c1-424b-9868-57a2d4851a1d" />
    <TestList name="All Loaded Results" id="19431567-8539-422a-85d7-44ee4e166bda" />
  </TestLists>
  <TestEntries>
    <TestEntry testId="af0870e0-0ae8-f415-0418-26a7a37b8c0a" executionId="7025a50a-9cc2-426c-b2e4-0de3e7d866a1" testListId="8c84fa94-04c1-424b-9868-57a2d4851a1d" />
  </TestEntries>
  <Results>
    <UnitTestResult executionId="7025a50a-9cc2-426c-b2e4-0de3e7d866a1" testId="af0870e0-0ae8-f415-0418-26a7a37b8c0a" testName="AndGateTest" computerName="THEDEN2" duration="00:00:00.0139665" startTime="2011-05-17T23:12:58.0625000-07:00" endTime="2011-05-17T23:12:58.3125000-07:00" testType="13cdc9d9-ddb5-4fa4-a97d-d965ccfc6d4b" outcome="Failed" testListId="8c84fa94-04c1-424b-9868-57a2d4851a1d">
      <Output>
        <ErrorInfo>
          <Message>Assert.IsFalse failed. </Message>
          <StackTrace>   at LogicTesterTests.UnitTest1.AndGateTest() in C:\Development\SOURCE\csharp\FullAdder\FullAdder\LogicTesterTests\UnitTest1.cs:line 225
</StackTrace>
        </ErrorInfo>
      </Output>
    </UnitTestResult>
  </Results>
</TestRun>