<?xml version="1.0" encoding="UTF-8"?>
<TestRun id="8e28bf11-b168-4cc0-bd41-03d25933753b" name="Richard@THEDEN2 2011-05-18 00:06:33" runUser="THEDEN2\Richard" xmlns="http://microsoft.com/schemas/VisualStudio/TeamTest/2006">
  <TestRunConfiguration name="Local Test Run" id="975379cc-42c1-46e9-8b10-48716e98a363">
    <Description>This is a default test run configuration for a local test run.</Description>
    <Deployment runDeploymentRoot="C:\Development\SOURCE\csharp\FullAdder\FullAdder\TestResults\Richard_THEDEN2 2011-05-18 00_06_33">
      <DeploymentItem filename="C:\Development\SOURCE\csharp\FullAdder\LogicTester\bin\Debug\WindowsFormsApplication1.exe" />
    </Deployment>
    <TestTypeSpecific />
  </TestRunConfiguration>
  <ResultSummary outcome="Completed">
    <Counters total="8" executed="8" passed="8" error="0" failed="0" timeout="0" aborted="0" inconclusive="0" passedButRunAborted="0" notRunnable="0" notExecuted="0" disconnected="0" warning="0" completed="0" inProgress="0" pending="0" />
  </ResultSummary>
  <Times creation="2011-05-18T00:06:33.3437500-07:00" queuing="2011-05-18T00:06:33.5000000-07:00" start="2011-05-18T00:06:33.5156250-07:00" finish="2011-05-18T00:06:33.7812500-07:00" />
  <TestDefinitions>
    <UnitTest name="FullAdderTest" storage="c:\development\source\csharp\fulladder\fulladder\logictestertests\bin\debug\logictestertests.dll" id="6c9c601d-b41d-44b3-1e9b-555a73cb47fe">
      <Css projectStructure="" iteration="" />
      <Owners>
        <Owner name="" />
      </Owners>
      <Execution id="e9f9212d-66d1-4db0-90ed-f2b815bdebe9" />
      <TestMethod codeBase="C:\Development\SOURCE\csharp\FullAdder\FullAdder\LogicTesterTests\bin\Debug\LogicTesterTests.dll" adapterTypeName="Microsoft.VisualStudio.TestTools.TestTypes.Unit.UnitTestAdapter, Microsoft.VisualStudio.QualityTools.Tips.UnitTest.Adapter, Version=9.0.0.0, Culture=neutral, PublicKeyToken=b03f5f7f11d50a3a" className="LogicTesterTests.UnitTest1, LogicTesterTests" name="FullAdderTest" />
    </UnitTest>
    <UnitTest name="NandGateTest" storage="c:\development\source\csharp\fulladder\fulladder\logictestertests\bin\debug\logictestertests.dll" id="c031c565-6302-0be6-9149-6bfe1f7bb02a">
      <Css projectStructure="" iteration="" />
      <Owners>
        <Owner name="" />
      </Owners>
      <Execution id="d6d2616f-7418-47cb-aa41-42630d2c3d1c" />
      <TestMethod codeBase="C:\Development\SOURCE\csharp\FullAdder\FullAdder\LogicTesterTests\bin\Debug\LogicTesterTests.dll" adapterTypeName="Microsoft.VisualStudio.TestTools.TestTypes.Unit.UnitTestAdapter, Microsoft.VisualStudio.QualityTools.Tips.UnitTest.Adapter, Version=9.0.0.0, Culture=neutral, PublicKeyToken=b03f5f7f11d50a3a" className="LogicTesterTests.UnitTest1, LogicTesterTests" name="NandGateTest" />
    </UnitTest>
    <UnitTest name="XNorGateTest" storage="c:\development\source\csharp\fulladder\fulladder\logictestertests\bin\debug\logictestertests.dll" id="efad0dfd-cb53-2114-2d16-bd49f479f5c6">
      <Css projectStructure="" iteration="" />
      <Owners>
        <Owner name="" />
      </Owners>
      <Execution id="4a27216e-6bc1-4663-8f31-0be700d80d16" />
      <TestMethod codeBase="C:\Development\SOURCE\csharp\FullAdder\FullAdder\LogicTesterTests\bin\Debug\LogicTesterTests.dll" adapterTypeName="Microsoft.VisualStudio.TestTools.TestTypes.Unit.UnitTestAdapter, Microsoft.VisualStudio.QualityTools.Tips.UnitTest.Adapter, Version=9.0.0.0, Culture=neutral, PublicKeyToken=b03f5f7f11d50a3a" className="LogicTesterTests.UnitTest1, LogicTesterTests" name="XNorGateTest" />
    </UnitTest>
    <UnitTest name="NorGateTest" storage="c:\development\source\csharp\fulladder\fulladder\logictestertests\bin\debug\logictestertests.dll" id="7c71e9f6-5570-b8df-2108-bae1915e7253">
      <Css projectStructure="" iteration="" />
      <Owners>
        <Owner name="" />
      </Owners>
      <Execution id="cd1bc100-c7fc-44eb-91df-9c4b9cafd731" />
      <TestMethod codeBase="C:\Development\SOURCE\csharp\FullAdder\FullAdder\LogicTesterTests\bin\Debug\LogicTesterTests.dll" adapterTypeName="Microsoft.VisualStudio.TestTools.TestTypes.Unit.UnitTestAdapter, Microsoft.VisualStudio.QualityTools.Tips.UnitTest.Adapter, Version=9.0.0.0, Culture=neutral, PublicKeyToken=b03f5f7f11d50a3a" className="LogicTesterTests.UnitTest1, LogicTesterTests" name="NorGateTest" />
    </UnitTest>
    <UnitTest name="HalfAdderTest" storage="c:\development\source\csharp\fulladder\fulladder\logictestertests\bin\debug\logictestertests.dll" id="072bf740-371e-c164-b73a-fdc0a7e2da2c">
      <Css projectStructure="" iteration="" />
      <Owners>
        <Owner name="" />
      </Owners>
      <Execution id="8af79209-8610-456c-8147-e76dae672de5" />
      <TestMethod codeBase="C:\Development\SOURCE\csharp\FullAdder\FullAdder\LogicTesterTests\bin\Debug\LogicTesterTests.dll" adapterTypeName="Microsoft.VisualStudio.TestTools.TestTypes.Unit.UnitTestAdapter, Microsoft.VisualStudio.QualityTools.Tips.UnitTest.Adapter, Version=9.0.0.0, Culture=neutral, PublicKeyToken=b03f5f7f11d50a3a" className="LogicTesterTests.UnitTest1, LogicTesterTests" name="HalfAdderTest" />
    </UnitTest>
    <UnitTest name="AndGateTest" storage="c:\development\source\csharp\fulladder\fulladder\logictestertests\bin\debug\logictestertests.dll" id="af0870e0-0ae8-f415-0418-26a7a37b8c0a">
      <Css projectStructure="" iteration="" />
      <Owners>
        <Owner name="" />
      </Owners>
      <Execution id="75921d14-4911-41bc-8870-694c5d561a50" />
      <TestMethod codeBase="C:\Development\SOURCE\csharp\FullAdder\FullAdder\LogicTesterTests\bin\Debug\LogicTesterTests.dll" adapterTypeName="Microsoft.VisualStudio.TestTools.TestTypes.Unit.UnitTestAdapter, Microsoft.VisualStudio.QualityTools.Tips.UnitTest.Adapter, Version=9.0.0.0, Culture=neutral, PublicKeyToken=b03f5f7f11d50a3a" className="LogicTesterTests.UnitTest1, LogicTesterTests" name="AndGateTest" />
    </UnitTest>
    <UnitTest name="OrGateTest" storage="c:\development\source\csharp\fulladder\fulladder\logictestertests\bin\debug\logictestertests.dll" id="52f554cd-a462-eefe-ed35-c68aceab2883">
      <Css projectStructure="" iteration="" />
      <Owners>
        <Owner name="" />
      </Owners>
      <Execution id="10ea2eb6-2ecb-456b-94a0-53b48d70f60b" />
      <TestMethod codeBase="C:\Development\SOURCE\csharp\FullAdder\FullAdder\LogicTesterTests\bin\Debug\LogicTesterTests.dll" adapterTypeName="Microsoft.VisualStudio.TestTools.TestTypes.Unit.UnitTestAdapter, Microsoft.VisualStudio.QualityTools.Tips.UnitTest.Adapter, Version=9.0.0.0, Culture=neutral, PublicKeyToken=b03f5f7f11d50a3a" className="LogicTesterTests.UnitTest1, LogicTesterTests" name="OrGateTest" />
    </UnitTest>
    <UnitTest name="XorGateTest" storage="c:\development\source\csharp\fulladder\fulladder\logictestertests\bin\debug\logictestertests.dll" id="718b49a0-52da-c1c1-8133-46f89a1eb2f7">
      <Css projectStructure="" iteration="" />
      <Owners>
        <Owner name="" />
      </Owners>
      <Execution id="7423a9fc-e8c7-45db-b3be-8d43a449d635" />
      <TestMethod codeBase="C:\Development\SOURCE\csharp\FullAdder\FullAdder\LogicTesterTests\bin\Debug\LogicTesterTests.dll" adapterTypeName="Microsoft.VisualStudio.TestTools.TestTypes.Unit.UnitTestAdapter, Microsoft.VisualStudio.QualityTools.Tips.UnitTest.Adapter, Version=9.0.0.0, Culture=neutral, PublicKeyToken=b03f5f7f11d50a3a" className="LogicTesterTests.UnitTest1, LogicTesterTests" name="XorGateTest" />
    </UnitTest>
  </TestDefinitions>
  <TestLists>
    <TestList name="Results Not in a List" id="8c84fa94-04c1-424b-9868-57a2d4851a1d" />
    <TestList name="All Loaded Results" id="19431567-8539-422a-85d7-44ee4e166bda" />
  </TestLists>
  <TestEntries>
    <TestEntry testId="072bf740-371e-c164-b73a-fdc0a7e2da2c" executionId="8af79209-8610-456c-8147-e76dae672de5" testListId="8c84fa94-04c1-424b-9868-57a2d4851a1d" />
    <TestEntry testId="52f554cd-a462-eefe-ed35-c68aceab2883" executionId="10ea2eb6-2ecb-456b-94a0-53b48d70f60b" testListId="8c84fa94-04c1-424b-9868-57a2d4851a1d" />
    <TestEntry testId="6c9c601d-b41d-44b3-1e9b-555a73cb47fe" executionId="e9f9212d-66d1-4db0-90ed-f2b815bdebe9" testListId="8c84fa94-04c1-424b-9868-57a2d4851a1d" />
    <TestEntry testId="718b49a0-52da-c1c1-8133-46f89a1eb2f7" executionId="7423a9fc-e8c7-45db-b3be-8d43a449d635" testListId="8c84fa94-04c1-424b-9868-57a2d4851a1d" />
    <TestEntry testId="7c71e9f6-5570-b8df-2108-bae1915e7253" executionId="cd1bc100-c7fc-44eb-91df-9c4b9cafd731" testListId="8c84fa94-04c1-424b-9868-57a2d4851a1d" />
    <TestEntry testId="af0870e0-0ae8-f415-0418-26a7a37b8c0a" executionId="75921d14-4911-41bc-8870-694c5d561a50" testListId="8c84fa94-04c1-424b-9868-57a2d4851a1d" />
    <TestEntry testId="c031c565-6302-0be6-9149-6bfe1f7bb02a" executionId="d6d2616f-7418-47cb-aa41-42630d2c3d1c" testListId="8c84fa94-04c1-424b-9868-57a2d4851a1d" />
    <TestEntry testId="efad0dfd-cb53-2114-2d16-bd49f479f5c6" executionId="4a27216e-6bc1-4663-8f31-0be700d80d16" testListId="8c84fa94-04c1-424b-9868-57a2d4851a1d" />
  </TestEntries>
  <Results>
    <UnitTestResult executionId="8af79209-8610-456c-8147-e76dae672de5" testId="072bf740-371e-c164-b73a-fdc0a7e2da2c" testName="HalfAdderTest" computerName="THEDEN2" duration="00:00:00.0105002" startTime="2011-05-18T00:06:33.5156250-07:00" endTime="2011-05-18T00:06:33.7500000-07:00" testType="13cdc9d9-ddb5-4fa4-a97d-d965ccfc6d4b" outcome="Passed" testListId="8c84fa94-04c1-424b-9868-57a2d4851a1d">
      <Output>
      </Output>
    </UnitTestResult>
    <UnitTestResult executionId="10ea2eb6-2ecb-456b-94a0-53b48d70f60b" testId="52f554cd-a462-eefe-ed35-c68aceab2883" testName="OrGateTest" computerName="THEDEN2" duration="00:00:00.0019147" startTime="2011-05-18T00:06:33.7500000-07:00" endTime="2011-05-18T00:06:33.7656250-07:00" testType="13cdc9d9-ddb5-4fa4-a97d-d965ccfc6d4b" outcome="Passed" testListId="8c84fa94-04c1-424b-9868-57a2d4851a1d">
      <Output>
      </Output>
    </UnitTestResult>
    <UnitTestResult executionId="e9f9212d-66d1-4db0-90ed-f2b815bdebe9" testId="6c9c601d-b41d-44b3-1e9b-555a73cb47fe" testName="FullAdderTest" computerName="THEDEN2" duration="00:00:00.0020801" startTime="2011-05-18T00:06:33.7656250-07:00" endTime="2011-05-18T00:06:33.7656250-07:00" testType="13cdc9d9-ddb5-4fa4-a97d-d965ccfc6d4b" outcome="Passed" testListId="8c84fa94-04c1-424b-9868-57a2d4851a1d">
      <Output>
      </Output>
    </UnitTestResult>
    <UnitTestResult executionId="7423a9fc-e8c7-45db-b3be-8d43a449d635" testId="718b49a0-52da-c1c1-8133-46f89a1eb2f7" testName="XorGateTest" computerName="THEDEN2" duration="00:00:00.0010220" startTime="2011-05-18T00:06:33.7656250-07:00" endTime="2011-05-18T00:06:33.7656250-07:00" testType="13cdc9d9-ddb5-4fa4-a97d-d965ccfc6d4b" outcome="Passed" testListId="8c84fa94-04c1-424b-9868-57a2d4851a1d">
      <Output>
      </Output>
    </UnitTestResult>
    <UnitTestResult executionId="cd1bc100-c7fc-44eb-91df-9c4b9cafd731" testId="7c71e9f6-5570-b8df-2108-bae1915e7253" testName="NorGateTest" computerName="THEDEN2" duration="00:00:00.0012062" startTime="2011-05-18T00:06:33.7656250-07:00" endTime="2011-05-18T00:06:33.7656250-07:00" testType="13cdc9d9-ddb5-4fa4-a97d-d965ccfc6d4b" outcome="Passed" testListId="8c84fa94-04c1-424b-9868-57a2d4851a1d">
      <Output>
      </Output>
    </UnitTestResult>
    <UnitTestResult executionId="75921d14-4911-41bc-8870-694c5d561a50" testId="af0870e0-0ae8-f415-0418-26a7a37b8c0a" testName="AndGateTest" computerName="THEDEN2" duration="00:00:00.0010602" startTime="2011-05-18T00:06:33.7656250-07:00" endTime="2011-05-18T00:06:33.7656250-07:00" testType="13cdc9d9-ddb5-4fa4-a97d-d965ccfc6d4b" outcome="Passed" testListId="8c84fa94-04c1-424b-9868-57a2d4851a1d">
      <Output>
      </Output>
    </UnitTestResult>
    <UnitTestResult executionId="d6d2616f-7418-47cb-aa41-42630d2c3d1c" testId="c031c565-6302-0be6-9149-6bfe1f7bb02a" testName="NandGateTest" computerName="THEDEN2" duration="00:00:00.0010742" startTime="2011-05-18T00:06:33.7656250-07:00" endTime="2011-05-18T00:06:33.7812500-07:00" testType="13cdc9d9-ddb5-4fa4-a97d-d965ccfc6d4b" outcome="Passed" testListId="8c84fa94-04c1-424b-9868-57a2d4851a1d">
      <Output>
      </Output>
    </UnitTestResult>
    <UnitTestResult executionId="4a27216e-6bc1-4663-8f31-0be700d80d16" testId="efad0dfd-cb53-2114-2d16-bd49f479f5c6" testName="XNorGateTest" computerName="THEDEN2" duration="00:00:00.0010609" startTime="2011-05-18T00:06:33.7812500-07:00" endTime="2011-05-18T00:06:33.7812500-07:00" testType="13cdc9d9-ddb5-4fa4-a97d-d965ccfc6d4b" outcome="Passed" testListId="8c84fa94-04c1-424b-9868-57a2d4851a1d">
      <Output>
      </Output>
    </UnitTestResult>
  </Results>
</TestRun>