<?xml version="1.0" encoding="UTF-8"?>
<TestRun id="4fa5c9ed-20f7-4962-8419-49b156937f3e" name="Richard@THEDEN2 2011-05-17 22:51:40" runUser="THEDEN2\Richard" xmlns="http://microsoft.com/schemas/VisualStudio/TeamTest/2006">
  <TestRunConfiguration name="Local Test Run" id="975379cc-42c1-46e9-8b10-48716e98a363">
    <Description>This is a default test run configuration for a local test run.</Description>
    <Deployment runDeploymentRoot="C:\Development\SOURCE\csharp\FullAdder\FullAdder\TestResults\Richard_THEDEN2 2011-05-17 22_51_40">
      <DeploymentItem filename="C:\Development\SOURCE\csharp\FullAdder\LogicTester\bin\Debug\WindowsFormsApplication1.exe" />
    </Deployment>
    <TestTypeSpecific />
  </TestRunConfiguration>
  <ResultSummary outcome="Failed">
    <Counters total="1" executed="1" error="0" failed="1" timeout="0" aborted="0" inconclusive="0" passedButRunAborted="0" notRunnable="0" notExecuted="0" disconnected="0" warning="0" passed="0" completed="0" inProgress="0" pending="0" />
  </ResultSummary>
  <Times creation="2011-05-17T22:51:40.7343750-07:00" queuing="2011-05-17T22:51:40.9218750-07:00" start="2011-05-17T22:51:40.9218750-07:00" finish="2011-05-17T22:51:41.2187500-07:00" />
  <TestDefinitions>
    <UnitTest name="TestMethod1" storage="c:\development\source\csharp\fulladder\fulladder\logictestertests\bin\debug\logictestertests.dll" id="4defbf50-845e-258b-3e92-ccd18448b180">
      <Css projectStructure="" iteration="" />
      <Owners>
        <Owner name="" />
      </Owners>
      <Execution id="a8fe0cb2-8e19-436d-bbbb-406136f77a40" />
      <TestMethod codeBase="C:\Development\SOURCE\csharp\FullAdder\FullAdder\LogicTesterTests\bin\Debug\LogicTesterTests.dll" adapterTypeName="Microsoft.VisualStudio.TestTools.TestTypes.Unit.UnitTestAdapter, Microsoft.VisualStudio.QualityTools.Tips.UnitTest.Adapter, Version=9.0.0.0, Culture=neutral, PublicKeyToken=b03f5f7f11d50a3a" className="LogicTesterTests.UnitTest1, LogicTesterTests" name="TestMethod1" />
    </UnitTest>
  </TestDefinitions>
  <TestLists>
    <TestList name="Results Not in a List" id="8c84fa94-04c1-424b-9868-57a2d4851a1d" />
    <TestList name="All Loaded Results" id="19431567-8539-422a-85d7-44ee4e166bda" />
  </TestLists>
  <TestEntries>
    <TestEntry testId="4defbf50-845e-258b-3e92-ccd18448b180" executionId="a8fe0cb2-8e19-436d-bbbb-406136f77a40" testListId="8c84fa94-04c1-424b-9868-57a2d4851a1d" />
  </TestEntries>
  <Results>
    <UnitTestResult executionId="a8fe0cb2-8e19-436d-bbbb-406136f77a40" testId="4defbf50-845e-258b-3e92-ccd18448b180" testName="TestMethod1" computerName="THEDEN2" duration="00:00:00.0350905" startTime="2011-05-17T22:51:40.9218750-07:00" endTime="2011-05-17T22:51:41.2031250-07:00" testType="13cdc9d9-ddb5-4fa4-a97d-d965ccfc6d4b" outcome="Failed" testListId="8c84fa94-04c1-424b-9868-57a2d4851a1d">
      <Output>
        <ErrorInfo>
          <Message>Assert.AreEqual failed. Expected:&lt;4&gt;. Actual:&lt;5&gt;. </Message>
          <StackTrace>   at LogicTesterTests.UnitTest1.TestMethod1() in C:\Development\SOURCE\csharp\FullAdder\FullAdder\LogicTesterTests\UnitTest1.cs:line 83
</StackTrace>
        </ErrorInfo>
      </Output>
    </UnitTestResult>
  </Results>
</TestRun>