<?xml version="1.0" encoding="UTF-8"?>
<TestRun id="4eb36826-ebb5-48cc-85ce-70a980e1c92d" name="Richard@THEDEN2 2011-05-18 00:08:39" runUser="THEDEN2\Richard" xmlns="http://microsoft.com/schemas/VisualStudio/TeamTest/2006">
  <TestRunConfiguration name="Local Test Run" id="975379cc-42c1-46e9-8b10-48716e98a363">
    <Description>This is a default test run configuration for a local test run.</Description>
    <Deployment userDeploymentRoot="C:\Development\SOURCE\csharp\FullAdder\FullAdder\TestResults" useDefaultDeploymentRoot="false" runDeploymentRoot="C:\Development\SOURCE\csharp\FullAdder\FullAdder\TestResults\Richard_THEDEN2 2011-05-18 00_08_39">
      <DeploymentItem filename="C:\Development\SOURCE\csharp\FullAdder\LogicTester\bin\Debug\WindowsFormsApplication1.exe" />
    </Deployment>
    <TestTypeSpecific />
  </TestRunConfiguration>
  <ResultSummary outcome="Completed">
    <Counters total="8" executed="8" passed="8" error="0" failed="0" timeout="0" aborted="0" inconclusive="0" passedButRunAborted="0" notRunnable="0" notExecuted="0" disconnected="0" warning="0" completed="0" inProgress="0" pending="0" />
  </ResultSummary>
  <Times creation="2011-05-18T00:08:39.1093750-07:00" queuing="2011-05-18T00:08:39.2812500-07:00" start="2011-05-18T00:08:39.2812500-07:00" finish="2011-05-18T00:08:39.5625000-07:00" />
  <TestDefinitions>
    <UnitTest name="FullAdderTest" storage="c:\development\source\csharp\fulladder\fulladder\logictestertests\bin\debug\logictestertests.dll" id="6c9c601d-b41d-44b3-1e9b-555a73cb47fe">
      <Css projectStructure="" iteration="" />
      <Owners>
        <Owner name="" />
      </Owners>
      <Execution id="d51aacac-08eb-43db-8543-625d5a31e12b" />
      <TestMethod codeBase="C:\Development\SOURCE\csharp\FullAdder\FullAdder\LogicTesterTests\bin\Debug\LogicTesterTests.dll" adapterTypeName="Microsoft.VisualStudio.TestTools.TestTypes.Unit.UnitTestAdapter, Microsoft.VisualStudio.QualityTools.Tips.UnitTest.Adapter, Version=9.0.0.0, Culture=neutral, PublicKeyToken=b03f5f7f11d50a3a" className="LogicTesterTests.UnitTest1, LogicTesterTests" name="FullAdderTest" />
    </UnitTest>
    <UnitTest name="NandGateTest" storage="c:\development\source\csharp\fulladder\fulladder\logictestertests\bin\debug\logictestertests.dll" id="c031c565-6302-0be6-9149-6bfe1f7bb02a">
      <Css projectStructure="" iteration="" />
      <Owners>
        <Owner name="" />
      </Owners>
      <Execution id="285bd315-f201-4112-9e28-ee210a4930a4" />
      <TestMethod codeBase="C:\Development\SOURCE\csharp\FullAdder\FullAdder\LogicTesterTests\bin\Debug\LogicTesterTests.dll" adapterTypeName="Microsoft.VisualStudio.TestTools.TestTypes.Unit.UnitTestAdapter, Microsoft.VisualStudio.QualityTools.Tips.UnitTest.Adapter, Version=9.0.0.0, Culture=neutral, PublicKeyToken=b03f5f7f11d50a3a" className="LogicTesterTests.UnitTest1, LogicTesterTests" name="NandGateTest" />
    </UnitTest>
    <UnitTest name="XNorGateTest" storage="c:\development\source\csharp\fulladder\fulladder\logictestertests\bin\debug\logictestertests.dll" id="efad0dfd-cb53-2114-2d16-bd49f479f5c6">
      <Css projectStructure="" iteration="" />
      <Owners>
        <Owner name="" />
      </Owners>
      <Execution id="a438a787-343f-4292-8747-3948fa22470d" />
      <TestMethod codeBase="C:\Development\SOURCE\csharp\FullAdder\FullAdder\LogicTesterTests\bin\Debug\LogicTesterTests.dll" adapterTypeName="Microsoft.VisualStudio.TestTools.TestTypes.Unit.UnitTestAdapter, Microsoft.VisualStudio.QualityTools.Tips.UnitTest.Adapter, Version=9.0.0.0, Culture=neutral, PublicKeyToken=b03f5f7f11d50a3a" className="LogicTesterTests.UnitTest1, LogicTesterTests" name="XNorGateTest" />
    </UnitTest>
    <UnitTest name="NorGateTest" storage="c:\development\source\csharp\fulladder\fulladder\logictestertests\bin\debug\logictestertests.dll" id="7c71e9f6-5570-b8df-2108-bae1915e7253">
      <Css projectStructure="" iteration="" />
      <Owners>
        <Owner name="" />
      </Owners>
      <Execution id="42f67d4a-9248-4142-a0ca-64b7ec05d318" />
      <TestMethod codeBase="C:\Development\SOURCE\csharp\FullAdder\FullAdder\LogicTesterTests\bin\Debug\LogicTesterTests.dll" adapterTypeName="Microsoft.VisualStudio.TestTools.TestTypes.Unit.UnitTestAdapter, Microsoft.VisualStudio.QualityTools.Tips.UnitTest.Adapter, Version=9.0.0.0, Culture=neutral, PublicKeyToken=b03f5f7f11d50a3a" className="LogicTesterTests.UnitTest1, LogicTesterTests" name="NorGateTest" />
    </UnitTest>
    <UnitTest name="HalfAdderTest" storage="c:\development\source\csharp\fulladder\fulladder\logictestertests\bin\debug\logictestertests.dll" id="072bf740-371e-c164-b73a-fdc0a7e2da2c">
      <Css projectStructure="" iteration="" />
      <Owners>
        <Owner name="" />
      </Owners>
      <Execution id="d7c2205d-39d9-4a3b-9828-69a3e4bf6c93" />
      <TestMethod codeBase="C:\Development\SOURCE\csharp\FullAdder\FullAdder\LogicTesterTests\bin\Debug\LogicTesterTests.dll" adapterTypeName="Microsoft.VisualStudio.TestTools.TestTypes.Unit.UnitTestAdapter, Microsoft.VisualStudio.QualityTools.Tips.UnitTest.Adapter, Version=9.0.0.0, Culture=neutral, PublicKeyToken=b03f5f7f11d50a3a" className="LogicTesterTests.UnitTest1, LogicTesterTests" name="HalfAdderTest" />
    </UnitTest>
    <UnitTest name="AndGateTest" storage="c:\development\source\csharp\fulladder\fulladder\logictestertests\bin\debug\logictestertests.dll" id="af0870e0-0ae8-f415-0418-26a7a37b8c0a">
      <Css projectStructure="" iteration="" />
      <Owners>
        <Owner name="" />
      </Owners>
      <Execution id="098330a6-cac7-49ee-8076-1865eb70d803" />
      <TestMethod codeBase="C:\Development\SOURCE\csharp\FullAdder\FullAdder\LogicTesterTests\bin\Debug\LogicTesterTests.dll" adapterTypeName="Microsoft.VisualStudio.TestTools.TestTypes.Unit.UnitTestAdapter, Microsoft.VisualStudio.QualityTools.Tips.UnitTest.Adapter, Version=9.0.0.0, Culture=neutral, PublicKeyToken=b03f5f7f11d50a3a" className="LogicTesterTests.UnitTest1, LogicTesterTests" name="AndGateTest" />
    </UnitTest>
    <UnitTest name="OrGateTest" storage="c:\development\source\csharp\fulladder\fulladder\logictestertests\bin\debug\logictestertests.dll" id="52f554cd-a462-eefe-ed35-c68aceab2883">
      <Css projectStructure="" iteration="" />
      <Owners>
        <Owner name="" />
      </Owners>
      <Execution id="837df464-4b24-452b-a8e1-d214ad007ab5" />
      <TestMethod codeBase="C:\Development\SOURCE\csharp\FullAdder\FullAdder\LogicTesterTests\bin\Debug\LogicTesterTests.dll" adapterTypeName="Microsoft.VisualStudio.TestTools.TestTypes.Unit.UnitTestAdapter, Microsoft.VisualStudio.QualityTools.Tips.UnitTest.Adapter, Version=9.0.0.0, Culture=neutral, PublicKeyToken=b03f5f7f11d50a3a" className="LogicTesterTests.UnitTest1, LogicTesterTests" name="OrGateTest" />
    </UnitTest>
    <UnitTest name="XorGateTest" storage="c:\development\source\csharp\fulladder\fulladder\logictestertests\bin\debug\logictestertests.dll" id="718b49a0-52da-c1c1-8133-46f89a1eb2f7">
      <Css projectStructure="" iteration="" />
      <Owners>
        <Owner name="" />
      </Owners>
      <Execution id="1b72a400-c53d-4673-9e80-69e16552071e" />
      <TestMethod codeBase="C:\Development\SOURCE\csharp\FullAdder\FullAdder\LogicTesterTests\bin\Debug\LogicTesterTests.dll" adapterTypeName="Microsoft.VisualStudio.TestTools.TestTypes.Unit.UnitTestAdapter, Microsoft.VisualStudio.QualityTools.Tips.UnitTest.Adapter, Version=9.0.0.0, Culture=neutral, PublicKeyToken=b03f5f7f11d50a3a" className="LogicTesterTests.UnitTest1, LogicTesterTests" name="XorGateTest" />
    </UnitTest>
  </TestDefinitions>
  <TestLists>
    <TestList name="Results Not in a List" id="8c84fa94-04c1-424b-9868-57a2d4851a1d" />
    <TestList name="All Loaded Results" id="19431567-8539-422a-85d7-44ee4e166bda" />
  </TestLists>
  <TestEntries>
    <TestEntry testId="072bf740-371e-c164-b73a-fdc0a7e2da2c" executionId="d7c2205d-39d9-4a3b-9828-69a3e4bf6c93" testListId="8c84fa94-04c1-424b-9868-57a2d4851a1d" />
    <TestEntry testId="52f554cd-a462-eefe-ed35-c68aceab2883" executionId="837df464-4b24-452b-a8e1-d214ad007ab5" testListId="8c84fa94-04c1-424b-9868-57a2d4851a1d" />
    <TestEntry testId="6c9c601d-b41d-44b3-1e9b-555a73cb47fe" executionId="d51aacac-08eb-43db-8543-625d5a31e12b" testListId="8c84fa94-04c1-424b-9868-57a2d4851a1d" />
    <TestEntry testId="718b49a0-52da-c1c1-8133-46f89a1eb2f7" executionId="1b72a400-c53d-4673-9e80-69e16552071e" testListId="8c84fa94-04c1-424b-9868-57a2d4851a1d" />
    <TestEntry testId="7c71e9f6-5570-b8df-2108-bae1915e7253" executionId="42f67d4a-9248-4142-a0ca-64b7ec05d318" testListId="8c84fa94-04c1-424b-9868-57a2d4851a1d" />
    <TestEntry testId="af0870e0-0ae8-f415-0418-26a7a37b8c0a" executionId="098330a6-cac7-49ee-8076-1865eb70d803" testListId="8c84fa94-04c1-424b-9868-57a2d4851a1d" />
    <TestEntry testId="c031c565-6302-0be6-9149-6bfe1f7bb02a" executionId="285bd315-f201-4112-9e28-ee210a4930a4" testListId="8c84fa94-04c1-424b-9868-57a2d4851a1d" />
    <TestEntry testId="efad0dfd-cb53-2114-2d16-bd49f479f5c6" executionId="a438a787-343f-4292-8747-3948fa22470d" testListId="8c84fa94-04c1-424b-9868-57a2d4851a1d" />
  </TestEntries>
  <Results>
    <UnitTestResult executionId="d7c2205d-39d9-4a3b-9828-69a3e4bf6c93" testId="072bf740-371e-c164-b73a-fdc0a7e2da2c" testName="HalfAdderTest" computerName="THEDEN2" duration="00:00:00.0103876" startTime="2011-05-18T00:08:39.2812500-07:00" endTime="2011-05-18T00:08:39.5312500-07:00" testType="13cdc9d9-ddb5-4fa4-a97d-d965ccfc6d4b" outcome="Passed" testListId="8c84fa94-04c1-424b-9868-57a2d4851a1d">
      <Output>
      </Output>
    </UnitTestResult>
    <UnitTestResult executionId="837df464-4b24-452b-a8e1-d214ad007ab5" testId="52f554cd-a462-eefe-ed35-c68aceab2883" testName="OrGateTest" computerName="THEDEN2" duration="00:00:00.0018840" startTime="2011-05-18T00:08:39.5312500-07:00" endTime="2011-05-18T00:08:39.5312500-07:00" testType="13cdc9d9-ddb5-4fa4-a97d-d965ccfc6d4b" outcome="Passed" testListId="8c84fa94-04c1-424b-9868-57a2d4851a1d">
      <Output>
      </Output>
    </UnitTestResult>
    <UnitTestResult executionId="d51aacac-08eb-43db-8543-625d5a31e12b" testId="6c9c601d-b41d-44b3-1e9b-555a73cb47fe" testName="FullAdderTest" computerName="THEDEN2" duration="00:00:00.0019048" startTime="2011-05-18T00:08:39.5312500-07:00" endTime="2011-05-18T00:08:39.5312500-07:00" testType="13cdc9d9-ddb5-4fa4-a97d-d965ccfc6d4b" outcome="Passed" testListId="8c84fa94-04c1-424b-9868-57a2d4851a1d">
      <Output>
      </Output>
    </UnitTestResult>
    <UnitTestResult executionId="1b72a400-c53d-4673-9e80-69e16552071e" testId="718b49a0-52da-c1c1-8133-46f89a1eb2f7" testName="XorGateTest" computerName="THEDEN2" duration="00:00:00.0011380" startTime="2011-05-18T00:08:39.5468750-07:00" endTime="2011-05-18T00:08:39.5468750-07:00" testType="13cdc9d9-ddb5-4fa4-a97d-d965ccfc6d4b" outcome="Passed" testListId="8c84fa94-04c1-424b-9868-57a2d4851a1d">
      <Output>
      </Output>
    </UnitTestResult>
    <UnitTestResult executionId="42f67d4a-9248-4142-a0ca-64b7ec05d318" testId="7c71e9f6-5570-b8df-2108-bae1915e7253" testName="NorGateTest" computerName="THEDEN2" duration="00:00:00.0014428" startTime="2011-05-18T00:08:39.5468750-07:00" endTime="2011-05-18T00:08:39.5468750-07:00" testType="13cdc9d9-ddb5-4fa4-a97d-d965ccfc6d4b" outcome="Passed" testListId="8c84fa94-04c1-424b-9868-57a2d4851a1d">
      <Output>
      </Output>
    </UnitTestResult>
    <UnitTestResult executionId="098330a6-cac7-49ee-8076-1865eb70d803" testId="af0870e0-0ae8-f415-0418-26a7a37b8c0a" testName="AndGateTest" computerName="THEDEN2" duration="00:00:00.0010137" startTime="2011-05-18T00:08:39.5468750-07:00" endTime="2011-05-18T00:08:39.5468750-07:00" testType="13cdc9d9-ddb5-4fa4-a97d-d965ccfc6d4b" outcome="Passed" testListId="8c84fa94-04c1-424b-9868-57a2d4851a1d">
      <Output>
      </Output>
    </UnitTestResult>
    <UnitTestResult executionId="285bd315-f201-4112-9e28-ee210a4930a4" testId="c031c565-6302-0be6-9149-6bfe1f7bb02a" testName="NandGateTest" computerName="THEDEN2" duration="00:00:00.0010128" startTime="2011-05-18T00:08:39.5468750-07:00" endTime="2011-05-18T00:08:39.5625000-07:00" testType="13cdc9d9-ddb5-4fa4-a97d-d965ccfc6d4b" outcome="Passed" testListId="8c84fa94-04c1-424b-9868-57a2d4851a1d">
      <Output>
      </Output>
    </UnitTestResult>
    <UnitTestResult executionId="a438a787-343f-4292-8747-3948fa22470d" testId="efad0dfd-cb53-2114-2d16-bd49f479f5c6" testName="XNorGateTest" computerName="THEDEN2" duration="00:00:00.0010086" startTime="2011-05-18T00:08:39.5625000-07:00" endTime="2011-05-18T00:08:39.5625000-07:00" testType="13cdc9d9-ddb5-4fa4-a97d-d965ccfc6d4b" outcome="Passed" testListId="8c84fa94-04c1-424b-9868-57a2d4851a1d">
      <Output>
      </Output>
    </UnitTestResult>
  </Results>
</TestRun>