<?xml version="1.0" encoding="UTF-8"?>
<TestRun id="0878a3b7-f647-4ee1-a5c3-9fb3a37811c7" name="Richard.King@RICHARDK01 2012-11-16 11:15:01" runUser="CORP\Richard.King" xmlns="http://microsoft.com/schemas/VisualStudio/TeamTest/2010">
  <TestSettings name="Local" id="71740025-2c18-4d46-b8c3-d5d14a35a5be">
    <Description>These are default test settings for a local test run.</Description>
    <Deployment userDeploymentRoot="C:\Volatile\Source\csharp\MarshallingBinaryXferExample\TestResults" useDefaultDeploymentRoot="false" enabled="false" runDeploymentRoot="Richard.King_RICHARDK01 2012-11-16 11_15_01">
      <DeploymentItem filename="C:\Volatile\Source\csharp\MarshallingBinaryXferExample\CsharpToCSharpMarshall\bin\Debug\CsharpToCSharpMarshall.exe" />
    </Deployment>
    <Execution>
      <TestTypeSpecific />
      <AgentRule name="Execution Agents">
      </AgentRule>
    </Execution>
  </TestSettings>
  <Times creation="2012-11-16T11:15:01.3868973-08:00" queuing="2012-11-16T11:15:01.4868973-08:00" start="2012-11-16T11:15:01.4968973-08:00" finish="2012-11-16T11:15:06.2988973-08:00" />
  <ResultSummary outcome="Completed">
    <Counters total="4" executed="4" passed="4" error="0" failed="0" timeout="0" aborted="0" inconclusive="0" passedButRunAborted="0" notRunnable="0" notExecuted="0" disconnected="0" warning="0" completed="0" inProgress="0" pending="0" />
  </ResultSummary>
  <TestDefinitions>
    <UnitTest name="BlankStringTest" storage="c:\volatile\source\csharp\marshallingbinaryxferexample\csharptocsharpmarshaluts\bin\debug\csharptocsharpmarshaluts.dll" id="c61bdcc6-767c-c7a5-e637-36111bfbcfc5">
      <Execution id="c2a0a08a-d014-4c03-9c90-6e7da1f25409" />
      <TestMethod codeBase="C:/Volatile/Source/csharp/MarshallingBinaryXferExample/CSharpToCSharpMarshalUTs/bin/Debug/CSharpToCSharpMarshalUTs.DLL" adapterTypeName="Microsoft.VisualStudio.TestTools.TestTypes.Unit.UnitTestAdapter, Microsoft.VisualStudio.QualityTools.Tips.UnitTest.Adapter, Version=10.0.0.0, Culture=neutral, PublicKeyToken=b03f5f7f11d50a3a" className="CSharpToCSharpMarshalUTs.CSharpToCSharpMarshalUTs, CSharpToCSharpMarshalUTs, Version=1.0.0.0, Culture=neutral, PublicKeyToken=null" name="BlankStringTest" />
    </UnitTest>
    <UnitTest name="NullArrayTest" storage="c:\volatile\source\csharp\marshallingbinaryxferexample\csharptocsharpmarshaluts\bin\debug\csharptocsharpmarshaluts.dll" id="bd3836dc-d1b1-1958-00cf-3bb5a42d07cc">
      <Execution id="288c4c14-728e-4d38-8347-059e0eb9700f" />
      <TestMethod codeBase="C:/Volatile/Source/csharp/MarshallingBinaryXferExample/CSharpToCSharpMarshalUTs/bin/Debug/CSharpToCSharpMarshalUTs.DLL" adapterTypeName="Microsoft.VisualStudio.TestTools.TestTypes.Unit.UnitTestAdapter, Microsoft.VisualStudio.QualityTools.Tips.UnitTest.Adapter, Version=10.0.0.0, Culture=neutral, PublicKeyToken=b03f5f7f11d50a3a" className="CSharpToCSharpMarshalUTs.CSharpToCSharpMarshalUTs, CSharpToCSharpMarshalUTs, Version=1.0.0.0, Culture=neutral, PublicKeyToken=null" name="NullArrayTest" />
    </UnitTest>
    <UnitTest name="LargerScale_20K" storage="c:\volatile\source\csharp\marshallingbinaryxferexample\csharptocsharpmarshaluts\bin\debug\csharptocsharpmarshaluts.dll" id="8089c72e-abca-b221-7322-533c78370018">
      <Execution id="cf58bc81-628f-4865-b633-920fb58516cd" />
      <TestMethod codeBase="C:/Volatile/Source/csharp/MarshallingBinaryXferExample/CSharpToCSharpMarshalUTs/bin/Debug/CSharpToCSharpMarshalUTs.DLL" adapterTypeName="Microsoft.VisualStudio.TestTools.TestTypes.Unit.UnitTestAdapter, Microsoft.VisualStudio.QualityTools.Tips.UnitTest.Adapter, Version=10.0.0.0, Culture=neutral, PublicKeyToken=b03f5f7f11d50a3a" className="CSharpToCSharpMarshalUTs.CSharpToCSharpMarshalUTs, CSharpToCSharpMarshalUTs, Version=1.0.0.0, Culture=neutral, PublicKeyToken=null" name="LargerScale_20K" />
    </UnitTest>
    <UnitTest name="SimpleEndToEnd" storage="c:\volatile\source\csharp\marshallingbinaryxferexample\csharptocsharpmarshaluts\bin\debug\csharptocsharpmarshaluts.dll" id="6d4500fb-ce28-866f-339c-599b035189fe">
      <Execution id="096df28a-2869-4905-b400-b8808cd08415" />
      <TestMethod codeBase="C:/Volatile/Source/csharp/MarshallingBinaryXferExample/CSharpToCSharpMarshalUTs/bin/Debug/CSharpToCSharpMarshalUTs.DLL" adapterTypeName="Microsoft.VisualStudio.TestTools.TestTypes.Unit.UnitTestAdapter, Microsoft.VisualStudio.QualityTools.Tips.UnitTest.Adapter, Version=10.0.0.0, Culture=neutral, PublicKeyToken=b03f5f7f11d50a3a" className="CSharpToCSharpMarshalUTs.CSharpToCSharpMarshalUTs, CSharpToCSharpMarshalUTs, Version=1.0.0.0, Culture=neutral, PublicKeyToken=null" name="SimpleEndToEnd" />
    </UnitTest>
  </TestDefinitions>
  <TestLists>
    <TestList name="Results Not in a List" id="8c84fa94-04c1-424b-9868-57a2d4851a1d" />
    <TestList name="All Loaded Results" id="19431567-8539-422a-85d7-44ee4e166bda" />
  </TestLists>
  <TestEntries>
    <TestEntry testId="c61bdcc6-767c-c7a5-e637-36111bfbcfc5" executionId="c2a0a08a-d014-4c03-9c90-6e7da1f25409" testListId="8c84fa94-04c1-424b-9868-57a2d4851a1d" />
    <TestEntry testId="8089c72e-abca-b221-7322-533c78370018" executionId="cf58bc81-628f-4865-b633-920fb58516cd" testListId="8c84fa94-04c1-424b-9868-57a2d4851a1d" />
    <TestEntry testId="bd3836dc-d1b1-1958-00cf-3bb5a42d07cc" executionId="288c4c14-728e-4d38-8347-059e0eb9700f" testListId="8c84fa94-04c1-424b-9868-57a2d4851a1d" />
    <TestEntry testId="6d4500fb-ce28-866f-339c-599b035189fe" executionId="096df28a-2869-4905-b400-b8808cd08415" testListId="8c84fa94-04c1-424b-9868-57a2d4851a1d" />
  </TestEntries>
  <Results>
    <UnitTestResult executionId="c2a0a08a-d014-4c03-9c90-6e7da1f25409" testId="c61bdcc6-767c-c7a5-e637-36111bfbcfc5" testName="BlankStringTest" computerName="RICHARDK01" duration="00:00:00.0231432" startTime="2012-11-16T11:15:01.5038973-08:00" endTime="2012-11-16T11:15:01.8228973-08:00" testType="13cdc9d9-ddb5-4fa4-a97d-d965ccfc6d4b" outcome="Passed" testListId="8c84fa94-04c1-424b-9868-57a2d4851a1d" relativeResultsDirectory="c2a0a08a-d014-4c03-9c90-6e7da1f25409">
      <Output>
        <StdOut>MIV byte buffer dump
02 00 00 00 01 00 02 00 00 00 00 00 00 00 00 00 
                                                

05 00 00 00 00 00 00 00 00 9D 44 BA CF 45 92 CF 
                              D  º  Ï  E     Ï  

88 01 06 00 07 00 00 00 00 00 00 00 08 00 00 00 
                                                

00 09 00 0A 00 00 00 00 00 00 00 02 00 03 00 00 
   	     
                                      

00 00 00 00 00 00 00 06 00 00 00 00 00 00 00 00 
                                                

9D 44 BA CF 45 92 CF 88 01 07 00 08 00 00 00 00 
   D  º  Ï  E     Ï                             

00 00 00 09 00 00 00 00 0A 00 0B 00 00 00 00 00 
         	              
     &#xB;                 

ItemStatus byte buffer dump
02 00 00 00 0B 00 0C 00 00 00 00 00 00 00 00 00 
            &#xB;     &#xC;                             

0D 00 00 00 00 00 00 00 00 0E 00 01 0C 00 0D 00 
                                   &#xC;          

00 00 00 00 00 00 00 00 0E 00 00 00 00 00 00 00</StdOut>
      </Output>
    </UnitTestResult>
    <UnitTestResult executionId="cf58bc81-628f-4865-b633-920fb58516cd" testId="8089c72e-abca-b221-7322-533c78370018" testName="LargerScale_20K" computerName="RICHARDK01" duration="00:00:04.0497385" startTime="2012-11-16T11:15:01.8278973-08:00" endTime="2012-11-16T11:15:05.8798973-08:00" testType="13cdc9d9-ddb5-4fa4-a97d-d965ccfc6d4b" outcome="Passed" testListId="8c84fa94-04c1-424b-9868-57a2d4851a1d" relativeResultsDirectory="cf58bc81-628f-4865-b633-920fb58516cd">
      <Output>
        <StdOut>5
5
5
5
5
5
5
5
5
5</StdOut>
      </Output>
    </UnitTestResult>
    <UnitTestResult executionId="288c4c14-728e-4d38-8347-059e0eb9700f" testId="bd3836dc-d1b1-1958-00cf-3bb5a42d07cc" testName="NullArrayTest" computerName="RICHARDK01" duration="00:00:00.0032405" startTime="2012-11-16T11:15:05.8858973-08:00" endTime="2012-11-16T11:15:05.8938973-08:00" testType="13cdc9d9-ddb5-4fa4-a97d-d965ccfc6d4b" outcome="Passed" testListId="8c84fa94-04c1-424b-9868-57a2d4851a1d" relativeResultsDirectory="288c4c14-728e-4d38-8347-059e0eb9700f">
      <Output>
        <StdOut>MIV buf dump:
02 00 00 00 01 00 02 00 00 00 00 00 00 00 00 00 
                                                

05 00 00 00 00 00 00 00 00 4D 81 2A D2 45 92 CF 
                           M        Ò  E     Ï  

88 01 06 00 07 00 00 00 00 00 00 00 08 00 00 00 
                                                

00 09 00 0A 00 00 00 00 00 00 00 02 00 03 00 00 
   	     
                                      

00 00 00 00 00 00 00 06 00 00 00 00 00 00 00 00 
                                                

4D 81 2A D2 45 92 CF 88 01 07 00 08 00 00 00 00 
M        Ò  E     Ï                             

00 00 00 09 00 00 00 00 0A 00 0B 00 00 00 00 00 
         	              
     &#xB;                 

ItemStatus buf dump:
02 00 00 00 0B 00 0C 00 00 00 00 00 00 00 00 00 
            &#xB;     &#xC;                             

0D 00 00 00 00 00 00 00 00 0E 00 01 0C 00 0D 00 
                                   &#xC;          

00 00 00 00 00 00 00 00 0E 00 00 00 00 00 00 00</StdOut>
      </Output>
    </UnitTestResult>
    <UnitTestResult executionId="096df28a-2869-4905-b400-b8808cd08415" testId="6d4500fb-ce28-866f-339c-599b035189fe" testName="SimpleEndToEnd" computerName="RICHARDK01" duration="00:00:00.0292858" startTime="2012-11-16T11:15:05.8988973-08:00" endTime="2012-11-16T11:15:05.9318973-08:00" testType="13cdc9d9-ddb5-4fa4-a97d-d965ccfc6d4b" outcome="Passed" testListId="8c84fa94-04c1-424b-9868-57a2d4851a1d" relativeResultsDirectory="096df28a-2869-4905-b400-b8808cd08415">
      <Output>
        <StdOut>64 00 00 00 01 00 02 00 16 00 00 00 74 65 73 74 
d                                   t  e  s  t  

69 6E 67 20 6E 61 6D 65 20 73 74 72 69 6E 67 20 
i  n  g     n  a  m  e     s  t  r  i  n  g     

23 33 1D 00 00 00 74 65 73 74 69 6E 67 20 63 6F 
   3              t  e  s  t  i  n  g     c  o  

6E 74 65 78 74 6E 61 6D 65 20 73 74 72 69 6E 67 
n  t  e  x  t  n  a  m  e     s  t  r  i  n  g  

20 23 34 05 00 00 00 00 00 00 00 00 FD 2E 2C D2 
      4                             ý        Ò  

45 92 CF 88 01 06 00 07 00 00 00 02 00 00 00 00 
E     Ï                                         

01 08 02 00 00 00 00 01 09 00 0A 00 00 00 02 00 
                        	     
                 

00 00 00 01 02 00 03 00 16 00 00 00 74 65 73 74 
                                    t  e  s  t  

69 6E 67 20 6E 61 6D 65 20 73 74 72 69 6E 67 20 
i  n  g     n  a  m  e     s  t  r  i  n  g     

23 34 1D 00 00 00 74 65 73 74 69 6E 67 20 63 6F 
   4              t  e  s  t  i  n  g     c  o  

6E 74 65 78 74 6E 61 6D 65 20 73 74 72 69 6E 67 
n  t  e  x  t  n  a  m  e     s  t  r  i  n  g  

20 23 35 06 00 00 00 00 00 00 00 00 FD 2E 2C D2 
      5                             ý        Ò  

45 92 CF 88 01 07 00 08 00 00 00 03 00 00 00 01 
E     Ï                                         

02 03 09 03 00 00 00 01 02 03 0A 00 0B 00 00 00 
      	                       
     &#xB;           

03 00 00 00 01 02 03 03 00 04 00 16 00 00 00 74 
                                             t  

65 73 74 69 6E 67 20 6E 61 6D 65 20 73 74 72 69 
e  s  t  i  n  g     n  a  m  e     s  t  r  i  

6E 67 20 23 35 1D 00 00 00 74 65 73 74 69 6E 67 
n  g        5              t  e  s  t  i  n  g  

20 63 6F 6E 74 65 78 74 6E 61 6D 65 20 73 74 72 
   c  o  n  t  e  x  t  n  a  m  e     s  t  r  

69 6E 67 20 23 36 07 00 00 00 00 00 00 00 00 FD 
i  n  g        6                             ý  

2E 2C D2 45 92 CF 88 01 08 00 09 00 00 00 04 00 
      Ò  E     Ï              	                 

00 00 02 03 04 05 0A 04 00 00 00 02 03 04 05 0B 
                  
                          &#xB;  

00 0C 00 00 00 04 00 00 00 02 03 04 05 04 00 05 
   &#xC;                                            

00 16 00 00 00 74 65 73 74 69 6E 67 20 6E 61 6D 
               t  e  s  t  i  n  g     n  a  m  

65 20 73 74 72 69 6E 67 20 23 36 1D 00 00 00 74 
e     s  t  r  i  n  g        6              t  

65 73 74 69 6E 67 20 63 6F 6E 74 65 78 74 6E 61 
e  s  t  i  n  g     c  o  n  t  e  x  t  n  a  

6D 65 20 73 74 72 69 6E 67 20 23 37 08 00 00 00 
m  e     s  t  r  i  n  g        7              

00 00 00 00 00 FD 2E 2C D2 45 92 CF 88 01 09 00 
               ý        Ò  E     Ï        	     

0A 00 00 00 05 00 00 00 03 04 05 06 07 0B 05 00 

                                      &#xB;        

00 00 03 04 05 06 07 0C 00 0D 00 00 00 05 00 00 
                     &#xC;                         

00 03 04 05 06 07 05 00 06 00 16 00 00 00 74 65 
                                          t  e  

73 74 69 6E 67 20 6E 61 6D 65 20 73 74 72 69 6E 
s  t  i  n  g     n  a  m  e     s  t  r  i  n  

67 20 23 37 1D 00 00 00 74 65 73 74 69 6E 67 20 
g        7              t  e  s  t  i  n  g     

63 6F 6E 74 65 78 74 6E 61 6D 65 20 73 74 72 69 
c  o  n  t  e  x  t  n  a  m  e     s  t  r  i  

6E 67 20 23 38 09 00 00 00 00 00 00 00 00 FD 2E 
n  g        8  	                          ý     

2C D2 45 92 CF 88 01 0A 00 0B 00 00 00 06 00 00 
   Ò  E     Ï        
     &#xB;                    

00 04 05 06 07 08 09 0C 06 00 00 00 04 05 06 07 
                  	  &#xC;                          

08 09 0D 00 0E 00 00 00 06 00 00 00 04 05 06 07 
   	                                           

08 09 06 00 07 00 16 00 00 00 74 65 73 74 69 6E 
   	                          t  e  s  t  i  n  

67 20 6E 61 6D 65 20 73 74 72 69 6E 67 20 23 38 
g     n  a  m  e     s  t  r  i  n  g        8  

1D 00 00 00 74 65 73 74 69 6E 67 20 63 6F 6E 74 
            t  e  s  t  i  n  g     c  o  n  t  

65 78 74 6E 61 6D 65 20 73 74 72 69 6E 67 20 23 
e  x  t  n  a  m  e     s  t  r  i  n  g        

39 0A 00 00 00 00 00 00 00 00 FD 2E 2C D2 45 92 
9  
                          ý        Ò  E     

CF 88 01 0B 00 0C 00 00 00 07 00 00 00 05 06 07 
Ï        &#xB;     &#xC;                                

08 09 0A 0B 0D 07 00 00 00 05 06 07 08 09 0A 0B 
   	  
  &#xB;                            	  
  &#xB;  

0E 00 0F 00 00 00 07 00 00 00 05 06 07 08 09 0A 
                                          	  
  

0B 07 00 08 00 16 00 00 00 74 65 73 74 69 6E 67 
&#xB;                          t  e  s  t  i  n  g  

20 6E 61 6D 65 20 73 74 72 69 6E 67 20 23 39 1E 
   n  a  m  e     s  t  r  i  n  g        9     

00 00 00 74 65 73 74 69 6E 67 20 63 6F 6E 74 65 
         t  e  s  t  i  n  g     c  o  n  t  e  

78 74 6E 61 6D 65 20 73 74 72 69 6E 67 20 23 31 
x  t  n  a  m  e     s  t  r  i  n  g        1  

30 0B 00 00 00 00 00 00 00 00 FD 2E 2C D2 45 92 
0  &#xB;                          ý        Ò  E     

CF 88 01 0C 00 0D 00 00 00 08 00 00 00 06 07 08 
Ï        &#xC;                                     

09 0A 0B 0C 0D 0E 08 00 00 00 06 07 08 09 0A 0B 
	  
  &#xB;  &#xC;                            	  
  &#xB;  

0C 0D 0F 00 10 00 00 00 08 00 00 00 06 07 08 09 
&#xC;                                           	  

0A 0B 0C 0D 08 00 09 00 17 00 00 00 74 65 73 74 

  &#xB;  &#xC;          	                 t  e  s  t  

69 6E 67 20 6E 61 6D 65 20 73 74 72 69 6E 67 20 
i  n  g     n  a  m  e     s  t  r  i  n  g     

23 31 30 1E 00 00 00 74 65 73 74 69 6E 67 20 63 
   1  0              t  e  s  t  i  n  g     c  

6F 6E 74 65 78 74 6E 61 6D 65 20 73 74 72 69 6E 
o  n  t  e  x  t  n  a  m  e     s  t  r  i  n  

67 20 23 31 31 0C 00 00 00 00 00 00 00 00 FD 2E 
g        1  1  &#xC;                          ý     

2C D2 45 92 CF 88 01 0D 00 0E 00 00 00 09 00 00 
   Ò  E     Ï                         	        

00 07 08 09 0A 0B 0C 0D 0E 0F 0F 09 00 00 00 07 
         	  
  &#xB;  &#xC;             	              

08 09 0A 0B 0C 0D 0E 0F 10 00 11 00 00 00 09 00 
   	  
  &#xB;  &#xC;                            	     

00 00 07 08 09 0A 0B 0C 0D 0E 0F 09 00 0A 00 17 
            	  
  &#xB;  &#xC;          	     
        

00 00 00 74 65 73 74 69 6E 67 20 6E 61 6D 65 20 
         t  e  s  t  i  n  g     n  a  m  e     

73 74 72 69 6E 67 20 23 31 31 1E 00 00 00 74 65 
s  t  r  i  n  g        1  1              t  e  

73 74 69 6E 67 20 63 6F 6E 74 65 78 74 6E 61 6D 
s  t  i  n  g     c  o  n  t  e  x  t  n  a  m  

65 20 73 74 72 69 6E 67 20 23 31 32 0D 00 00 00 
e     s  t  r  i  n  g        1  2             

00 00 00 00 00 FD 2E 2C D2 45 92 CF 88 01 0E 00 
               ý        Ò  E     Ï              

0F 00 00 00 0A 00 00 00 08 09 0A 0B 0C 0D 0E 0F 
            
              	  
  &#xB;  &#xC;          

10 11 10 0A 00 00 00 08 09 0A 0B 0C 0D 0E 0F 10 
         
              	  
  &#xB;  &#xC;             

11 11 00 12 00 00 00 0A 00 00 00 08 09 0A 0B 0C 
                     
              	  
  &#xB;  &#xC;  

0D 0E 0F 10 11 0A 00 0B 00 17 00 00 00 74 65 73 
              
     &#xB;                 t  e  s  

74 69 6E 67 20 6E 61 6D 65 20 73 74 72 69 6E 67 
t  i  n  g     n  a  m  e     s  t  r  i  n  g  

20 23 31 32 1E 00 00 00 74 65 73 74 69 6E 67 20 
      1  2              t  e  s  t  i  n  g     

63 6F 6E 74 65 78 74 6E 61 6D 65 20 73 74 72 69 
c  o  n  t  e  x  t  n  a  m  e     s  t  r  i  

6E 67 20 23 31 33 0E 00 00 00 00 00 00 00 00 FD 
n  g        1  3                             ý  

2E 2C D2 45 92 CF 88 01 0F 00 10 00 00 00 0B 00 
      Ò  E     Ï                          &#xB;     

00 00 09 0A 0B 0C 0D 0E 0F 10 11 12 13 11 0B 00 
      	  
  &#xB;  &#xC;                         &#xB;     

00 00 09 0A 0B 0C 0D 0E 0F 10 11 12 13 12 00 13 
      	  
  &#xB;  &#xC;                               

00 00 00 0B 00 00 00 09 0A 0B 0C 0D 0E 0F 10 11 
         &#xB;           	  
  &#xB;  &#xC;                

12 13 0B 00 0C 00 17 00 00 00 74 65 73 74 69 6E 
      &#xB;     &#xC;                 t  e  s  t  i  n  

67 20 6E 61 6D 65 20 73 74 72 69 6E 67 20 23 31 
g     n  a  m  e     s  t  r  i  n  g        1  

33 1E 00 00 00 74 65 73 74 69 6E 67 20 63 6F 6E 
3              t  e  s  t  i  n  g     c  o  n  

74 65 78 74 6E 61 6D 65 20 73 74 72 69 6E 67 20 
t  e  x  t  n  a  m  e     s  t  r  i  n  g     

23 31 34 0F 00 00 00 00 00 00 00 00 FD 2E 2C D2 
   1  4                             ý        Ò  

45 92 CF 88 01 10 00 11 00 00 00 0C 00 00 00 0A 
E     Ï                          &#xC;           
  

0B 0C 0D 0E 0F 10 11 12 13 14 15 12 0C 00 00 00 
&#xB;  &#xC;                               &#xC;           

0A 0B 0C 0D 0E 0F 10 11 12 13 14 15 13 00 14 00 

  &#xB;  &#xC;                                        

00 00 0C 00 00 00 0A 0B 0C 0D 0E 0F 10 11 12 13 
      &#xC;           
  &#xB;  &#xC;                      

14 15 0C 00 0D 00 17 00 00 00 74 65 73 74 69 6E 
      &#xC;                      t  e  s  t  i  n  

67 20 6E 61 6D 65 20 73 74 72 69 6E 67 20 23 31 
g     n  a  m  e     s  t  r  i  n  g        1  

34 1E 00 00 00 74 65 73 74 69 6E 67 20 63 6F 6E 
4              t  e  s  t  i  n  g     c  o  n  

74 65 78 74 6E 61 6D 65 20 73 74 72 69 6E 67 20 
t  e  x  t  n  a  m  e     s  t  r  i  n  g     

23 31 35 10 00 00 00 00 00 00 00 00 FD 2E 2C D2 
   1  5                             ý        Ò  

45 92 CF 88 01 11 00 12 00 00 00 0D 00 00 00 0B 
E     Ï                                     &#xB;  

0C 0D 0E 0F 10 11 12 13 14 15 16 17 13 0D 00 00 
&#xC;                                             

00 0B 0C 0D 0E 0F 10 11 12 13 14 15 16 17 14 00 
   &#xB;  &#xC;                                        

15 00 00 00 0D 00 00 00 0B 0C 0D 0E 0F 10 11 12 
                       &#xB;  &#xC;                   

13 14 15 16 17 0D 00 0E 00 17 00 00 00 74 65 73 
                                      t  e  s  

74 69 6E 67 20 6E 61 6D 65 20 73 74 72 69 6E 67 
t  i  n  g     n  a  m  e     s  t  r  i  n  g  

20 23 31 35 1E 00 00 00 74 65 73 74 69 6E 67 20 
      1  5              t  e  s  t  i  n  g     

63 6F 6E 74 65 78 74 6E 61 6D 65 20 73 74 72 69 
c  o  n  t  e  x  t  n  a  m  e     s  t  r  i  

6E 67 20 23 31 36 11 00 00 00 00 00 00 00 00 FD 
n  g        1  6                             ý  

2E 2C D2 45 92 CF 88 01 12 00 13 00 00 00 0E 00 
      Ò  E     Ï                                

00 00 0C 0D 0E 0F 10 11 12 13 14 15 16 17 18 19 
      &#xC;                                        

14 0E 00 00 00 0C 0D 0E 0F 10 11 12 13 14 15 16 
               &#xC;                               

17 18 19 15 00 16 00 00 00 0E 00 00 00 0C 0D 0E 
                                       &#xC;       

0F 10 11 12 13 14 15 16 17 18 19 0E 00 0F 00 17 
                                                

00 00 00 74 65 73 74 69 6E 67 20 6E 61 6D 65 20 
         t  e  s  t  i  n  g     n  a  m  e     

73 74 72 69 6E 67 20 23 31 36 1E 00 00 00 74 65 
s  t  r  i  n  g        1  6              t  e  

73 74 69 6E 67 20 63 6F 6E 74 65 78 74 6E 61 6D 
s  t  i  n  g     c  o  n  t  e  x  t  n  a  m  

65 20 73 74 72 69 6E 67 20 23 31 37 12 00 00 00 
e     s  t  r  i  n  g        1  7              

00 00 00 00 00 FD 2E 2C D2 45 92 CF 88 01 13 00 
               ý        Ò  E     Ï              

14 00 00 00 0F 00 00 00 0D 0E 0F 10 11 12 13 14 
                                               

15 16 17 18 19 1A 1B 15 0F 00 00 00 0D 0E 0F 10 
                                               

11 12 13 14 15 16 17 18 19 1A 1B 16 00 17 00 00 
                                                

00 0F 00 00 00 0D 0E 0F 10 11 12 13 14 15 16 17 
                                               

18 19 1A 1B 0F 00 10 00 17 00 00 00 74 65 73 74 
                                    t  e  s  t  

69 6E 67 20 6E 61 6D 65 20 73 74 72 69 6E 67 20 
i  n  g     n  a  m  e     s  t  r  i  n  g     

23 31 37 1E 00 00 00 74 65 73 74 69 6E 67 20 63 
   1  7              t  e  s  t  i  n  g     c  

6F 6E 74 65 78 74 6E 61 6D 65 20 73 74 72 69 6E 
o  n  t  e  x  t  n  a  m  e     s  t  r  i  n  

67 20 23 31 38 13 00 00 00 00 00 00 00 00 FD 2E 
g        1  8                             ý     

2C D2 45 92 CF 88 01 14 00 15 00 00 00 10 00 00 
   Ò  E     Ï                                   

00 0E 0F 10 11 12 13 14 15 16 17 18 19 1A 1B 1C 
                                                

1D 16 10 00 00 00 0E 0F 10 11 12 13 14 15 16 17 
                                                

18 19 1A 1B 1C 1D 17 00 18 00 00 00 10 00 00 00 
                                                

0E 0F 10 11 12 13 14 15 16 17 18 19 1A 1B 1C 1D 
                                                

10 00 11 00 17 00 00 00 74 65 73 74 69 6E 67 20 
                        t  e  s  t  i  n  g     

6E 61 6D 65 20 73 74 72 69 6E 67 20 23 31 38 1E 
n  a  m  e     s  t  r  i  n  g        1  8     

00 00 00 74 65 73 74 69 6E 67 20 63 6F 6E 74 65 
         t  e  s  t  i  n  g     c  o  n  t  e  

78 74 6E 61 6D 65 20 73 74 72 69 6E 67 20 23 31 
x  t  n  a  m  e     s  t  r  i  n  g        1  

39 14 00 00 00 00 00 00 00 00 FD 2E 2C D2 45 92 
9                             ý        Ò  E     

CF 88 01 15 00 16 00 00 00 11 00 00 00 0F 10 11 
Ï                                               

12 13 14 15 16 17 18 19 1A 1B 1C 1D 1E 1F 17 11 
                                                

00 00 00 0F 10 11 12 13 14 15 16 17 18 19 1A 1B 
                                                

1C 1D 1E 1F 18 00 19 00 00 00 11 00 00 00 0F 10 
                                                

11 12 13 14 15 16 17 18 19 1A 1B 1C 1D 1E 1F 11 
                                                

00 12 00 17 00 00 00 74 65 73 74 69 6E 67 20 6E 
                     t  e  s  t  i  n  g     n  

61 6D 65 20 73 74 72 69 6E 67 20 23 31 39 1E 00 
a  m  e     s  t  r  i  n  g        1  9        

00 00 74 65 73 74 69 6E 67 20 63 6F 6E 74 65 78 
      t  e  s  t  i  n  g     c  o  n  t  e  x  

74 6E 61 6D 65 20 73 74 72 69 6E 67 20 23 32 30 
t  n  a  m  e     s  t  r  i  n  g        2  0  

15 00 00 00 00 00 00 00 00 FD 2E 2C D2 45 92 CF 
                           ý        Ò  E     Ï  

88 01 16 00 17 00 00 00 12 00 00 00 10 11 12 13 
                                                

14 15 16 17 18 19 1A 1B 1C 1D 1E 1F 20 21 18 12 
                                                

00 00 00 10 11 12 13 14 15 16 17 18 19 1A 1B 1C 
                                                

1D 1E 1F 20 21 19 00 1A 00 00 00 12 00 00 00 10 
                                                

11 12 13 14 15 16 17 18 19 1A 1B 1C 1D 1E 1F 20 
                                                

21 12 00 13 00 17 00 00 00 74 65 73 74 69 6E 67 
                           t  e  s  t  i  n  g  

20 6E 61 6D 65 20 73 74 72 69 6E 67 20 23 32 30 
   n  a  m  e     s  t  r  i  n  g        2  0  

1E 00 00 00 74 65 73 74 69 6E 67 20 63 6F 6E 74 
            t  e  s  t  i  n  g     c  o  n  t  

65 78 74 6E 61 6D 65 20 73 74 72 69 6E 67 20 23 
e  x  t  n  a  m  e     s  t  r  i  n  g        

32 31 16 00 00 00 00 00 00 00 00 FD 2E 2C D2 45 
2  1                             ý        Ò  E  

92 CF 88 01 17 00 18 00 00 00 13 00 00 00 11 12 
   Ï                                            

13 14 15 16 17 18 19 1A 1B 1C 1D 1E 1F 20 21 22 
                                                

23 19 13 00 00 00 11 12 13 14 15 16 17 18 19 1A 
                                                

1B 1C 1D 1E 1F 20 21 22 23 1A 00 1B 00 00 00 13 
                                                

00 00 00 11 12 13 14 15 16 17 18 19 1A 1B 1C 1D 
                                                

1E 1F 20 21 22 23 13 00 14 00 17 00 00 00 74 65 
                                          t  e  

73 74 69 6E 67 20 6E 61 6D 65 20 73 74 72 69 6E 
s  t  i  n  g     n  a  m  e     s  t  r  i  n  

67 20 23 32 31 1E 00 00 00 74 65 73 74 69 6E 67 
g        2  1              t  e  s  t  i  n  g  

20 63 6F 6E 74 65 78 74 6E 61 6D 65 20 73 74 72 
   c  o  n  t  e  x  t  n  a  m  e     s  t  r  

69 6E 67 20 23 32 32 17 00 00 00 00 00 00 00 00 
i  n  g        2  2                             

FD 2E 2C D2 45 92 CF 88 01 18 00 19 00 00 00 14 
ý        Ò  E     Ï                             

00 00 00 12 13 14 15 16 17 18 19 1A 1B 1C 1D 1E 
                                                

1F 20 21 22 23 24 25 1A 14 00 00 00 12 13 14 15 
                                                

16 17 18 19 1A 1B 1C 1D 1E 1F 20 21 22 23 24 25 
                                                

1B 00 1C 00 00 00 14 00 00 00 12 13 14 15 16 17 
                                                

18 19 1A 1B 1C 1D 1E 1F 20 21 22 23 24 25 14 00 
                                                

15 00 17 00 00 00 74 65 73 74 69 6E 67 20 6E 61 
                  t  e  s  t  i  n  g     n  a  

6D 65 20 73 74 72 69 6E 67 20 23 32 32 1E 00 00 
m  e     s  t  r  i  n  g        2  2           

00 74 65 73 74 69 6E 67 20 63 6F 6E 74 65 78 74 
   t  e  s  t  i  n  g     c  o  n  t  e  x  t  

6E 61 6D 65 20 73 74 72 69 6E 67 20 23 32 33 18 
n  a  m  e     s  t  r  i  n  g        2  3     

00 00 00 00 00 00 00 00 FD 2E 2C D2 45 92 CF 88 
                        ý        Ò  E     Ï     

01 19 00 1A 00 00 00 15 00 00 00 13 14 15 16 17 
                                                

18 19 1A 1B 1C 1D 1E 1F 20 21 22 23 24 25 26 27 
                                                

1B 15 00 00 00 13 14 15 16 17 18 19 1A 1B 1C 1D 
                                                

1E 1F 20 21 22 23 24 25 26 27 1C 00 1D 00 00 00 
                                                

15 00 00 00 13 14 15 16 17 18 19 1A 1B 1C 1D 1E 
                                                

1F 20 21 22 23 24 25 26 27 15 00 16 00 17 00 00 
                                                

00 74 65 73 74 69 6E 67 20 6E 61 6D 65 20 73 74 
   t  e  s  t  i  n  g     n  a  m  e     s  t  

72 69 6E 67 20 23 32 33 1E 00 00 00 74 65 73 74 
r  i  n  g        2  3              t  e  s  t  

69 6E 67 20 63 6F 6E 74 65 78 74 6E 61 6D 65 20 
i  n  g     c  o  n  t  e  x  t  n  a  m  e     

73 74 72 69 6E 67 20 23 32 34 19 00 00 00 00 00 
s  t  r  i  n  g        2  4                    

00 00 00 FD 2E 2C D2 45 92 CF 88 01 1A 00 1B 00 
         ý        Ò  E     Ï                    

00 00 16 00 00 00 14 15 16 17 18 19 1A 1B 1C 1D 
                                                

1E 1F 20 21 22 23 24 25 26 27 28 29 1C 16 00 00 
                                                

00 14 15 16 17 18 19 1A 1B 1C 1D 1E 1F 20 21 22 
                                                

23 24 25 26 27 28 29 1D 00 1E 00 00 00 16 00 00 
                                                

00 14 15 16 17 18 19 1A 1B 1C 1D 1E 1F 20 21 22 
                                                

23 24 25 26 27 28 29 16 00 17 00 17 00 00 00 74 
                                             t  

65 73 74 69 6E 67 20 6E 61 6D 65 20 73 74 72 69 
e  s  t  i  n  g     n  a  m  e     s  t  r  i  

6E 67 20 23 32 34 1E 00 00 00 74 65 73 74 69 6E 
n  g        2  4              t  e  s  t  i  n  

67 20 63 6F 6E 74 65 78 74 6E 61 6D 65 20 73 74 
g     c  o  n  t  e  x  t  n  a  m  e     s  t  

72 69 6E 67 20 23 32 35 1A 00 00 00 00 00 00 00 
r  i  n  g        2  5                          

00 FD 2E 2C D2 45 92 CF 88 01 1B 00 1C 00 00 00 
   ý        Ò  E     Ï                          

17 00 00 00 15 16 17 18 19 1A 1B 1C 1D 1E 1F 20 
                                                

21 22 23 24 25 26 27 28 29 2A 2B 1D 17 00 00 00 
                                                

15 16 17 18 19 1A 1B 1C 1D 1E 1F 20 21 22 23 24 
                                                

25 26 27 28 29 2A 2B 1E 00 1F 00 00 00 17 00 00 
                                                

00 15 16 17 18 19 1A 1B 1C 1D 1E 1F 20 21 22 23 
                                                

24 25 26 27 28 29 2A 2B 17 00 18 00 17 00 00 00 
                                                

74 65 73 74 69 6E 67 20 6E 61 6D 65 20 73 74 72 
t  e  s  t  i  n  g     n  a  m  e     s  t  r  

69 6E 67 20 23 32 35 1E 00 00 00 74 65 73 74 69 
i  n  g        2  5              t  e  s  t  i  

6E 67 20 63 6F 6E 74 65 78 74 6E 61 6D 65 20 73 
n  g     c  o  n  t  e  x  t  n  a  m  e     s  

74 72 69 6E 67 20 23 32 36 1B 00 00 00 00 00 00 
t  r  i  n  g        2  6                       

00 00 FD 2E 2C D2 45 92 CF 88 01 1C 00 1D 00 00 
      ý        Ò  E     Ï                       

00 18 00 00 00 16 17 18 19 1A 1B 1C 1D 1E 1F 20 
                                                

21 22 23 24 25 26 27 28 29 2A 2B 2C 2D 1E 18 00 
                                                

00 00 16 17 18 19 1A 1B 1C 1D 1E 1F 20 21 22 23 
                                                

24 25 26 27 28 29 2A 2B 2C 2D 1F 00 20 00 00 00 
                                                

18 00 00 00 16 17 18 19 1A 1B 1C 1D 1E 1F 20 21 
                                                

22 23 24 25 26 27 28 29 2A 2B 2C 2D 18 00 19 00 
                                                

17 00 00 00 74 65 73 74 69 6E 67 20 6E 61 6D 65 
            t  e  s  t  i  n  g     n  a  m  e  

20 73 74 72 69 6E 67 20 23 32 36 1E 00 00 00 74 
   s  t  r  i  n  g        2  6              t  

65 73 74 69 6E 67 20 63 6F 6E 74 65 78 74 6E 61 
e  s  t  i  n  g     c  o  n  t  e  x  t  n  a  

6D 65 20 73 74 72 69 6E 67 20 23 32 37 1C 00 00 
m  e     s  t  r  i  n  g        2  7           

00 00 00 00 00 00 FD 2E 2C D2 45 92 CF 88 01 1D 
                  ý        Ò  E     Ï           

00 1E 00 00 00 19 00 00 00 17 18 19 1A 1B 1C 1D 
                                                

1E 1F 20 21 22 23 24 25 26 27 28 29 2A 2B 2C 2D 
                                                

2E 2F 1F 19 00 00 00 17 18 19 1A 1B 1C 1D 1E 1F 
                                                

20 21 22 23 24 25 26 27 28 29 2A 2B 2C 2D 2E 2F 
                                                

20 00 21 00 00 00 19 00 00 00 17 18 19 1A 1B 1C 
                                                

1D 1E 1F 20 21 22 23 24 25 26 27 28 29 2A 2B 2C 
                                                

2D 2E 2F 19 00 1A 00 17 00 00 00 74 65 73 74 69 
                                 t  e  s  t  i  

6E 67 20 6E 61 6D 65 20 73 74 72 69 6E 67 20 23 
n  g     n  a  m  e     s  t  r  i  n  g        

32 37 1E 00 00 00 74 65 73 74 69 6E 67 20 63 6F 
2  7              t  e  s  t  i  n  g     c  o  

6E 74 65 78 74 6E 61 6D 65 20 73 74 72 69 6E 67 
n  t  e  x  t  n  a  m  e     s  t  r  i  n  g  

20 23 32 38 1D 00 00 00 00 00 00 00 00 FD 2E 2C 
      2  8                             ý        

D2 45 92 CF 88 01 1E 00 1F 00 00 00 1A 00 00 00 
Ò  E     Ï                                      

18 19 1A 1B 1C 1D 1E 1F 20 21 22 23 24 25 26 27 
                                                

28 29 2A 2B 2C 2D 2E 2F 30 31 20 1A 00 00 00 18 
                        0  1                    

19 1A 1B 1C 1D 1E 1F 20 21 22 23 24 25 26 27 28 
                                                

29 2A 2B 2C 2D 2E 2F 30 31 21 00 22 00 00 00 1A 
                     0  1                       

00 00 00 18 19 1A 1B 1C 1D 1E 1F 20 21 22 23 24 
                                                

25 26 27 28 29 2A 2B 2C 2D 2E 2F 30 31 1A 00 1B 
                                 0  1           

00 17 00 00 00 74 65 73 74 69 6E 67 20 6E 61 6D 
               t  e  s  t  i  n  g     n  a  m  

65 20 73 74 72 69 6E 67 20 23 32 38 1E 00 00 00 
e     s  t  r  i  n  g        2  8              

74 65 73 74 69 6E 67 20 63 6F 6E 74 65 78 74 6E 
t  e  s  t  i  n  g     c  o  n  t  e  x  t  n  

61 6D 65 20 73 74 72 69 6E 67 20 23 32 39 1E 00 
a  m  e     s  t  r  i  n  g        2  9        

00 00 00 00 00 00 00 FD 2E 2C D2 45 92 CF 88 01 
                     ý        Ò  E     Ï        

1F 00 20 00 00 00 1B 00 00 00 19 1A 1B 1C 1D 1E 
                                                

1F 20 21 22 23 24 25 26 27 28 29 2A 2B 2C 2D 2E 
                                                

2F 30 31 32 33 21 1B 00 00 00 19 1A 1B 1C 1D 1E 
   0  1  2  3                                   

1F 20 21 22 23 24 25 26 27 28 29 2A 2B 2C 2D 2E 
                                                

2F 30 31 32 33 22 00 23 00 00 00 1B 00 00 00 19 
   0  1  2  3                                   

1A 1B 1C 1D 1E 1F 20 21 22 23 24 25 26 27 28 29 
                                                

2A 2B 2C 2D 2E 2F 30 31 32 33 1B 00 1C 00 17 00 
                  0  1  2  3                    

00 00 74 65 73 74 69 6E 67 20 6E 61 6D 65 20 73 
      t  e  s  t  i  n  g     n  a  m  e     s  

74 72 69 6E 67 20 23 32 39 1E 00 00 00 74 65 73 
t  r  i  n  g        2  9              t  e  s  

74 69 6E 67 20 63 6F 6E 74 65 78 74 6E 61 6D 65 
t  i  n  g     c  o  n  t  e  x  t  n  a  m  e  

20 73 74 72 69 6E 67 20 23 33 30 1F 00 00 00 00 
   s  t  r  i  n  g        3  0                 

00 00 00 00 FD 2E 2C D2 45 92 CF 88 01 20 00 21 
            ý        Ò  E     Ï                 

00 00 00 1C 00 00 00 1A 1B 1C 1D 1E 1F 20 21 22 
                                                

23 24 25 26 27 28 29 2A 2B 2C 2D 2E 2F 30 31 32 
                                       0  1  2  

33 34 35 22 1C 00 00 00 1A 1B 1C 1D 1E 1F 20 21 
3  4  5                                         

22 23 24 25 26 27 28 29 2A 2B 2C 2D 2E 2F 30 31 
                                          0  1  

32 33 34 35 23 00 24 00 00 00 1C 00 00 00 1A 1B 
2  3  4  5                                      

1C 1D 1E 1F 20 21 22 23 24 25 26 27 28 29 2A 2B 
                                                

2C 2D 2E 2F 30 31 32 33 34 35 1C 00 1D 00 17 00 
            0  1  2  3  4  5                    

00 00 74 65 73 74 69 6E 67 20 6E 61 6D 65 20 73 
      t  e  s  t  i  n  g     n  a  m  e     s  

74 72 69 6E 67 20 23 33 30 1E 00 00 00 74 65 73 
t  r  i  n  g        3  0              t  e  s  

74 69 6E 67 20 63 6F 6E 74 65 78 74 6E 61 6D 65 
t  i  n  g     c  o  n  t  e  x  t  n  a  m  e  

20 73 74 72 69 6E 67 20 23 33 31 20 00 00 00 00 
   s  t  r  i  n  g        3  1                 

00 00 00 00 FD 2E 2C D2 45 92 CF 88 01 21 00 22 
            ý        Ò  E     Ï                 

00 00 00 1D 00 00 00 1B 1C 1D 1E 1F 20 21 22 23 
                                                

24 25 26 27 28 29 2A 2B 2C 2D 2E 2F 30 31 32 33 
                                    0  1  2  3  

34 35 36 37 23 1D 00 00 00 1B 1C 1D 1E 1F 20 21 
4  5  6  7                                      

22 23 24 25 26 27 28 29 2A 2B 2C 2D 2E 2F 30 31 
                                          0  1  

32 33 34 35 36 37 24 00 25 00 00 00 1D 00 00 00 
2  3  4  5  6  7                                

1B 1C 1D 1E 1F 20 21 22 23 24 25 26 27 28 29 2A 
                                                

2B 2C 2D 2E 2F 30 31 32 33 34 35 36 37 1D 00 1E 
               0  1  2  3  4  5  6  7           

00 17 00 00 00 74 65 73 74 69 6E 67 20 6E 61 6D 
               t  e  s  t  i  n  g     n  a  m  

65 20 73 74 72 69 6E 67 20 23 33 31 1E 00 00 00 
e     s  t  r  i  n  g        3  1              

74 65 73 74 69 6E 67 20 63 6F 6E 74 65 78 74 6E 
t  e  s  t  i  n  g     c  o  n  t  e  x  t  n  

61 6D 65 20 73 74 72 69 6E 67 20 23 33 32 21 00 
a  m  e     s  t  r  i  n  g        3  2        

00 00 00 00 00 00 00 FD 2E 2C D2 45 92 CF 88 01 
                     ý        Ò  E     Ï        

22 00 23 00 00 00 1E 00 00 00 1C 1D 1E 1F 20 21 
                                                

22 23 24 25 26 27 28 29 2A 2B 2C 2D 2E 2F 30 31 
                                          0  1  

32 33 34 35 36 37 38 39 24 1E 00 00 00 1C 1D 1E 
2  3  4  5  6  7  8  9                          

1F 20 21 22 23 24 25 26 27 28 29 2A 2B 2C 2D 2E 
                                                

2F 30 31 32 33 34 35 36 37 38 39 25 00 26 00 00 
   0  1  2  3  4  5  6  7  8  9                 

00 1E 00 00 00 1C 1D 1E 1F 20 21 22 23 24 25 26 
                                                

27 28 29 2A 2B 2C 2D 2E 2F 30 31 32 33 34 35 36 
                           0  1  2  3  4  5  6  

37 38 39 1E 00 1F 00 17 00 00 00 74 65 73 74 69 
7  8  9                          t  e  s  t  i  

6E 67 20 6E 61 6D 65 20 73 74 72 69 6E 67 20 23 
n  g     n  a  m  e     s  t  r  i  n  g        

33 32 1E 00 00 00 74 65 73 74 69 6E 67 20 63 6F 
3  2              t  e  s  t  i  n  g     c  o  

6E 74 65 78 74 6E 61 6D 65 20 73 74 72 69 6E 67 
n  t  e  x  t  n  a  m  e     s  t  r  i  n  g  

20 23 33 33 22 00 00 00 00 00 00 00 00 FD 2E 2C 
      3  3                             ý        

D2 45 92 CF 88 01 23 00 24 00 00 00 1F 00 00 00 
Ò  E     Ï                                      

1D 1E 1F 20 21 22 23 24 25 26 27 28 29 2A 2B 2C 
                                                

2D 2E 2F 30 31 32 33 34 35 36 37 38 39 3A 3B 25 
         0  1  2  3  4  5  6  7  8  9           

1F 00 00 00 1D 1E 1F 20 21 22 23 24 25 26 27 28 
                                                

29 2A 2B 2C 2D 2E 2F 30 31 32 33 34 35 36 37 38 
                     0  1  2  3  4  5  6  7  8  

39 3A 3B 26 00 27 00 00 00 1F 00 00 00 1D 1E 1F 
9                                               

20 21 22 23 24 25 26 27 28 29 2A 2B 2C 2D 2E 2F 
                                                

30 31 32 33 34 35 36 37 38 39 3A 3B 1F 00 20 00 
0  1  2  3  4  5  6  7  8  9                    

17 00 00 00 74 65 73 74 69 6E 67 20 6E 61 6D 65 
            t  e  s  t  i  n  g     n  a  m  e  

20 73 74 72 69 6E 67 20 23 33 33 1E 00 00 00 74 
   s  t  r  i  n  g        3  3              t  

65 73 74 69 6E 67 20 63 6F 6E 74 65 78 74 6E 61 
e  s  t  i  n  g     c  o  n  t  e  x  t  n  a  

6D 65 20 73 74 72 69 6E 67 20 23 33 34 23 00 00 
m  e     s  t  r  i  n  g        3  4           

00 00 00 00 00 00 FD 2E 2C D2 45 92 CF 88 01 24 
                  ý        Ò  E     Ï           

00 25 00 00 00 20 00 00 00 1E 1F 20 21 22 23 24 
                                                

25 26 27 28 29 2A 2B 2C 2D 2E 2F 30 31 32 33 34 
                                 0  1  2  3  4  

35 36 37 38 39 3A 3B 3C 3D 26 20 00 00 00 1E 1F 
5  6  7  8  9                                   

20 21 22 23 24 25 26 27 28 29 2A 2B 2C 2D 2E 2F 
                                                

30 31 32 33 34 35 36 37 38 39 3A 3B 3C 3D 27 00 
0  1  2  3  4  5  6  7  8  9                    

28 00 00 00 20 00 00 00 1E 1F 20 21 22 23 24 25 
                                                

26 27 28 29 2A 2B 2C 2D 2E 2F 30 31 32 33 34 35 
                              0  1  2  3  4  5  

36 37 38 39 3A 3B 3C 3D 20 00 21 00 17 00 00 00 
6  7  8  9                                      

74 65 73 74 69 6E 67 20 6E 61 6D 65 20 73 74 72 
t  e  s  t  i  n  g     n  a  m  e     s  t  r  

69 6E 67 20 23 33 34 1E 00 00 00 74 65 73 74 69 
i  n  g        3  4              t  e  s  t  i  

6E 67 20 63 6F 6E 74 65 78 74 6E 61 6D 65 20 73 
n  g     c  o  n  t  e  x  t  n  a  m  e     s  

74 72 69 6E 67 20 23 33 35 24 00 00 00 00 00 00 
t  r  i  n  g        3  5                       

00 00 FD 2E 2C D2 45 92 CF 88 01 25 00 26 00 00 
      ý        Ò  E     Ï                       

00 21 00 00 00 1F 20 21 22 23 24 25 26 27 28 29 
                                                

2A 2B 2C 2D 2E 2F 30 31 32 33 34 35 36 37 38 39 
                  0  1  2  3  4  5  6  7  8  9  

3A 3B 3C 3D 3E 3F 27 21 00 00 00 1F 20 21 22 23 
                                                

24 25 26 27 28 29 2A 2B 2C 2D 2E 2F 30 31 32 33 
                                    0  1  2  3  

34 35 36 37 38 39 3A 3B 3C 3D 3E 3F 28 00 29 00 
4  5  6  7  8  9                                

00 00 21 00 00 00 1F 20 21 22 23 24 25 26 27 28 
                                                

29 2A 2B 2C 2D 2E 2F 30 31 32 33 34 35 36 37 38 
                     0  1  2  3  4  5  6  7  8  

39 3A 3B 3C 3D 3E 3F 21 00 22 00 17 00 00 00 74 
9                                            t  

65 73 74 69 6E 67 20 6E 61 6D 65 20 73 74 72 69 
e  s  t  i  n  g     n  a  m  e     s  t  r  i  

6E 67 20 23 33 35 1E 00 00 00 74 65 73 74 69 6E 
n  g        3  5              t  e  s  t  i  n  

67 20 63 6F 6E 74 65 78 74 6E 61 6D 65 20 73 74 
g     c  o  n  t  e  x  t  n  a  m  e     s  t  

72 69 6E 67 20 23 33 36 25 00 00 00 00 00 00 00 
r  i  n  g        3  6                          

00 FD 2E 2C D2 45 92 CF 88 01 26 00 27 00 00 00 
   ý        Ò  E     Ï                          

22 00 00 00 20 21 22 23 24 25 26 27 28 29 2A 2B 
                                                

2C 2D 2E 2F 30 31 32 33 34 35 36 37 38 39 3A 3B 
            0  1  2  3  4  5  6  7  8  9        

3C 3D 3E 3F 40 41 28 22 00 00 00 20 21 22 23 24 
               A                                

25 26 27 28 29 2A 2B 2C 2D 2E 2F 30 31 32 33 34 
                                 0  1  2  3  4  

35 36 37 38 39 3A 3B 3C 3D 3E 3F 40 41 29 00 2A 
5  6  7  8  9                       A           

00 00 00 22 00 00 00 20 21 22 23 24 25 26 27 28 
                                                

29 2A 2B 2C 2D 2E 2F 30 31 32 33 34 35 36 37 38 
                     0  1  2  3  4  5  6  7  8  

39 3A 3B 3C 3D 3E 3F 40 41 22 00 23 00 17 00 00 
9                       A                       

00 74 65 73 74 69 6E 67 20 6E 61 6D 65 20 73 74 
   t  e  s  t  i  n  g     n  a  m  e     s  t  

72 69 6E 67 20 23 33 36 1E 00 00 00 74 65 73 74 
r  i  n  g        3  6              t  e  s  t  

69 6E 67 20 63 6F 6E 74 65 78 74 6E 61 6D 65 20 
i  n  g     c  o  n  t  e  x  t  n  a  m  e     

73 74 72 69 6E 67 20 23 33 37 26 00 00 00 00 00 
s  t  r  i  n  g        3  7                    

00 00 00 FD 2E 2C D2 45 92 CF 88 01 27 00 28 00 
         ý        Ò  E     Ï                    

00 00 23 00 00 00 21 22 23 24 25 26 27 28 29 2A 
                                                

2B 2C 2D 2E 2F 30 31 32 33 34 35 36 37 38 39 3A 
               0  1  2  3  4  5  6  7  8  9     

3B 3C 3D 3E 3F 40 41 42 43 29 23 00 00 00 21 22 
                  A  B  C                       

23 24 25 26 27 28 29 2A 2B 2C 2D 2E 2F 30 31 32 
                                       0  1  2  

33 34 35 36 37 38 39 3A 3B 3C 3D 3E 3F 40 41 42 
3  4  5  6  7  8  9                       A  B  

43 2A 00 2B 00 00 00 23 00 00 00 21 22 23 24 25 
C                                               

26 27 28 29 2A 2B 2C 2D 2E 2F 30 31 32 33 34 35 
                              0  1  2  3  4  5  

36 37 38 39 3A 3B 3C 3D 3E 3F 40 41 42 43 23 00 
6  7  8  9                       A  B  C        

24 00 17 00 00 00 74 65 73 74 69 6E 67 20 6E 61 
                  t  e  s  t  i  n  g     n  a  

6D 65 20 73 74 72 69 6E 67 20 23 33 37 1E 00 00 
m  e     s  t  r  i  n  g        3  7           

00 74 65 73 74 69 6E 67 20 63 6F 6E 74 65 78 74 
   t  e  s  t  i  n  g     c  o  n  t  e  x  t  

6E 61 6D 65 20 73 74 72 69 6E 67 20 23 33 38 27 
n  a  m  e     s  t  r  i  n  g        3  8     

00 00 00 00 00 00 00 00 FD 2E 2C D2 45 92 CF 88 
                        ý        Ò  E     Ï     

01 28 00 29 00 00 00 24 00 00 00 22 23 24 25 26 
                                                

27 28 29 2A 2B 2C 2D 2E 2F 30 31 32 33 34 35 36 
                           0  1  2  3  4  5  6  

37 38 39 3A 3B 3C 3D 3E 3F 40 41 42 43 44 45 2A 
7  8  9                       A  B  C  D  E     

24 00 00 00 22 23 24 25 26 27 28 29 2A 2B 2C 2D 
                                                

2E 2F 30 31 32 33 34 35 36 37 38 39 3A 3B 3C 3D 
      0  1  2  3  4  5  6  7  8  9              

3E 3F 40 41 42 43 44 45 2B 00 2C 00 00 00 24 00 
         A  B  C  D  E                          

00 00 22 23 24 25 26 27 28 29 2A 2B 2C 2D 2E 2F 
                                                

30 31 32 33 34 35 36 37 38 39 3A 3B 3C 3D 3E 3F 
0  1  2  3  4  5  6  7  8  9                    

40 41 42 43 44 45 24 00 25 00 17 00 00 00 74 65 
   A  B  C  D  E                          t  e  

73 74 69 6E 67 20 6E 61 6D 65 20 73 74 72 69 6E 
s  t  i  n  g     n  a  m  e     s  t  r  i  n  

67 20 23 33 38 1E 00 00 00 74 65 73 74 69 6E 67 
g        3  8              t  e  s  t  i  n  g  

20 63 6F 6E 74 65 78 74 6E 61 6D 65 20 73 74 72 
   c  o  n  t  e  x  t  n  a  m  e     s  t  r  

69 6E 67 20 23 33 39 28 00 00 00 00 00 00 00 00 
i  n  g        3  9                             

FD 2E 2C D2 45 92 CF 88 01 29 00 2A 00 00 00 25 
ý        Ò  E     Ï                             

00 00 00 23 24 25 26 27 28 29 2A 2B 2C 2D 2E 2F 
                                                

30 31 32 33 34 35 36 37 38 39 3A 3B 3C 3D 3E 3F 
0  1  2  3  4  5  6  7  8  9                    

40 41 42 43 44 45 46 47 2B 25 00 00 00 23 24 25 
   A  B  C  D  E  F  G                          

26 27 28 29 2A 2B 2C 2D 2E 2F 30 31 32 33 34 35 
                              0  1  2  3  4  5  

36 37 38 39 3A 3B 3C 3D 3E 3F 40 41 42 43 44 45 
6  7  8  9                       A  B  C  D  E  

46 47 2C 00 2D 00 00 00 25 00 00 00 23 24 25 26 
F  G                                            

27 28 29 2A 2B 2C 2D 2E 2F 30 31 32 33 34 35 36 
                           0  1  2  3  4  5  6  

37 38 39 3A 3B 3C 3D 3E 3F 40 41 42 43 44 45 46 
7  8  9                       A  B  C  D  E  F  

47 25 00 26 00 17 00 00 00 74 65 73 74 69 6E 67 
G                          t  e  s  t  i  n  g  

20 6E 61 6D 65 20 73 74 72 69 6E 67 20 23 33 39 
   n  a  m  e     s  t  r  i  n  g        3  9  

1E 00 00 00 74 65 73 74 69 6E 67 20 63 6F 6E 74 
            t  e  s  t  i  n  g     c  o  n  t  

65 78 74 6E 61 6D 65 20 73 74 72 69 6E 67 20 23 
e  x  t  n  a  m  e     s  t  r  i  n  g        

34 30 29 00 00 00 00 00 00 00 00 FD 2E 2C D2 45 
4  0                             ý        Ò  E  

92 CF 88 01 2A 00 2B 00 00 00 26 00 00 00 24 25 
   Ï                                            

26 27 28 29 2A 2B 2C 2D 2E 2F 30 31 32 33 34 35 
                              0  1  2  3  4  5  

36 37 38 39 3A 3B 3C 3D 3E 3F 40 41 42 43 44 45 
6  7  8  9                       A  B  C  D  E  

46 47 48 49 2C 26 00 00 00 24 25 26 27 28 29 2A 
F  G  H  I                                      

2B 2C 2D 2E 2F 30 31 32 33 34 35 36 37 38 39 3A 
               0  1  2  3  4  5  6  7  8  9     

3B 3C 3D 3E 3F 40 41 42 43 44 45 46 47 48 49 2D 
                  A  B  C  D  E  F  G  H  I     

00 2E 00 00 00 26 00 00 00 24 25 26 27 28 29 2A 
                                                

2B 2C 2D 2E 2F 30 31 32 33 34 35 36 37 38 39 3A 
               0  1  2  3  4  5  6  7  8  9     

3B 3C 3D 3E 3F 40 41 42 43 44 45 46 47 48 49 26 
                  A  B  C  D  E  F  G  H  I     

00 27 00 17 00 00 00 74 65 73 74 69 6E 67 20 6E 
                     t  e  s  t  i  n  g     n  

61 6D 65 20 73 74 72 69 6E 67 20 23 34 30 1E 00 
a  m  e     s  t  r  i  n  g        4  0        

00 00 74 65 73 74 69 6E 67 20 63 6F 6E 74 65 78 
      t  e  s  t  i  n  g     c  o  n  t  e  x  

74 6E 61 6D 65 20 73 74 72 69 6E 67 20 23 34 31 
t  n  a  m  e     s  t  r  i  n  g        4  1  

2A 00 00 00 00 00 00 00 00 FD 2E 2C D2 45 92 CF 
                           ý        Ò  E     Ï  

88 01 2B 00 2C 00 00 00 27 00 00 00 25 26 27 28 
                                                

29 2A 2B 2C 2D 2E 2F 30 31 32 33 34 35 36 37 38 
                     0  1  2  3  4  5  6  7  8  

39 3A 3B 3C 3D 3E 3F 40 41 42 43 44 45 46 47 48 
9                       A  B  C  D  E  F  G  H  

49 4A 4B 2D 27 00 00 00 25 26 27 28 29 2A 2B 2C 
I  J  K                                         

2D 2E 2F 30 31 32 33 34 35 36 37 38 39 3A 3B 3C 
         0  1  2  3  4  5  6  7  8  9           

3D 3E 3F 40 41 42 43 44 45 46 47 48 49 4A 4B 2E 
            A  B  C  D  E  F  G  H  I  J  K     

00 2F 00 00 00 27 00 00 00 25 26 27 28 29 2A 2B 
                                                

2C 2D 2E 2F 30 31 32 33 34 35 36 37 38 39 3A 3B 
            0  1  2  3  4  5  6  7  8  9        

3C 3D 3E 3F 40 41 42 43 44 45 46 47 48 49 4A 4B 
               A  B  C  D  E  F  G  H  I  J  K  

27 00 28 00 17 00 00 00 74 65 73 74 69 6E 67 20 
                        t  e  s  t  i  n  g     

6E 61 6D 65 20 73 74 72 69 6E 67 20 23 34 31 1E 
n  a  m  e     s  t  r  i  n  g        4  1     

00 00 00 74 65 73 74 69 6E 67 20 63 6F 6E 74 65 
         t  e  s  t  i  n  g     c  o  n  t  e  

78 74 6E 61 6D 65 20 73 74 72 69 6E 67 20 23 34 
x  t  n  a  m  e     s  t  r  i  n  g        4  

32 2B 00 00 00 00 00 00 00 00 FD 2E 2C D2 45 92 
2                             ý        Ò  E     

CF 88 01 2C 00 2D 00 00 00 28 00 00 00 26 27 28 
Ï                                               

29 2A 2B 2C 2D 2E 2F 30 31 32 33 34 35 36 37 38 
                     0  1  2  3  4  5  6  7  8  

39 3A 3B 3C 3D 3E 3F 40 41 42 43 44 45 46 47 48 
9                       A  B  C  D  E  F  G  H  

49 4A 4B 4C 4D 2E 28 00 00 00 26 27 28 29 2A 2B 
I  J  K  L  M                                   

2C 2D 2E 2F 30 31 32 33 34 35 36 37 38 39 3A 3B 
            0  1  2  3  4  5  6  7  8  9        

3C 3D 3E 3F 40 41 42 43 44 45 46 47 48 49 4A 4B 
               A  B  C  D  E  F  G  H  I  J  K  

4C 4D 2F 00 30 00 00 00 28 00 00 00 26 27 28 29 
L  M        0                                   

2A 2B 2C 2D 2E 2F 30 31 32 33 34 35 36 37 38 39 
                  0  1  2  3  4  5  6  7  8  9  

3A 3B 3C 3D 3E 3F 40 41 42 43 44 45 46 47 48 49 
                     A  B  C  D  E  F  G  H  I  

4A 4B 4C 4D 28 00 29 00 17 00 00 00 74 65 73 74 
J  K  L  M                          t  e  s  t  

69 6E 67 20 6E 61 6D 65 20 73 74 72 69 6E 67 20 
i  n  g     n  a  m  e     s  t  r  i  n  g     

23 34 32 1E 00 00 00 74 65 73 74 69 6E 67 20 63 
   4  2              t  e  s  t  i  n  g     c  

6F 6E 74 65 78 74 6E 61 6D 65 20 73 74 72 69 6E 
o  n  t  e  x  t  n  a  m  e     s  t  r  i  n  

67 20 23 34 33 2C 00 00 00 00 00 00 00 00 FD 2E 
g        4  3                             ý     

2C D2 45 92 CF 88 01 2D 00 2E 00 00 00 29 00 00 
   Ò  E     Ï                                   

00 27 28 29 2A 2B 2C 2D 2E 2F 30 31 32 33 34 35 
                              0  1  2  3  4  5  

36 37 38 39 3A 3B 3C 3D 3E 3F 40 41 42 43 44 45 
6  7  8  9                       A  B  C  D  E  

46 47 48 49 4A 4B 4C 4D 4E 4F 2F 29 00 00 00 27 
F  G  H  I  J  K  L  M  N  O                    

28 29 2A 2B 2C 2D 2E 2F 30 31 32 33 34 35 36 37 
                        0  1  2  3  4  5  6  7  

38 39 3A 3B 3C 3D 3E 3F 40 41 42 43 44 45 46 47 
8  9                       A  B  C  D  E  F  G  

48 49 4A 4B 4C 4D 4E 4F 30 00 31 00 00 00 29 00 
H  I  J  K  L  M  N  O  0     1                 

00 00 27 28 29 2A 2B 2C 2D 2E 2F 30 31 32 33 34 
                                 0  1  2  3  4  

35 36 37 38 39 3A 3B 3C 3D 3E 3F 40 41 42 43 44 
5  6  7  8  9                       A  B  C  D  

45 46 47 48 49 4A 4B 4C 4D 4E 4F 29 00 2A 00 17 
E  F  G  H  I  J  K  L  M  N  O                 

00 00 00 74 65 73 74 69 6E 67 20 6E 61 6D 65 20 
         t  e  s  t  i  n  g     n  a  m  e     

73 74 72 69 6E 67 20 23 34 33 1E 00 00 00 74 65 
s  t  r  i  n  g        4  3              t  e  

73 74 69 6E 67 20 63 6F 6E 74 65 78 74 6E 61 6D 
s  t  i  n  g     c  o  n  t  e  x  t  n  a  m  

65 20 73 74 72 69 6E 67 20 23 34 34 2D 00 00 00 
e     s  t  r  i  n  g        4  4              

00 00 00 00 00 FD 2E 2C D2 45 92 CF 88 01 2E 00 
               ý        Ò  E     Ï              

2F 00 00 00 2A 00 00 00 28 29 2A 2B 2C 2D 2E 2F 
                                                

30 31 32 33 34 35 36 37 38 39 3A 3B 3C 3D 3E 3F 
0  1  2  3  4  5  6  7  8  9                    

40 41 42 43 44 45 46 47 48 49 4A 4B 4C 4D 4E 4F 
   A  B  C  D  E  F  G  H  I  J  K  L  M  N  O  

50 51 30 2A 00 00 00 28 29 2A 2B 2C 2D 2E 2F 30 
P  Q  0                                      0  

31 32 33 34 35 36 37 38 39 3A 3B 3C 3D 3E 3F 40 
1  2  3  4  5  6  7  8  9                       

41 42 43 44 45 46 47 48 49 4A 4B 4C 4D 4E 4F 50 
A  B  C  D  E  F  G  H  I  J  K  L  M  N  O  P  

51 31 00 32 00 00 00 2A 00 00 00 28 29 2A 2B 2C 
Q  1     2                                      

2D 2E 2F 30 31 32 33 34 35 36 37 38 39 3A 3B 3C 
         0  1  2  3  4  5  6  7  8  9           

3D 3E 3F 40 41 42 43 44 45 46 47 48 49 4A 4B 4C 
            A  B  C  D  E  F  G  H  I  J  K  L  

4D 4E 4F 50 51 2A 00 2B 00 17 00 00 00 74 65 73 
M  N  O  P  Q                          t  e  s  

74 69 6E 67 20 6E 61 6D 65 20 73 74 72 69 6E 67 
t  i  n  g     n  a  m  e     s  t  r  i  n  g  

20 23 34 34 1E 00 00 00 74 65 73 74 69 6E 67 20 
      4  4              t  e  s  t  i  n  g     

63 6F 6E 74 65 78 74 6E 61 6D 65 20 73 74 72 69 
c  o  n  t  e  x  t  n  a  m  e     s  t  r  i  

6E 67 20 23 34 35 2E 00 00 00 00 00 00 00 00 FD 
n  g        4  5                             ý  

2E 2C D2 45 92 CF 88 01 2F 00 30 00 00 00 2B 00 
      Ò  E     Ï              0                 

00 00 29 2A 2B 2C 2D 2E 2F 30 31 32 33 34 35 36 
                           0  1  2  3  4  5  6  

37 38 39 3A 3B 3C 3D 3E 3F 40 41 42 43 44 45 46 
7  8  9                       A  B  C  D  E  F  

47 48 49 4A 4B 4C 4D 4E 4F 50 51 52 53 31 2B 00 
G  H  I  J  K  L  M  N  O  P  Q  R  S  1        

00 00 29 2A 2B 2C 2D 2E 2F 30 31 32 33 34 35 36 
                           0  1  2  3  4  5  6  

37 38 39 3A 3B 3C 3D 3E 3F 40 41 42 43 44 45 46 
7  8  9                       A  B  C  D  E  F  

47 48 49 4A 4B 4C 4D 4E 4F 50 51 52 53 32 00 33 
G  H  I  J  K  L  M  N  O  P  Q  R  S  2     3  

00 00 00 2B 00 00 00 29 2A 2B 2C 2D 2E 2F 30 31 
                                          0  1  

32 33 34 35 36 37 38 39 3A 3B 3C 3D 3E 3F 40 41 
2  3  4  5  6  7  8  9                       A  

42 43 44 45 46 47 48 49 4A 4B 4C 4D 4E 4F 50 51 
B  C  D  E  F  G  H  I  J  K  L  M  N  O  P  Q  

52 53 2B 00 2C 00 17 00 00 00 74 65 73 74 69 6E 
R  S                          t  e  s  t  i  n  

67 20 6E 61 6D 65 20 73 74 72 69 6E 67 20 23 34 
g     n  a  m  e     s  t  r  i  n  g        4  

35 1E 00 00 00 74 65 73 74 69 6E 67 20 63 6F 6E 
5              t  e  s  t  i  n  g     c  o  n  

74 65 78 74 6E 61 6D 65 20 73 74 72 69 6E 67 20 
t  e  x  t  n  a  m  e     s  t  r  i  n  g     

23 34 36 2F 00 00 00 00 00 00 00 00 FD 2E 2C D2 
   4  6                             ý        Ò  

45 92 CF 88 01 30 00 31 00 00 00 2C 00 00 00 2A 
E     Ï        0     1                          

2B 2C 2D 2E 2F 30 31 32 33 34 35 36 37 38 39 3A 
               0  1  2  3  4  5  6  7  8  9     

3B 3C 3D 3E 3F 40 41 42 43 44 45 46 47 48 49 4A 
                  A  B  C  D  E  F  G  H  I  J  

4B 4C 4D 4E 4F 50 51 52 53 54 55 32 2C 00 00 00 
K  L  M  N  O  P  Q  R  S  T  U  2              

2A 2B 2C 2D 2E 2F 30 31 32 33 34 35 36 37 38 39 
                  0  1  2  3  4  5  6  7  8  9  

3A 3B 3C 3D 3E 3F 40 41 42 43 44 45 46 47 48 49 
                     A  B  C  D  E  F  G  H  I  

4A 4B 4C 4D 4E 4F 50 51 52 53 54 55 33 00 34 00 
J  K  L  M  N  O  P  Q  R  S  T  U  3     4     

00 00 2C 00 00 00 2A 2B 2C 2D 2E 2F 30 31 32 33 
                                    0  1  2  3  

34 35 36 37 38 39 3A 3B 3C 3D 3E 3F 40 41 42 43 
4  5  6  7  8  9                       A  B  C  

44 45 46 47 48 49 4A 4B 4C 4D 4E 4F 50 51 52 53 
D  E  F  G  H  I  J  K  L  M  N  O  P  Q  R  S  

54 55 2C 00 2D 00 17 00 00 00 74 65 73 74 69 6E 
T  U                          t  e  s  t  i  n  

67 20 6E 61 6D 65 20 73 74 72 69 6E 67 20 23 34 
g     n  a  m  e     s  t  r  i  n  g        4  

36 1E 00 00 00 74 65 73 74 69 6E 67 20 63 6F 6E 
6              t  e  s  t  i  n  g     c  o  n  

74 65 78 74 6E 61 6D 65 20 73 74 72 69 6E 67 20 
t  e  x  t  n  a  m  e     s  t  r  i  n  g     

23 34 37 30 00 00 00 00 00 00 00 00 FD 2E 2C D2 
   4  7  0                          ý        Ò  

45 92 CF 88 01 31 00 32 00 00 00 2D 00 00 00 2B 
E     Ï        1     2                          

2C 2D 2E 2F 30 31 32 33 34 35 36 37 38 39 3A 3B 
            0  1  2  3  4  5  6  7  8  9        

3C 3D 3E 3F 40 41 42 43 44 45 46 47 48 49 4A 4B 
               A  B  C  D  E  F  G  H  I  J  K  

4C 4D 4E 4F 50 51 52 53 54 55 56 57 33 2D 00 00 
L  M  N  O  P  Q  R  S  T  U  V  W  3           

00 2B 2C 2D 2E 2F 30 31 32 33 34 35 36 37 38 39 
                  0  1  2  3  4  5  6  7  8  9  

3A 3B 3C 3D 3E 3F 40 41 42 43 44 45 46 47 48 49 
                     A  B  C  D  E  F  G  H  I  

4A 4B 4C 4D 4E 4F 50 51 52 53 54 55 56 57 34 00 
J  K  L  M  N  O  P  Q  R  S  T  U  V  W  4     

35 00 00 00 2D 00 00 00 2B 2C 2D 2E 2F 30 31 32 
5                                      0  1  2  

33 34 35 36 37 38 39 3A 3B 3C 3D 3E 3F 40 41 42 
3  4  5  6  7  8  9                       A  B  

43 44 45 46 47 48 49 4A 4B 4C 4D 4E 4F 50 51 52 
C  D  E  F  G  H  I  J  K  L  M  N  O  P  Q  R  

53 54 55 56 57 2D 00 2E 00 17 00 00 00 74 65 73 
S  T  U  V  W                          t  e  s  

74 69 6E 67 20 6E 61 6D 65 20 73 74 72 69 6E 67 
t  i  n  g     n  a  m  e     s  t  r  i  n  g  

20 23 34 37 1E 00 00 00 74 65 73 74 69 6E 67 20 
      4  7              t  e  s  t  i  n  g     

63 6F 6E 74 65 78 74 6E 61 6D 65 20 73 74 72 69 
c  o  n  t  e  x  t  n  a  m  e     s  t  r  i  

6E 67 20 23 34 38 31 00 00 00 00 00 00 00 00 FD 
n  g        4  8  1                          ý  

2E 2C D2 45 92 CF 88 01 32 00 33 00 00 00 2E 00 
      Ò  E     Ï        2     3                 

00 00 2C 2D 2E 2F 30 31 32 33 34 35 36 37 38 39 
                  0  1  2  3  4  5  6  7  8  9  

3A 3B 3C 3D 3E 3F 40 41 42 43 44 45 46 47 48 49 
                     A  B  C  D  E  F  G  H  I  

4A 4B 4C 4D 4E 4F 50 51 52 53 54 55 56 57 58 59 
J  K  L  M  N  O  P  Q  R  S  T  U  V  W  X  Y  

34 2E 00 00 00 2C 2D 2E 2F 30 31 32 33 34 35 36 
4                          0  1  2  3  4  5  6  

37 38 39 3A 3B 3C 3D 3E 3F 40 41 42 43 44 45 46 
7  8  9                       A  B  C  D  E  F  

47 48 49 4A 4B 4C 4D 4E 4F 50 51 52 53 54 55 56 
G  H  I  J  K  L  M  N  O  P  Q  R  S  T  U  V  

57 58 59 35 00 36 00 00 00 2E 00 00 00 2C 2D 2E 
W  X  Y  5     6                                

2F 30 31 32 33 34 35 36 37 38 39 3A 3B 3C 3D 3E 
   0  1  2  3  4  5  6  7  8  9                 

3F 40 41 42 43 44 45 46 47 48 49 4A 4B 4C 4D 4E 
      A  B  C  D  E  F  G  H  I  J  K  L  M  N  

4F 50 51 52 53 54 55 56 57 58 59 2E 00 2F 00 17 
O  P  Q  R  S  T  U  V  W  X  Y                 

00 00 00 74 65 73 74 69 6E 67 20 6E 61 6D 65 20 
         t  e  s  t  i  n  g     n  a  m  e     

73 74 72 69 6E 67 20 23 34 38 1E 00 00 00 74 65 
s  t  r  i  n  g        4  8              t  e  

73 74 69 6E 67 20 63 6F 6E 74 65 78 74 6E 61 6D 
s  t  i  n  g     c  o  n  t  e  x  t  n  a  m  

65 20 73 74 72 69 6E 67 20 23 34 39 32 00 00 00 
e     s  t  r  i  n  g        4  9  2           

00 00 00 00 00 FD 2E 2C D2 45 92 CF 88 01 33 00 
               ý        Ò  E     Ï        3     

34 00 00 00 2F 00 00 00 2D 2E 2F 30 31 32 33 34 
4                                0  1  2  3  4  

35 36 37 38 39 3A 3B 3C 3D 3E 3F 40 41 42 43 44 
5  6  7  8  9                       A  B  C  D  

45 46 47 48 49 4A 4B 4C 4D 4E 4F 50 51 52 53 54 
E  F  G  H  I  J  K  L  M  N  O  P  Q  R  S  T  

55 56 57 58 59 5A 5B 35 2F 00 00 00 2D 2E 2F 30 
U  V  W  X  Y  Z     5                       0  

31 32 33 34 35 36 37 38 39 3A 3B 3C 3D 3E 3F 40 
1  2  3  4  5  6  7  8  9                       

41 42 43 44 45 46 47 48 49 4A 4B 4C 4D 4E 4F 50 
A  B  C  D  E  F  G  H  I  J  K  L  M  N  O  P  

51 52 53 54 55 56 57 58 59 5A 5B 36 00 37 00 00 
Q  R  S  T  U  V  W  X  Y  Z     6     7        

00 2F 00 00 00 2D 2E 2F 30 31 32 33 34 35 36 37 
                        0  1  2  3  4  5  6  7  

38 39 3A 3B 3C 3D 3E 3F 40 41 42 43 44 45 46 47 
8  9                       A  B  C  D  E  F  G  

48 49 4A 4B 4C 4D 4E 4F 50 51 52 53 54 55 56 57 
H  I  J  K  L  M  N  O  P  Q  R  S  T  U  V  W  

58 59 5A 5B 2F 00 30 00 17 00 00 00 74 65 73 74 
X  Y  Z           0                 t  e  s  t  

69 6E 67 20 6E 61 6D 65 20 73 74 72 69 6E 67 20 
i  n  g     n  a  m  e     s  t  r  i  n  g     

23 34 39 1E 00 00 00 74 65 73 74 69 6E 67 20 63 
   4  9              t  e  s  t  i  n  g     c  

6F 6E 74 65 78 74 6E 61 6D 65 20 73 74 72 69 6E 
o  n  t  e  x  t  n  a  m  e     s  t  r  i  n  

67 20 23 35 30 33 00 00 00 00 00 00 00 00 FD 2E 
g        5  0  3                          ý     

2C D2 45 92 CF 88 01 34 00 35 00 00 00 30 00 00 
   Ò  E     Ï        4     5           0        

00 2E 2F 30 31 32 33 34 35 36 37 38 39 3A 3B 3C 
         0  1  2  3  4  5  6  7  8  9           

3D 3E 3F 40 41 42 43 44 45 46 47 48 49 4A 4B 4C 
            A  B  C  D  E  F  G  H  I  J  K  L  

4D 4E 4F 50 51 52 53 54 55 56 57 58 59 5A 5B 5C 
M  N  O  P  Q  R  S  T  U  V  W  X  Y  Z        

5D 36 30 00 00 00 2E 2F 30 31 32 33 34 35 36 37 
   6  0                 0  1  2  3  4  5  6  7  

38 39 3A 3B 3C 3D 3E 3F 40 41 42 43 44 45 46 47 
8  9                       A  B  C  D  E  F  G  

48 49 4A 4B 4C 4D 4E 4F 50 51 52 53 54 55 56 57 
H  I  J  K  L  M  N  O  P  Q  R  S  T  U  V  W  

58 59 5A 5B 5C 5D 37 00 38 00 00 00 30 00 00 00 
X  Y  Z           7     8           0           

2E 2F 30 31 32 33 34 35 36 37 38 39 3A 3B 3C 3D 
      0  1  2  3  4  5  6  7  8  9              

3E 3F 40 41 42 43 44 45 46 47 48 49 4A 4B 4C 4D 
         A  B  C  D  E  F  G  H  I  J  K  L  M  

4E 4F 50 51 52 53 54 55 56 57 58 59 5A 5B 5C 5D 
N  O  P  Q  R  S  T  U  V  W  X  Y  Z           

30 00 31 00 17 00 00 00 74 65 73 74 69 6E 67 20 
0     1                 t  e  s  t  i  n  g     

6E 61 6D 65 20 73 74 72 69 6E 67 20 23 35 30 1E 
n  a  m  e     s  t  r  i  n  g        5  0     

00 00 00 74 65 73 74 69 6E 67 20 63 6F 6E 74 65 
         t  e  s  t  i  n  g     c  o  n  t  e  

78 74 6E 61 6D 65 20 73 74 72 69 6E 67 20 23 35 
x  t  n  a  m  e     s  t  r  i  n  g        5  

31 34 00 00 00 00 00 00 00 00 FD 2E 2C D2 45 92 
1  4                          ý        Ò  E     

CF 88 01 35 00 36 00 00 00 31 00 00 00 2F 30 31 
Ï        5     6           1              0  1  

32 33 34 35 36 37 38 39 3A 3B 3C 3D 3E 3F 40 41 
2  3  4  5  6  7  8  9                       A  

42 43 44 45 46 47 48 49 4A 4B 4C 4D 4E 4F 50 51 
B  C  D  E  F  G  H  I  J  K  L  M  N  O  P  Q  

52 53 54 55 56 57 58 59 5A 5B 5C 5D 5E 5F 37 31 
R  S  T  U  V  W  X  Y  Z                 7  1  

00 00 00 2F 30 31 32 33 34 35 36 37 38 39 3A 3B 
            0  1  2  3  4  5  6  7  8  9        

3C 3D 3E 3F 40 41 42 43 44 45 46 47 48 49 4A 4B 
               A  B  C  D  E  F  G  H  I  J  K  

4C 4D 4E 4F 50 51 52 53 54 55 56 57 58 59 5A 5B 
L  M  N  O  P  Q  R  S  T  U  V  W  X  Y  Z     

5C 5D 5E 5F 38 00 39 00 00 00 31 00 00 00 2F 30 
            8     9           1              0  

31 32 33 34 35 36 37 38 39 3A 3B 3C 3D 3E 3F 40 
1  2  3  4  5  6  7  8  9                       

41 42 43 44 45 46 47 48 49 4A 4B 4C 4D 4E 4F 50 
A  B  C  D  E  F  G  H  I  J  K  L  M  N  O  P  

51 52 53 54 55 56 57 58 59 5A 5B 5C 5D 5E 5F 31 
Q  R  S  T  U  V  W  X  Y  Z                 1  

00 32 00 17 00 00 00 74 65 73 74 69 6E 67 20 6E 
   2                 t  e  s  t  i  n  g     n  

61 6D 65 20 73 74 72 69 6E 67 20 23 35 31 1E 00 
a  m  e     s  t  r  i  n  g        5  1        

00 00 74 65 73 74 69 6E 67 20 63 6F 6E 74 65 78 
      t  e  s  t  i  n  g     c  o  n  t  e  x  

74 6E 61 6D 65 20 73 74 72 69 6E 67 20 23 35 32 
t  n  a  m  e     s  t  r  i  n  g        5  2  

35 00 00 00 00 00 00 00 00 FD 2E 2C D2 45 92 CF 
5                          ý        Ò  E     Ï  

88 01 36 00 37 00 00 00 32 00 00 00 30 31 32 33 
      6     7           2           0  1  2  3  

34 35 36 37 38 39 3A 3B 3C 3D 3E 3F 40 41 42 43 
4  5  6  7  8  9                       A  B  C  

44 45 46 47 48 49 4A 4B 4C 4D 4E 4F 50 51 52 53 
D  E  F  G  H  I  J  K  L  M  N  O  P  Q  R  S  

54 55 56 57 58 59 5A 5B 5C 5D 5E 5F 60 61 38 32 
T  U  V  W  X  Y  Z                    a  8  2  

00 00 00 30 31 32 33 34 35 36 37 38 39 3A 3B 3C 
         0  1  2  3  4  5  6  7  8  9           

3D 3E 3F 40 41 42 43 44 45 46 47 48 49 4A 4B 4C 
            A  B  C  D  E  F  G  H  I  J  K  L  

4D 4E 4F 50 51 52 53 54 55 56 57 58 59 5A 5B 5C 
M  N  O  P  Q  R  S  T  U  V  W  X  Y  Z        

5D 5E 5F 60 61 39 00 3A 00 00 00 32 00 00 00 30 
            a  9                 2           0  

31 32 33 34 35 36 37 38 39 3A 3B 3C 3D 3E 3F 40 
1  2  3  4  5  6  7  8  9                       

41 42 43 44 45 46 47 48 49 4A 4B 4C 4D 4E 4F 50 
A  B  C  D  E  F  G  H  I  J  K  L  M  N  O  P  

51 52 53 54 55 56 57 58 59 5A 5B 5C 5D 5E 5F 60 
Q  R  S  T  U  V  W  X  Y  Z                    

61 32 00 33 00 17 00 00 00 74 65 73 74 69 6E 67 
a  2     3                 t  e  s  t  i  n  g  

20 6E 61 6D 65 20 73 74 72 69 6E 67 20 23 35 32 
   n  a  m  e     s  t  r  i  n  g        5  2  

1E 00 00 00 74 65 73 74 69 6E 67 20 63 6F 6E 74 
            t  e  s  t  i  n  g     c  o  n  t  

65 78 74 6E 61 6D 65 20 73 74 72 69 6E 67 20 23 
e  x  t  n  a  m  e     s  t  r  i  n  g        

35 33 36 00 00 00 00 00 00 00 00 FD 2E 2C D2 45 
5  3  6                          ý        Ò  E  

92 CF 88 01 37 00 38 00 00 00 33 00 00 00 31 32 
   Ï        7     8           3           1  2  

33 34 35 36 37 38 39 3A 3B 3C 3D 3E 3F 40 41 42 
3  4  5  6  7  8  9                       A  B  

43 44 45 46 47 48 49 4A 4B 4C 4D 4E 4F 50 51 52 
C  D  E  F  G  H  I  J  K  L  M  N  O  P  Q  R  

53 54 55 56 57 58 59 5A 5B 5C 5D 5E 5F 60 61 62 
S  T  U  V  W  X  Y  Z                    a  b  

63 39 33 00 00 00 31 32 33 34 35 36 37 38 39 3A 
c  9  3           1  2  3  4  5  6  7  8  9     

3B 3C 3D 3E 3F 40 41 42 43 44 45 46 47 48 49 4A 
                  A  B  C  D  E  F  G  H  I  J  

4B 4C 4D 4E 4F 50 51 52 53 54 55 56 57 58 59 5A 
K  L  M  N  O  P  Q  R  S  T  U  V  W  X  Y  Z  

5B 5C 5D 5E 5F 60 61 62 63 3A 00 3B 00 00 00 33 
                  a  b  c                    3  

00 00 00 31 32 33 34 35 36 37 38 39 3A 3B 3C 3D 
         1  2  3  4  5  6  7  8  9              

3E 3F 40 41 42 43 44 45 46 47 48 49 4A 4B 4C 4D 
         A  B  C  D  E  F  G  H  I  J  K  L  M  

4E 4F 50 51 52 53 54 55 56 57 58 59 5A 5B 5C 5D 
N  O  P  Q  R  S  T  U  V  W  X  Y  Z           

5E 5F 60 61 62 63 33 00 34 00 17 00 00 00 74 65 
         a  b  c  3     4                 t  e  

73 74 69 6E 67 20 6E 61 6D 65 20 73 74 72 69 6E 
s  t  i  n  g     n  a  m  e     s  t  r  i  n  

67 20 23 35 33 1E 00 00 00 74 65 73 74 69 6E 67 
g        5  3              t  e  s  t  i  n  g  

20 63 6F 6E 74 65 78 74 6E 61 6D 65 20 73 74 72 
   c  o  n  t  e  x  t  n  a  m  e     s  t  r  

69 6E 67 20 23 35 34 37 00 00 00 00 00 00 00 00 
i  n  g        5  4  7                          

FD 2E 2C D2 45 92 CF 88 01 38 00 39 00 00 00 34 
ý        Ò  E     Ï        8     9           4  

00 00 00 32 33 34 35 36 37 38 39 3A 3B 3C 3D 3E 
         2  3  4  5  6  7  8  9                 

3F 40 41 42 43 44 45 46 47 48 49 4A 4B 4C 4D 4E 
      A  B  C  D  E  F  G  H  I  J  K  L  M  N  

4F 50 51 52 53 54 55 56 57 58 59 5A 5B 5C 5D 5E 
O  P  Q  R  S  T  U  V  W  X  Y  Z              

5F 60 61 62 63 64 65 3A 34 00 00 00 32 33 34 35 
      a  b  c  d  e     4           2  3  4  5  

36 37 38 39 3A 3B 3C 3D 3E 3F 40 41 42 43 44 45 
6  7  8  9                       A  B  C  D  E  

46 47 48 49 4A 4B 4C 4D 4E 4F 50 51 52 53 54 55 
F  G  H  I  J  K  L  M  N  O  P  Q  R  S  T  U  

56 57 58 59 5A 5B 5C 5D 5E 5F 60 61 62 63 64 65 
V  W  X  Y  Z                    a  b  c  d  e  

3B 00 3C 00 00 00 34 00 00 00 32 33 34 35 36 37 
                  4           2  3  4  5  6  7  

38 39 3A 3B 3C 3D 3E 3F 40 41 42 43 44 45 46 47 
8  9                       A  B  C  D  E  F  G  

48 49 4A 4B 4C 4D 4E 4F 50 51 52 53 54 55 56 57 
H  I  J  K  L  M  N  O  P  Q  R  S  T  U  V  W  

58 59 5A 5B 5C 5D 5E 5F 60 61 62 63 64 65 34 00 
X  Y  Z                    a  b  c  d  e  4     

35 00 17 00 00 00 74 65 73 74 69 6E 67 20 6E 61 
5                 t  e  s  t  i  n  g     n  a  

6D 65 20 73 74 72 69 6E 67 20 23 35 34 1E 00 00 
m  e     s  t  r  i  n  g        5  4           

00 74 65 73 74 69 6E 67 20 63 6F 6E 74 65 78 74 
   t  e  s  t  i  n  g     c  o  n  t  e  x  t  

6E 61 6D 65 20 73 74 72 69 6E 67 20 23 35 35 38 
n  a  m  e     s  t  r  i  n  g        5  5  8  

00 00 00 00 00 00 00 00 FD 2E 2C D2 45 92 CF 88 
                        ý        Ò  E     Ï     

01 39 00 3A 00 00 00 35 00 00 00 33 34 35 36 37 
   9                 5           3  4  5  6  7  

38 39 3A 3B 3C 3D 3E 3F 40 41 42 43 44 45 46 47 
8  9                       A  B  C  D  E  F  G  

48 49 4A 4B 4C 4D 4E 4F 50 51 52 53 54 55 56 57 
H  I  J  K  L  M  N  O  P  Q  R  S  T  U  V  W  

58 59 5A 5B 5C 5D 5E 5F 60 61 62 63 64 65 66 67 
X  Y  Z                    a  b  c  d  e  f  g  

3B 35 00 00 00 33 34 35 36 37 38 39 3A 3B 3C 3D 
   5           3  4  5  6  7  8  9              

3E 3F 40 41 42 43 44 45 46 47 48 49 4A 4B 4C 4D 
         A  B  C  D  E  F  G  H  I  J  K  L  M  

4E 4F 50 51 52 53 54 55 56 57 58 59 5A 5B 5C 5D 
N  O  P  Q  R  S  T  U  V  W  X  Y  Z           

5E 5F 60 61 62 63 64 65 66 67 3C 00 3D 00 00 00 
         a  b  c  d  e  f  g                    

35 00 00 00 33 34 35 36 37 38 39 3A 3B 3C 3D 3E 
5           3  4  5  6  7  8  9                 

3F 40 41 42 43 44 45 46 47 48 49 4A 4B 4C 4D 4E 
      A  B  C  D  E  F  G  H  I  J  K  L  M  N  

4F 50 51 52 53 54 55 56 57 58 59 5A 5B 5C 5D 5E 
O  P  Q  R  S  T  U  V  W  X  Y  Z              

5F 60 61 62 63 64 65 66 67 35 00 36 00 17 00 00 
      a  b  c  d  e  f  g  5     6              

00 74 65 73 74 69 6E 67 20 6E 61 6D 65 20 73 74 
   t  e  s  t  i  n  g     n  a  m  e     s  t  

72 69 6E 67 20 23 35 35 1E 00 00 00 74 65 73 74 
r  i  n  g        5  5              t  e  s  t  

69 6E 67 20 63 6F 6E 74 65 78 74 6E 61 6D 65 20 
i  n  g     c  o  n  t  e  x  t  n  a  m  e     

73 74 72 69 6E 67 20 23 35 36 39 00 00 00 00 00 
s  t  r  i  n  g        5  6  9                 

00 00 00 FD 2E 2C D2 45 92 CF 88 01 3A 00 3B 00 
         ý        Ò  E     Ï                    

00 00 36 00 00 00 34 35 36 37 38 39 3A 3B 3C 3D 
      6           4  5  6  7  8  9              

3E 3F 40 41 42 43 44 45 46 47 48 49 4A 4B 4C 4D 
         A  B  C  D  E  F  G  H  I  J  K  L  M  

4E 4F 50 51 52 53 54 55 56 57 58 59 5A 5B 5C 5D 
N  O  P  Q  R  S  T  U  V  W  X  Y  Z           

5E 5F 60 61 62 63 64 65 66 67 68 69 3C 36 00 00 
         a  b  c  d  e  f  g  h  i     6        

00 34 35 36 37 38 39 3A 3B 3C 3D 3E 3F 40 41 42 
   4  5  6  7  8  9                       A  B  

43 44 45 46 47 48 49 4A 4B 4C 4D 4E 4F 50 51 52 
C  D  E  F  G  H  I  J  K  L  M  N  O  P  Q  R  

53 54 55 56 57 58 59 5A 5B 5C 5D 5E 5F 60 61 62 
S  T  U  V  W  X  Y  Z                    a  b  

63 64 65 66 67 68 69 3D 00 3E 00 00 00 36 00 00 
c  d  e  f  g  h  i                    6        

00 34 35 36 37 38 39 3A 3B 3C 3D 3E 3F 40 41 42 
   4  5  6  7  8  9                       A  B  

43 44 45 46 47 48 49 4A 4B 4C 4D 4E 4F 50 51 52 
C  D  E  F  G  H  I  J  K  L  M  N  O  P  Q  R  

53 54 55 56 57 58 59 5A 5B 5C 5D 5E 5F 60 61 62 
S  T  U  V  W  X  Y  Z                    a  b  

63 64 65 66 67 68 69 36 00 37 00 17 00 00 00 74 
c  d  e  f  g  h  i  6     7                 t  

65 73 74 69 6E 67 20 6E 61 6D 65 20 73 74 72 69 
e  s  t  i  n  g     n  a  m  e     s  t  r  i  

6E 67 20 23 35 36 1E 00 00 00 74 65 73 74 69 6E 
n  g        5  6              t  e  s  t  i  n  

67 20 63 6F 6E 74 65 78 74 6E 61 6D 65 20 73 74 
g     c  o  n  t  e  x  t  n  a  m  e     s  t  

72 69 6E 67 20 23 35 37 3A 00 00 00 00 00 00 00 
r  i  n  g        5  7                          

00 FD 2E 2C D2 45 92 CF 88 01 3B 00 3C 00 00 00 
   ý        Ò  E     Ï                          

37 00 00 00 35 36 37 38 39 3A 3B 3C 3D 3E 3F 40 
7           5  6  7  8  9                       

41 42 43 44 45 46 47 48 49 4A 4B 4C 4D 4E 4F 50 
A  B  C  D  E  F  G  H  I  J  K  L  M  N  O  P  

51 52 53 54 55 56 57 58 59 5A 5B 5C 5D 5E 5F 60 
Q  R  S  T  U  V  W  X  Y  Z                    

61 62 63 64 65 66 67 68 69 6A 6B 3D 37 00 00 00 
a  b  c  d  e  f  g  h  i  j  k     7           

35 36 37 38 39 3A 3B 3C 3D 3E 3F 40 41 42 43 44 
5  6  7  8  9                       A  B  C  D  

45 46 47 48 49 4A 4B 4C 4D 4E 4F 50 51 52 53 54 
E  F  G  H  I  J  K  L  M  N  O  P  Q  R  S  T  

55 56 57 58 59 5A 5B 5C 5D 5E 5F 60 61 62 63 64 
U  V  W  X  Y  Z                    a  b  c  d  

65 66 67 68 69 6A 6B 3E 00 3F 00 00 00 37 00 00 
e  f  g  h  i  j  k                    7        

00 35 36 37 38 39 3A 3B 3C 3D 3E 3F 40 41 42 43 
   5  6  7  8  9                       A  B  C  

44 45 46 47 48 49 4A 4B 4C 4D 4E 4F 50 51 52 53 
D  E  F  G  H  I  J  K  L  M  N  O  P  Q  R  S  

54 55 56 57 58 59 5A 5B 5C 5D 5E 5F 60 61 62 63 
T  U  V  W  X  Y  Z                    a  b  c  

64 65 66 67 68 69 6A 6B 37 00 38 00 17 00 00 00 
d  e  f  g  h  i  j  k  7     8                 

74 65 73 74 69 6E 67 20 6E 61 6D 65 20 73 74 72 
t  e  s  t  i  n  g     n  a  m  e     s  t  r  

69 6E 67 20 23 35 37 1E 00 00 00 74 65 73 74 69 
i  n  g        5  7              t  e  s  t  i  

6E 67 20 63 6F 6E 74 65 78 74 6E 61 6D 65 20 73 
n  g     c  o  n  t  e  x  t  n  a  m  e     s  

74 72 69 6E 67 20 23 35 38 3B 00 00 00 00 00 00 
t  r  i  n  g        5  8                       

00 00 FD 2E 2C D2 45 92 CF 88 01 3C 00 3D 00 00 
      ý        Ò  E     Ï                       

00 38 00 00 00 36 37 38 39 3A 3B 3C 3D 3E 3F 40 
   8           6  7  8  9                       

41 42 43 44 45 46 47 48 49 4A 4B 4C 4D 4E 4F 50 
A  B  C  D  E  F  G  H  I  J  K  L  M  N  O  P  

51 52 53 54 55 56 57 58 59 5A 5B 5C 5D 5E 5F 60 
Q  R  S  T  U  V  W  X  Y  Z                    

61 62 63 64 65 66 67 68 69 6A 6B 6C 6D 3E 38 00 
a  b  c  d  e  f  g  h  i  j  k  l  m     8     

00 00 36 37 38 39 3A 3B 3C 3D 3E 3F 40 41 42 43 
      6  7  8  9                       A  B  C  

44 45 46 47 48 49 4A 4B 4C 4D 4E 4F 50 51 52 53 
D  E  F  G  H  I  J  K  L  M  N  O  P  Q  R  S  

54 55 56 57 58 59 5A 5B 5C 5D 5E 5F 60 61 62 63 
T  U  V  W  X  Y  Z                    a  b  c  

64 65 66 67 68 69 6A 6B 6C 6D 3F 00 40 00 00 00 
d  e  f  g  h  i  j  k  l  m                    

38 00 00 00 36 37 38 39 3A 3B 3C 3D 3E 3F 40 41 
8           6  7  8  9                       A  

42 43 44 45 46 47 48 49 4A 4B 4C 4D 4E 4F 50 51 
B  C  D  E  F  G  H  I  J  K  L  M  N  O  P  Q  

52 53 54 55 56 57 58 59 5A 5B 5C 5D 5E 5F 60 61 
R  S  T  U  V  W  X  Y  Z                    a  

62 63 64 65 66 67 68 69 6A 6B 6C 6D 38 00 39 00 
b  c  d  e  f  g  h  i  j  k  l  m  8     9     

17 00 00 00 74 65 73 74 69 6E 67 20 6E 61 6D 65 
            t  e  s  t  i  n  g     n  a  m  e  

20 73 74 72 69 6E 67 20 23 35 38 1E 00 00 00 74 
   s  t  r  i  n  g        5  8              t  

65 73 74 69 6E 67 20 63 6F 6E 74 65 78 74 6E 61 
e  s  t  i  n  g     c  o  n  t  e  x  t  n  a  

6D 65 20 73 74 72 69 6E 67 20 23 35 39 3C 00 00 
m  e     s  t  r  i  n  g        5  9           

00 00 00 00 00 00 FD 2E 2C D2 45 92 CF 88 01 3D 
                  ý        Ò  E     Ï           

00 3E 00 00 00 39 00 00 00 37 38 39 3A 3B 3C 3D 
               9           7  8  9              

3E 3F 40 41 42 43 44 45 46 47 48 49 4A 4B 4C 4D 
         A  B  C  D  E  F  G  H  I  J  K  L  M  

4E 4F 50 51 52 53 54 55 56 57 58 59 5A 5B 5C 5D 
N  O  P  Q  R  S  T  U  V  W  X  Y  Z           

5E 5F 60 61 62 63 64 65 66 67 68 69 6A 6B 6C 6D 
         a  b  c  d  e  f  g  h  i  j  k  l  m  

6E 6F 3F 39 00 00 00 37 38 39 3A 3B 3C 3D 3E 3F 
n  o     9           7  8  9                    

40 41 42 43 44 45 46 47 48 49 4A 4B 4C 4D 4E 4F 
   A  B  C  D  E  F  G  H  I  J  K  L  M  N  O  

50 51 52 53 54 55 56 57 58 59 5A 5B 5C 5D 5E 5F 
P  Q  R  S  T  U  V  W  X  Y  Z                 

60 61 62 63 64 65 66 67 68 69 6A 6B 6C 6D 6E 6F 
   a  b  c  d  e  f  g  h  i  j  k  l  m  n  o  

40 00 41 00 00 00 39 00 00 00 37 38 39 3A 3B 3C 
      A           9           7  8  9           

3D 3E 3F 40 41 42 43 44 45 46 47 48 49 4A 4B 4C 
            A  B  C  D  E  F  G  H  I  J  K  L  

4D 4E 4F 50 51 52 53 54 55 56 57 58 59 5A 5B 5C 
M  N  O  P  Q  R  S  T  U  V  W  X  Y  Z        

5D 5E 5F 60 61 62 63 64 65 66 67 68 69 6A 6B 6C 
            a  b  c  d  e  f  g  h  i  j  k  l  

6D 6E 6F 39 00 3A 00 17 00 00 00 74 65 73 74 69 
m  n  o  9                       t  e  s  t  i  

6E 67 20 6E 61 6D 65 20 73 74 72 69 6E 67 20 23 
n  g     n  a  m  e     s  t  r  i  n  g        

35 39 1E 00 00 00 74 65 73 74 69 6E 67 20 63 6F 
5  9              t  e  s  t  i  n  g     c  o  

6E 74 65 78 74 6E 61 6D 65 20 73 74 72 69 6E 67 
n  t  e  x  t  n  a  m  e     s  t  r  i  n  g  

20 23 36 30 3D 00 00 00 00 00 00 00 00 FD 2E 2C 
      6  0                             ý        

D2 45 92 CF 88 01 3E 00 3F 00 00 00 3A 00 00 00 
Ò  E     Ï                                      

38 39 3A 3B 3C 3D 3E 3F 40 41 42 43 44 45 46 47 
8  9                       A  B  C  D  E  F  G  

48 49 4A 4B 4C 4D 4E 4F 50 51 52 53 54 55 56 57 
H  I  J  K  L  M  N  O  P  Q  R  S  T  U  V  W  

58 59 5A 5B 5C 5D 5E 5F 60 61 62 63 64 65 66 67 
X  Y  Z                    a  b  c  d  e  f  g  

68 69 6A 6B 6C 6D 6E 6F 70 71 40 3A 00 00 00 38 
h  i  j  k  l  m  n  o  p  q                 8  

39 3A 3B 3C 3D 3E 3F 40 41 42 43 44 45 46 47 48 
9                       A  B  C  D  E  F  G  H  

49 4A 4B 4C 4D 4E 4F 50 51 52 53 54 55 56 57 58 
I  J  K  L  M  N  O  P  Q  R  S  T  U  V  W  X  

59 5A 5B 5C 5D 5E 5F 60 61 62 63 64 65 66 67 68 
Y  Z                    a  b  c  d  e  f  g  h  

69 6A 6B 6C 6D 6E 6F 70 71 41 00 42 00 00 00 3A 
i  j  k  l  m  n  o  p  q  A     B              

00 00 00 38 39 3A 3B 3C 3D 3E 3F 40 41 42 43 44 
         8  9                       A  B  C  D  

45 46 47 48 49 4A 4B 4C 4D 4E 4F 50 51 52 53 54 
E  F  G  H  I  J  K  L  M  N  O  P  Q  R  S  T  

55 56 57 58 59 5A 5B 5C 5D 5E 5F 60 61 62 63 64 
U  V  W  X  Y  Z                    a  b  c  d  

65 66 67 68 69 6A 6B 6C 6D 6E 6F 70 71 3A 00 3B 
e  f  g  h  i  j  k  l  m  n  o  p  q           

00 17 00 00 00 74 65 73 74 69 6E 67 20 6E 61 6D 
               t  e  s  t  i  n  g     n  a  m  

65 20 73 74 72 69 6E 67 20 23 36 30 1E 00 00 00 
e     s  t  r  i  n  g        6  0              

74 65 73 74 69 6E 67 20 63 6F 6E 74 65 78 74 6E 
t  e  s  t  i  n  g     c  o  n  t  e  x  t  n  

61 6D 65 20 73 74 72 69 6E 67 20 23 36 31 3E 00 
a  m  e     s  t  r  i  n  g        6  1        

00 00 00 00 00 00 00 FD 2E 2C D2 45 92 CF 88 01 
                     ý        Ò  E     Ï        

3F 00 40 00 00 00 3B 00 00 00 39 3A 3B 3C 3D 3E 
                              9                 

3F 40 41 42 43 44 45 46 47 48 49 4A 4B 4C 4D 4E 
      A  B  C  D  E  F  G  H  I  J  K  L  M  N  

4F 50 51 52 53 54 55 56 57 58 59 5A 5B 5C 5D 5E 
O  P  Q  R  S  T  U  V  W  X  Y  Z              

5F 60 61 62 63 64 65 66 67 68 69 6A 6B 6C 6D 6E 
      a  b  c  d  e  f  g  h  i  j  k  l  m  n  

6F 70 71 72 73 41 3B 00 00 00 39 3A 3B 3C 3D 3E 
o  p  q  r  s  A              9                 

3F 40 41 42 43 44 45 46 47 48 49 4A 4B 4C 4D 4E 
      A  B  C  D  E  F  G  H  I  J  K  L  M  N  

4F 50 51 52 53 54 55 56 57 58 59 5A 5B 5C 5D 5E 
O  P  Q  R  S  T  U  V  W  X  Y  Z              

5F 60 61 62 63 64 65 66 67 68 69 6A 6B 6C 6D 6E 
      a  b  c  d  e  f  g  h  i  j  k  l  m  n  

6F 70 71 72 73 42 00 43 00 00 00 3B 00 00 00 39 
o  p  q  r  s  B     C                       9  

3A 3B 3C 3D 3E 3F 40 41 42 43 44 45 46 47 48 49 
                     A  B  C  D  E  F  G  H  I  

4A 4B 4C 4D 4E 4F 50 51 52 53 54 55 56 57 58 59 
J  K  L  M  N  O  P  Q  R  S  T  U  V  W  X  Y  

5A 5B 5C 5D 5E 5F 60 61 62 63 64 65 66 67 68 69 
Z                    a  b  c  d  e  f  g  h  i  

6A 6B 6C 6D 6E 6F 70 71 72 73 3B 00 3C 00 17 00 
j  k  l  m  n  o  p  q  r  s                    

00 00 74 65 73 74 69 6E 67 20 6E 61 6D 65 20 73 
      t  e  s  t  i  n  g     n  a  m  e     s  

74 72 69 6E 67 20 23 36 31 1E 00 00 00 74 65 73 
t  r  i  n  g        6  1              t  e  s  

74 69 6E 67 20 63 6F 6E 74 65 78 74 6E 61 6D 65 
t  i  n  g     c  o  n  t  e  x  t  n  a  m  e  

20 73 74 72 69 6E 67 20 23 36 32 3F 00 00 00 00 
   s  t  r  i  n  g        6  2                 

00 00 00 00 FD 2E 2C D2 45 92 CF 88 01 40 00 41 
            ý        Ò  E     Ï              A  

00 00 00 3C 00 00 00 3A 3B 3C 3D 3E 3F 40 41 42 
                                          A  B  

43 44 45 46 47 48 49 4A 4B 4C 4D 4E 4F 50 51 52 
C  D  E  F  G  H  I  J  K  L  M  N  O  P  Q  R  

53 54 55 56 57 58 59 5A 5B 5C 5D 5E 5F 60 61 62 
S  T  U  V  W  X  Y  Z                    a  b  

63 64 65 66 67 68 69 6A 6B 6C 6D 6E 6F 70 71 72 
c  d  e  f  g  h  i  j  k  l  m  n  o  p  q  r  

73 74 75 42 3C 00 00 00 3A 3B 3C 3D 3E 3F 40 41 
s  t  u  B                                   A  

42 43 44 45 46 47 48 49 4A 4B 4C 4D 4E 4F 50 51 
B  C  D  E  F  G  H  I  J  K  L  M  N  O  P  Q  

52 53 54 55 56 57 58 59 5A 5B 5C 5D 5E 5F 60 61 
R  S  T  U  V  W  X  Y  Z                    a  

62 63 64 65 66 67 68 69 6A 6B 6C 6D 6E 6F 70 71 
b  c  d  e  f  g  h  i  j  k  l  m  n  o  p  q  

72 73 74 75 43 00 44 00 00 00 3C 00 00 00 3A 3B 
r  s  t  u  C     D                             

3C 3D 3E 3F 40 41 42 43 44 45 46 47 48 49 4A 4B 
               A  B  C  D  E  F  G  H  I  J  K  

4C 4D 4E 4F 50 51 52 53 54 55 56 57 58 59 5A 5B 
L  M  N  O  P  Q  R  S  T  U  V  W  X  Y  Z     

5C 5D 5E 5F 60 61 62 63 64 65 66 67 68 69 6A 6B 
               a  b  c  d  e  f  g  h  i  j  k  

6C 6D 6E 6F 70 71 72 73 74 75 3C 00 3D 00 17 00 
l  m  n  o  p  q  r  s  t  u                    

00 00 74 65 73 74 69 6E 67 20 6E 61 6D 65 20 73 
      t  e  s  t  i  n  g     n  a  m  e     s  

74 72 69 6E 67 20 23 36 32 1E 00 00 00 74 65 73 
t  r  i  n  g        6  2              t  e  s  

74 69 6E 67 20 63 6F 6E 74 65 78 74 6E 61 6D 65 
t  i  n  g     c  o  n  t  e  x  t  n  a  m  e  

20 73 74 72 69 6E 67 20 23 36 33 40 00 00 00 00 
   s  t  r  i  n  g        6  3                 

00 00 00 00 FD 2E 2C D2 45 92 CF 88 01 41 00 42 
            ý        Ò  E     Ï        A     B  

00 00 00 3D 00 00 00 3B 3C 3D 3E 3F 40 41 42 43 
                                       A  B  C  

44 45 46 47 48 49 4A 4B 4C 4D 4E 4F 50 51 52 53 
D  E  F  G  H  I  J  K  L  M  N  O  P  Q  R  S  

54 55 56 57 58 59 5A 5B 5C 5D 5E 5F 60 61 62 63 
T  U  V  W  X  Y  Z                    a  b  c  

64 65 66 67 68 69 6A 6B 6C 6D 6E 6F 70 71 72 73 
d  e  f  g  h  i  j  k  l  m  n  o  p  q  r  s  

74 75 76 77 43 3D 00 00 00 3B 3C 3D 3E 3F 40 41 
t  u  v  w  C                                A  

42 43 44 45 46 47 48 49 4A 4B 4C 4D 4E 4F 50 51 
B  C  D  E  F  G  H  I  J  K  L  M  N  O  P  Q  

52 53 54 55 56 57 58 59 5A 5B 5C 5D 5E 5F 60 61 
R  S  T  U  V  W  X  Y  Z                    a  

62 63 64 65 66 67 68 69 6A 6B 6C 6D 6E 6F 70 71 
b  c  d  e  f  g  h  i  j  k  l  m  n  o  p  q  

72 73 74 75 76 77 44 00 45 00 00 00 3D 00 00 00 
r  s  t  u  v  w  D     E                       

3B 3C 3D 3E 3F 40 41 42 43 44 45 46 47 48 49 4A 
                  A  B  C  D  E  F  G  H  I  J  

4B 4C 4D 4E 4F 50 51 52 53 54 55 56 57 58 59 5A 
K  L  M  N  O  P  Q  R  S  T  U  V  W  X  Y  Z  

5B 5C 5D 5E 5F 60 61 62 63 64 65 66 67 68 69 6A 
                  a  b  c  d  e  f  g  h  i  j  

6B 6C 6D 6E 6F 70 71 72 73 74 75 76 77 3D 00 3E 
k  l  m  n  o  p  q  r  s  t  u  v  w           

00 17 00 00 00 74 65 73 74 69 6E 67 20 6E 61 6D 
               t  e  s  t  i  n  g     n  a  m  

65 20 73 74 72 69 6E 67 20 23 36 33 1E 00 00 00 
e     s  t  r  i  n  g        6  3              

74 65 73 74 69 6E 67 20 63 6F 6E 74 65 78 74 6E 
t  e  s  t  i  n  g     c  o  n  t  e  x  t  n  

61 6D 65 20 73 74 72 69 6E 67 20 23 36 34 41 00 
a  m  e     s  t  r  i  n  g        6  4  A     

00 00 00 00 00 00 00 FD 2E 2C D2 45 92 CF 88 01 
                     ý        Ò  E     Ï        

42 00 43 00 00 00 3E 00 00 00 3C 3D 3E 3F 40 41 
B     C                                      A  

42 43 44 45 46 47 48 49 4A 4B 4C 4D 4E 4F 50 51 
B  C  D  E  F  G  H  I  J  K  L  M  N  O  P  Q  

52 53 54 55 56 57 58 59 5A 5B 5C 5D 5E 5F 60 61 
R  S  T  U  V  W  X  Y  Z                    a  

62 63 64 65 66 67 68 69 6A 6B 6C 6D 6E 6F 70 71 
b  c  d  e  f  g  h  i  j  k  l  m  n  o  p  q  

72 73 74 75 76 77 78 79 44 3E 00 00 00 3C 3D 3E 
r  s  t  u  v  w  x  y  D                       

3F 40 41 42 43 44 45 46 47 48 49 4A 4B 4C 4D 4E 
      A  B  C  D  E  F  G  H  I  J  K  L  M  N  

4F 50 51 52 53 54 55 56 57 58 59 5A 5B 5C 5D 5E 
O  P  Q  R  S  T  U  V  W  X  Y  Z              

5F 60 61 62 63 64 65 66 67 68 69 6A 6B 6C 6D 6E 
      a  b  c  d  e  f  g  h  i  j  k  l  m  n  

6F 70 71 72 73 74 75 76 77 78 79 45 00 46 00 00 
o  p  q  r  s  t  u  v  w  x  y  E     F        

00 3E 00 00 00 3C 3D 3E 3F 40 41 42 43 44 45 46 
                              A  B  C  D  E  F  

47 48 49 4A 4B 4C 4D 4E 4F 50 51 52 53 54 55 56 
G  H  I  J  K  L  M  N  O  P  Q  R  S  T  U  V  

57 58 59 5A 5B 5C 5D 5E 5F 60 61 62 63 64 65 66 
W  X  Y  Z                    a  b  c  d  e  f  

67 68 69 6A 6B 6C 6D 6E 6F 70 71 72 73 74 75 76 
g  h  i  j  k  l  m  n  o  p  q  r  s  t  u  v  

77 78 79 3E 00 3F 00 17 00 00 00 74 65 73 74 69 
w  x  y                          t  e  s  t  i  

6E 67 20 6E 61 6D 65 20 73 74 72 69 6E 67 20 23 
n  g     n  a  m  e     s  t  r  i  n  g        

36 34 1E 00 00 00 74 65 73 74 69 6E 67 20 63 6F 
6  4              t  e  s  t  i  n  g     c  o  

6E 74 65 78 74 6E 61 6D 65 20 73 74 72 69 6E 67 
n  t  e  x  t  n  a  m  e     s  t  r  i  n  g  

20 23 36 35 42 00 00 00 00 00 00 00 00 FD 2E 2C 
      6  5  B                          ý        

D2 45 92 CF 88 01 43 00 44 00 00 00 3F 00 00 00 
Ò  E     Ï        C     D                       

3D 3E 3F 40 41 42 43 44 45 46 47 48 49 4A 4B 4C 
            A  B  C  D  E  F  G  H  I  J  K  L  

4D 4E 4F 50 51 52 53 54 55 56 57 58 59 5A 5B 5C 
M  N  O  P  Q  R  S  T  U  V  W  X  Y  Z        

5D 5E 5F 60 61 62 63 64 65 66 67 68 69 6A 6B 6C 
            a  b  c  d  e  f  g  h  i  j  k  l  

6D 6E 6F 70 71 72 73 74 75 76 77 78 79 7A 7B 45 
m  n  o  p  q  r  s  t  u  v  w  x  y  z     E  

3F 00 00 00 3D 3E 3F 40 41 42 43 44 45 46 47 48 
                        A  B  C  D  E  F  G  H  

49 4A 4B 4C 4D 4E 4F 50 51 52 53 54 55 56 57 58 
I  J  K  L  M  N  O  P  Q  R  S  T  U  V  W  X  

59 5A 5B 5C 5D 5E 5F 60 61 62 63 64 65 66 67 68 
Y  Z                    a  b  c  d  e  f  g  h  

69 6A 6B 6C 6D 6E 6F 70 71 72 73 74 75 76 77 78 
i  j  k  l  m  n  o  p  q  r  s  t  u  v  w  x  

79 7A 7B 46 00 47 00 00 00 3F 00 00 00 3D 3E 3F 
y  z     F     G                                

40 41 42 43 44 45 46 47 48 49 4A 4B 4C 4D 4E 4F 
   A  B  C  D  E  F  G  H  I  J  K  L  M  N  O  

50 51 52 53 54 55 56 57 58 59 5A 5B 5C 5D 5E 5F 
P  Q  R  S  T  U  V  W  X  Y  Z                 

60 61 62 63 64 65 66 67 68 69 6A 6B 6C 6D 6E 6F 
   a  b  c  d  e  f  g  h  i  j  k  l  m  n  o  

70 71 72 73 74 75 76 77 78 79 7A 7B 3F 00 40 00 
p  q  r  s  t  u  v  w  x  y  z                 

17 00 00 00 74 65 73 74 69 6E 67 20 6E 61 6D 65 
            t  e  s  t  i  n  g     n  a  m  e  

20 73 74 72 69 6E 67 20 23 36 35 1E 00 00 00 74 
   s  t  r  i  n  g        6  5              t  

65 73 74 69 6E 67 20 63 6F 6E 74 65 78 74 6E 61 
e  s  t  i  n  g     c  o  n  t  e  x  t  n  a  

6D 65 20 73 74 72 69 6E 67 20 23 36 36 43 00 00 
m  e     s  t  r  i  n  g        6  6  C        

00 00 00 00 00 00 FD 2E 2C D2 45 92 CF 88 01 44 
                  ý        Ò  E     Ï        D  

00 45 00 00 00 40 00 00 00 3E 3F 40 41 42 43 44 
   E                                A  B  C  D  

45 46 47 48 49 4A 4B 4C 4D 4E 4F 50 51 52 53 54 
E  F  G  H  I  J  K  L  M  N  O  P  Q  R  S  T  

55 56 57 58 59 5A 5B 5C 5D 5E 5F 60 61 62 63 64 
U  V  W  X  Y  Z                    a  b  c  d  

65 66 67 68 69 6A 6B 6C 6D 6E 6F 70 71 72 73 74 
e  f  g  h  i  j  k  l  m  n  o  p  q  r  s  t  

75 76 77 78 79 7A 7B 7C 7D 46 40 00 00 00 3E 3F 
u  v  w  x  y  z           F                    

40 41 42 43 44 45 46 47 48 49 4A 4B 4C 4D 4E 4F 
   A  B  C  D  E  F  G  H  I  J  K  L  M  N  O  

50 51 52 53 54 55 56 57 58 59 5A 5B 5C 5D 5E 5F 
P  Q  R  S  T  U  V  W  X  Y  Z                 

60 61 62 63 64 65 66 67 68 69 6A 6B 6C 6D 6E 6F 
   a  b  c  d  e  f  g  h  i  j  k  l  m  n  o  

70 71 72 73 74 75 76 77 78 79 7A 7B 7C 7D 47 00 
p  q  r  s  t  u  v  w  x  y  z           G     

48 00 00 00 40 00 00 00 3E 3F 40 41 42 43 44 45 
H                                A  B  C  D  E  

46 47 48 49 4A 4B 4C 4D 4E 4F 50 51 52 53 54 55 
F  G  H  I  J  K  L  M  N  O  P  Q  R  S  T  U  

56 57 58 59 5A 5B 5C 5D 5E 5F 60 61 62 63 64 65 
V  W  X  Y  Z                    a  b  c  d  e  

66 67 68 69 6A 6B 6C 6D 6E 6F 70 71 72 73 74 75 
f  g  h  i  j  k  l  m  n  o  p  q  r  s  t  u  

76 77 78 79 7A 7B 7C 7D 40 00 41 00 17 00 00 00 
v  w  x  y  z                 A                 

74 65 73 74 69 6E 67 20 6E 61 6D 65 20 73 74 72 
t  e  s  t  i  n  g     n  a  m  e     s  t  r  

69 6E 67 20 23 36 36 1E 00 00 00 74 65 73 74 69 
i  n  g        6  6              t  e  s  t  i  

6E 67 20 63 6F 6E 74 65 78 74 6E 61 6D 65 20 73 
n  g     c  o  n  t  e  x  t  n  a  m  e     s  

74 72 69 6E 67 20 23 36 37 44 00 00 00 00 00 00 
t  r  i  n  g        6  7  D                    

00 00 FD 2E 2C D2 45 92 CF 88 01 45 00 46 00 00 
      ý        Ò  E     Ï        E     F        

00 41 00 00 00 3F 40 41 42 43 44 45 46 47 48 49 
   A                 A  B  C  D  E  F  G  H  I  

4A 4B 4C 4D 4E 4F 50 51 52 53 54 55 56 57 58 59 
J  K  L  M  N  O  P  Q  R  S  T  U  V  W  X  Y  

5A 5B 5C 5D 5E 5F 60 61 62 63 64 65 66 67 68 69 
Z                    a  b  c  d  e  f  g  h  i  

6A 6B 6C 6D 6E 6F 70 71 72 73 74 75 76 77 78 79 
j  k  l  m  n  o  p  q  r  s  t  u  v  w  x  y  

7A 7B 7C 7D 7E 7F 47 41 00 00 00 3F 40 41 42 43 
z                 G  A                 A  B  C  

44 45 46 47 48 49 4A 4B 4C 4D 4E 4F 50 51 52 53 
D  E  F  G  H  I  J  K  L  M  N  O  P  Q  R  S  

54 55 56 57 58 59 5A 5B 5C 5D 5E 5F 60 61 62 63 
T  U  V  W  X  Y  Z                    a  b  c  

64 65 66 67 68 69 6A 6B 6C 6D 6E 6F 70 71 72 73 
d  e  f  g  h  i  j  k  l  m  n  o  p  q  r  s  

74 75 76 77 78 79 7A 7B 7C 7D 7E 7F 48 00 49 00 
t  u  v  w  x  y  z                 H     I     

00 00 41 00 00 00 3F 40 41 42 43 44 45 46 47 48 
      A                 A  B  C  D  E  F  G  H  

49 4A 4B 4C 4D 4E 4F 50 51 52 53 54 55 56 57 58 
I  J  K  L  M  N  O  P  Q  R  S  T  U  V  W  X  

59 5A 5B 5C 5D 5E 5F 60 61 62 63 64 65 66 67 68 
Y  Z                    a  b  c  d  e  f  g  h  

69 6A 6B 6C 6D 6E 6F 70 71 72 73 74 75 76 77 78 
i  j  k  l  m  n  o  p  q  r  s  t  u  v  w  x  

79 7A 7B 7C 7D 7E 7F 41 00 42 00 17 00 00 00 74 
y  z                 A     B                 t  

65 73 74 69 6E 67 20 6E 61 6D 65 20 73 74 72 69 
e  s  t  i  n  g     n  a  m  e     s  t  r  i  

6E 67 20 23 36 37 1E 00 00 00 74 65 73 74 69 6E 
n  g        6  7              t  e  s  t  i  n  

67 20 63 6F 6E 74 65 78 74 6E 61 6D 65 20 73 74 
g     c  o  n  t  e  x  t  n  a  m  e     s  t  

72 69 6E 67 20 23 36 38 45 00 00 00 00 00 00 00 
r  i  n  g        6  8  E                       

00 FD 2E 2C D2 45 92 CF 88 01 46 00 47 00 00 00 
   ý        Ò  E     Ï        F     G           

42 00 00 00 40 41 42 43 44 45 46 47 48 49 4A 4B 
B              A  B  C  D  E  F  G  H  I  J  K  

4C 4D 4E 4F 50 51 52 53 54 55 56 57 58 59 5A 5B 
L  M  N  O  P  Q  R  S  T  U  V  W  X  Y  Z     

5C 5D 5E 5F 60 61 62 63 64 65 66 67 68 69 6A 6B 
               a  b  c  d  e  f  g  h  i  j  k  

6C 6D 6E 6F 70 71 72 73 74 75 76 77 78 79 7A 7B 
l  m  n  o  p  q  r  s  t  u  v  w  x  y  z     

7C 7D 7E 7F 80 81 48 42 00 00 00 40 41 42 43 44 
                  H  B              A  B  C  D  

45 46 47 48 49 4A 4B 4C 4D 4E 4F 50 51 52 53 54 
E  F  G  H  I  J  K  L  M  N  O  P  Q  R  S  T  

55 56 57 58 59 5A 5B 5C 5D 5E 5F 60 61 62 63 64 
U  V  W  X  Y  Z                    a  b  c  d  

65 66 67 68 69 6A 6B 6C 6D 6E 6F 70 71 72 73 74 
e  f  g  h  i  j  k  l  m  n  o  p  q  r  s  t  

75 76 77 78 79 7A 7B 7C 7D 7E 7F 80 81 49 00 4A 
u  v  w  x  y  z                       I     J  

00 00 00 42 00 00 00 40 41 42 43 44 45 46 47 48 
         B              A  B  C  D  E  F  G  H  

49 4A 4B 4C 4D 4E 4F 50 51 52 53 54 55 56 57 58 
I  J  K  L  M  N  O  P  Q  R  S  T  U  V  W  X  

59 5A 5B 5C 5D 5E 5F 60 61 62 63 64 65 66 67 68 
Y  Z                    a  b  c  d  e  f  g  h  

69 6A 6B 6C 6D 6E 6F 70 71 72 73 74 75 76 77 78 
i  j  k  l  m  n  o  p  q  r  s  t  u  v  w  x  

79 7A 7B 7C 7D 7E 7F 80 81 42 00 43 00 17 00 00 
y  z                       B     C              

00 74 65 73 74 69 6E 67 20 6E 61 6D 65 20 73 74 
   t  e  s  t  i  n  g     n  a  m  e     s  t  

72 69 6E 67 20 23 36 38 1E 00 00 00 74 65 73 74 
r  i  n  g        6  8              t  e  s  t  

69 6E 67 20 63 6F 6E 74 65 78 74 6E 61 6D 65 20 
i  n  g     c  o  n  t  e  x  t  n  a  m  e     

73 74 72 69 6E 67 20 23 36 39 46 00 00 00 00 00 
s  t  r  i  n  g        6  9  F                 

00 00 00 FD 2E 2C D2 45 92 CF 88 01 47 00 48 00 
         ý        Ò  E     Ï        G     H     

00 00 43 00 00 00 41 42 43 44 45 46 47 48 49 4A 
      C           A  B  C  D  E  F  G  H  I  J  

4B 4C 4D 4E 4F 50 51 52 53 54 55 56 57 58 59 5A 
K  L  M  N  O  P  Q  R  S  T  U  V  W  X  Y  Z  

5B 5C 5D 5E 5F 60 61 62 63 64 65 66 67 68 69 6A 
                  a  b  c  d  e  f  g  h  i  j  

6B 6C 6D 6E 6F 70 71 72 73 74 75 76 77 78 79 7A 
k  l  m  n  o  p  q  r  s  t  u  v  w  x  y  z  

7B 7C 7D 7E 7F 80 81 82 83 49 43 00 00 00 41 42 
                           I  C           A  B  

43 44 45 46 47 48 49 4A 4B 4C 4D 4E 4F 50 51 52 
C  D  E  F  G  H  I  J  K  L  M  N  O  P  Q  R  

53 54 55 56 57 58 59 5A 5B 5C 5D 5E 5F 60 61 62 
S  T  U  V  W  X  Y  Z                    a  b  

63 64 65 66 67 68 69 6A 6B 6C 6D 6E 6F 70 71 72 
c  d  e  f  g  h  i  j  k  l  m  n  o  p  q  r  

73 74 75 76 77 78 79 7A 7B 7C 7D 7E 7F 80 81 82 
s  t  u  v  w  x  y  z                          

83 4A 00 4B 00 00 00 43 00 00 00 41 42 43 44 45 
   J     K           C           A  B  C  D  E  

46 47 48 49 4A 4B 4C 4D 4E 4F 50 51 52 53 54 55 
F  G  H  I  J  K  L  M  N  O  P  Q  R  S  T  U  

56 57 58 59 5A 5B 5C 5D 5E 5F 60 61 62 63 64 65 
V  W  X  Y  Z                    a  b  c  d  e  

66 67 68 69 6A 6B 6C 6D 6E 6F 70 71 72 73 74 75 
f  g  h  i  j  k  l  m  n  o  p  q  r  s  t  u  

76 77 78 79 7A 7B 7C 7D 7E 7F 80 81 82 83 43 00 
v  w  x  y  z                             C     

44 00 17 00 00 00 74 65 73 74 69 6E 67 20 6E 61 
D                 t  e  s  t  i  n  g     n  a  

6D 65 20 73 74 72 69 6E 67 20 23 36 39 1E 00 00 
m  e     s  t  r  i  n  g        6  9           

00 74 65 73 74 69 6E 67 20 63 6F 6E 74 65 78 74 
   t  e  s  t  i  n  g     c  o  n  t  e  x  t  

6E 61 6D 65 20 73 74 72 69 6E 67 20 23 37 30 47 
n  a  m  e     s  t  r  i  n  g        7  0  G  

00 00 00 00 00 00 00 00 FD 2E 2C D2 45 92 CF 88 
                        ý        Ò  E     Ï     

01 48 00 49 00 00 00 44 00 00 00 42 43 44 45 46 
   H     I           D           B  C  D  E  F  

47 48 49 4A 4B 4C 4D 4E 4F 50 51 52 53 54 55 56 
G  H  I  J  K  L  M  N  O  P  Q  R  S  T  U  V  

57 58 59 5A 5B 5C 5D 5E 5F 60 61 62 63 64 65 66 
W  X  Y  Z                    a  b  c  d  e  f  

67 68 69 6A 6B 6C 6D 6E 6F 70 71 72 73 74 75 76 
g  h  i  j  k  l  m  n  o  p  q  r  s  t  u  v  

77 78 79 7A 7B 7C 7D 7E 7F 80 81 82 83 84 85 4A 
w  x  y  z                                  J  

44 00 00 00 42 43 44 45 46 47 48 49 4A 4B 4C 4D 
D           B  C  D  E  F  G  H  I  J  K  L  M  

4E 4F 50 51 52 53 54 55 56 57 58 59 5A 5B 5C 5D 
N  O  P  Q  R  S  T  U  V  W  X  Y  Z           

5E 5F 60 61 62 63 64 65 66 67 68 69 6A 6B 6C 6D 
         a  b  c  d  e  f  g  h  i  j  k  l  m  

6E 6F 70 71 72 73 74 75 76 77 78 79 7A 7B 7C 7D 
n  o  p  q  r  s  t  u  v  w  x  y  z           

7E 7F 80 81 82 83 84 85 4B 00 4C 00 00 00 44 00 
                       K     L           D     

00 00 42 43 44 45 46 47 48 49 4A 4B 4C 4D 4E 4F 
      B  C  D  E  F  G  H  I  J  K  L  M  N  O  

50 51 52 53 54 55 56 57 58 59 5A 5B 5C 5D 5E 5F 
P  Q  R  S  T  U  V  W  X  Y  Z                 

60 61 62 63 64 65 66 67 68 69 6A 6B 6C 6D 6E 6F 
   a  b  c  d  e  f  g  h  i  j  k  l  m  n  o  

70 71 72 73 74 75 76 77 78 79 7A 7B 7C 7D 7E 7F 
p  q  r  s  t  u  v  w  x  y  z                 

80 81 82 83 84 85 44 00 45 00 17 00 00 00 74 65 
                 D     E                 t  e  

73 74 69 6E 67 20 6E 61 6D 65 20 73 74 72 69 6E 
s  t  i  n  g     n  a  m  e     s  t  r  i  n  

67 20 23 37 30 1E 00 00 00 74 65 73 74 69 6E 67 
g        7  0              t  e  s  t  i  n  g  

20 63 6F 6E 74 65 78 74 6E 61 6D 65 20 73 74 72 
   c  o  n  t  e  x  t  n  a  m  e     s  t  r  

69 6E 67 20 23 37 31 48 00 00 00 00 00 00 00 00 
i  n  g        7  1  H                          

FD 2E 2C D2 45 92 CF 88 01 49 00 4A 00 00 00 45 
ý        Ò  E     Ï        I     J           E  

00 00 00 43 44 45 46 47 48 49 4A 4B 4C 4D 4E 4F 
         C  D  E  F  G  H  I  J  K  L  M  N  O  

50 51 52 53 54 55 56 57 58 59 5A 5B 5C 5D 5E 5F 
P  Q  R  S  T  U  V  W  X  Y  Z                 

60 61 62 63 64 65 66 67 68 69 6A 6B 6C 6D 6E 6F 
   a  b  c  d  e  f  g  h  i  j  k  l  m  n  o  

70 71 72 73 74 75 76 77 78 79 7A 7B 7C 7D 7E 7F 
p  q  r  s  t  u  v  w  x  y  z                 

80 81 82 83 84 85 86 87 4B 45 00 00 00 43 44 45 
                       K  E           C  D  E  

46 47 48 49 4A 4B 4C 4D 4E 4F 50 51 52 53 54 55 
F  G  H  I  J  K  L  M  N  O  P  Q  R  S  T  U  

56 57 58 59 5A 5B 5C 5D 5E 5F 60 61 62 63 64 65 
V  W  X  Y  Z                    a  b  c  d  e  

66 67 68 69 6A 6B 6C 6D 6E 6F 70 71 72 73 74 75 
f  g  h  i  j  k  l  m  n  o  p  q  r  s  t  u  

76 77 78 79 7A 7B 7C 7D 7E 7F 80 81 82 83 84 85 
v  w  x  y  z                                  

86 87 4C 00 4D 00 00 00 45 00 00 00 43 44 45 46 
      L     M           E           C  D  E  F  

47 48 49 4A 4B 4C 4D 4E 4F 50 51 52 53 54 55 56 
G  H  I  J  K  L  M  N  O  P  Q  R  S  T  U  V  

57 58 59 5A 5B 5C 5D 5E 5F 60 61 62 63 64 65 66 
W  X  Y  Z                    a  b  c  d  e  f  

67 68 69 6A 6B 6C 6D 6E 6F 70 71 72 73 74 75 76 
g  h  i  j  k  l  m  n  o  p  q  r  s  t  u  v  

77 78 79 7A 7B 7C 7D 7E 7F 80 81 82 83 84 85 86 
w  x  y  z                                     

87 45 00 46 00 17 00 00 00 74 65 73 74 69 6E 67 
   E     F                 t  e  s  t  i  n  g  

20 6E 61 6D 65 20 73 74 72 69 6E 67 20 23 37 31 
   n  a  m  e     s  t  r  i  n  g        7  1  

1E 00 00 00 74 65 73 74 69 6E 67 20 63 6F 6E 74 
            t  e  s  t  i  n  g     c  o  n  t  

65 78 74 6E 61 6D 65 20 73 74 72 69 6E 67 20 23 
e  x  t  n  a  m  e     s  t  r  i  n  g        

37 32 49 00 00 00 00 00 00 00 00 FD 2E 2C D2 45 
7  2  I                          ý        Ò  E  

92 CF 88 01 4A 00 4B 00 00 00 46 00 00 00 44 45 
   Ï        J     K           F           D  E  

46 47 48 49 4A 4B 4C 4D 4E 4F 50 51 52 53 54 55 
F  G  H  I  J  K  L  M  N  O  P  Q  R  S  T  U  

56 57 58 59 5A 5B 5C 5D 5E 5F 60 61 62 63 64 65 
V  W  X  Y  Z                    a  b  c  d  e  

66 67 68 69 6A 6B 6C 6D 6E 6F 70 71 72 73 74 75 
f  g  h  i  j  k  l  m  n  o  p  q  r  s  t  u  

76 77 78 79 7A 7B 7C 7D 7E 7F 80 81 82 83 84 85 
v  w  x  y  z                                  

86 87 88 89 4C 46 00 00 00 44 45 46 47 48 49 4A 
            L  F           D  E  F  G  H  I  J  

4B 4C 4D 4E 4F 50 51 52 53 54 55 56 57 58 59 5A 
K  L  M  N  O  P  Q  R  S  T  U  V  W  X  Y  Z  

5B 5C 5D 5E 5F 60 61 62 63 64 65 66 67 68 69 6A 
                  a  b  c  d  e  f  g  h  i  j  

6B 6C 6D 6E 6F 70 71 72 73 74 75 76 77 78 79 7A 
k  l  m  n  o  p  q  r  s  t  u  v  w  x  y  z  

7B 7C 7D 7E 7F 80 81 82 83 84 85 86 87 88 89 4D 
                                            M  

00 4E 00 00 00 46 00 00 00 44 45 46 47 48 49 4A 
   N           F           D  E  F  G  H  I  J  

4B 4C 4D 4E 4F 50 51 52 53 54 55 56 57 58 59 5A 
K  L  M  N  O  P  Q  R  S  T  U  V  W  X  Y  Z  

5B 5C 5D 5E 5F 60 61 62 63 64 65 66 67 68 69 6A 
                  a  b  c  d  e  f  g  h  i  j  

6B 6C 6D 6E 6F 70 71 72 73 74 75 76 77 78 79 7A 
k  l  m  n  o  p  q  r  s  t  u  v  w  x  y  z  

7B 7C 7D 7E 7F 80 81 82 83 84 85 86 87 88 89 46 
                                            F  

00 47 00 17 00 00 00 74 65 73 74 69 6E 67 20 6E 
   G                 t  e  s  t  i  n  g     n  

61 6D 65 20 73 74 72 69 6E 67 20 23 37 32 1E 00 
a  m  e     s  t  r  i  n  g        7  2        

00 00 74 65 73 74 69 6E 67 20 63 6F 6E 74 65 78 
      t  e  s  t  i  n  g     c  o  n  t  e  x  

74 6E 61 6D 65 20 73 74 72 69 6E 67 20 23 37 33 
t  n  a  m  e     s  t  r  i  n  g        7  3  

4A 00 00 00 00 00 00 00 00 FD 2E 2C D2 45 92 CF 
J                          ý        Ò  E     Ï  

88 01 4B 00 4C 00 00 00 47 00 00 00 45 46 47 48 
      K     L           G           E  F  G  H  

49 4A 4B 4C 4D 4E 4F 50 51 52 53 54 55 56 57 58 
I  J  K  L  M  N  O  P  Q  R  S  T  U  V  W  X  

59 5A 5B 5C 5D 5E 5F 60 61 62 63 64 65 66 67 68 
Y  Z                    a  b  c  d  e  f  g  h  

69 6A 6B 6C 6D 6E 6F 70 71 72 73 74 75 76 77 78 
i  j  k  l  m  n  o  p  q  r  s  t  u  v  w  x  

79 7A 7B 7C 7D 7E 7F 80 81 82 83 84 85 86 87 88 
y  z                                           

89 8A 8B 4D 47 00 00 00 45 46 47 48 49 4A 4B 4C 
         M  G           E  F  G  H  I  J  K  L  

4D 4E 4F 50 51 52 53 54 55 56 57 58 59 5A 5B 5C 
M  N  O  P  Q  R  S  T  U  V  W  X  Y  Z        

5D 5E 5F 60 61 62 63 64 65 66 67 68 69 6A 6B 6C 
            a  b  c  d  e  f  g  h  i  j  k  l  

6D 6E 6F 70 71 72 73 74 75 76 77 78 79 7A 7B 7C 
m  n  o  p  q  r  s  t  u  v  w  x  y  z        

7D 7E 7F 80 81 82 83 84 85 86 87 88 89 8A 8B 4E 
                                            N  

00 4F 00 00 00 47 00 00 00 45 46 47 48 49 4A 4B 
   O           G           E  F  G  H  I  J  K  

4C 4D 4E 4F 50 51 52 53 54 55 56 57 58 59 5A 5B 
L  M  N  O  P  Q  R  S  T  U  V  W  X  Y  Z     

5C 5D 5E 5F 60 61 62 63 64 65 66 67 68 69 6A 6B 
               a  b  c  d  e  f  g  h  i  j  k  

6C 6D 6E 6F 70 71 72 73 74 75 76 77 78 79 7A 7B 
l  m  n  o  p  q  r  s  t  u  v  w  x  y  z     

7C 7D 7E 7F 80 81 82 83 84 85 86 87 88 89 8A 8B 
                                               

47 00 48 00 17 00 00 00 74 65 73 74 69 6E 67 20 
G     H                 t  e  s  t  i  n  g     

6E 61 6D 65 20 73 74 72 69 6E 67 20 23 37 33 1E 
n  a  m  e     s  t  r  i  n  g        7  3     

00 00 00 74 65 73 74 69 6E 67 20 63 6F 6E 74 65 
         t  e  s  t  i  n  g     c  o  n  t  e  

78 74 6E 61 6D 65 20 73 74 72 69 6E 67 20 23 37 
x  t  n  a  m  e     s  t  r  i  n  g        7  

34 4B 00 00 00 00 00 00 00 00 FD 2E 2C D2 45 92 
4  K                          ý        Ò  E     

CF 88 01 4C 00 4D 00 00 00 48 00 00 00 46 47 48 
Ï        L     M           H           F  G  H  

49 4A 4B 4C 4D 4E 4F 50 51 52 53 54 55 56 57 58 
I  J  K  L  M  N  O  P  Q  R  S  T  U  V  W  X  

59 5A 5B 5C 5D 5E 5F 60 61 62 63 64 65 66 67 68 
Y  Z                    a  b  c  d  e  f  g  h  

69 6A 6B 6C 6D 6E 6F 70 71 72 73 74 75 76 77 78 
i  j  k  l  m  n  o  p  q  r  s  t  u  v  w  x  

79 7A 7B 7C 7D 7E 7F 80 81 82 83 84 85 86 87 88 
y  z                                           

89 8A 8B 8C 8D 4E 48 00 00 00 46 47 48 49 4A 4B 
               N  H           F  G  H  I  J  K  

4C 4D 4E 4F 50 51 52 53 54 55 56 57 58 59 5A 5B 
L  M  N  O  P  Q  R  S  T  U  V  W  X  Y  Z     

5C 5D 5E 5F 60 61 62 63 64 65 66 67 68 69 6A 6B 
               a  b  c  d  e  f  g  h  i  j  k  

6C 6D 6E 6F 70 71 72 73 74 75 76 77 78 79 7A 7B 
l  m  n  o  p  q  r  s  t  u  v  w  x  y  z     

7C 7D 7E 7F 80 81 82 83 84 85 86 87 88 89 8A 8B 
                                               

8C 8D 4F 00 50 00 00 00 48 00 00 00 46 47 48 49 
      O     P           H           F  G  H  I  

4A 4B 4C 4D 4E 4F 50 51 52 53 54 55 56 57 58 59 
J  K  L  M  N  O  P  Q  R  S  T  U  V  W  X  Y  

5A 5B 5C 5D 5E 5F 60 61 62 63 64 65 66 67 68 69 
Z                    a  b  c  d  e  f  g  h  i  

6A 6B 6C 6D 6E 6F 70 71 72 73 74 75 76 77 78 79 
j  k  l  m  n  o  p  q  r  s  t  u  v  w  x  y  

7A 7B 7C 7D 7E 7F 80 81 82 83 84 85 86 87 88 89 
z                                              

8A 8B 8C 8D 48 00 49 00 17 00 00 00 74 65 73 74 
            H     I                 t  e  s  t  

69 6E 67 20 6E 61 6D 65 20 73 74 72 69 6E 67 20 
i  n  g     n  a  m  e     s  t  r  i  n  g     

23 37 34 1E 00 00 00 74 65 73 74 69 6E 67 20 63 
   7  4              t  e  s  t  i  n  g     c  

6F 6E 74 65 78 74 6E 61 6D 65 20 73 74 72 69 6E 
o  n  t  e  x  t  n  a  m  e     s  t  r  i  n  

67 20 23 37 35 4C 00 00 00 00 00 00 00 00 FD 2E 
g        7  5  L                          ý     

2C D2 45 92 CF 88 01 4D 00 4E 00 00 00 49 00 00 
   Ò  E     Ï        M     N           I        

00 47 48 49 4A 4B 4C 4D 4E 4F 50 51 52 53 54 55 
   G  H  I  J  K  L  M  N  O  P  Q  R  S  T  U  

56 57 58 59 5A 5B 5C 5D 5E 5F 60 61 62 63 64 65 
V  W  X  Y  Z                    a  b  c  d  e  

66 67 68 69 6A 6B 6C 6D 6E 6F 70 71 72 73 74 75 
f  g  h  i  j  k  l  m  n  o  p  q  r  s  t  u  

76 77 78 79 7A 7B 7C 7D 7E 7F 80 81 82 83 84 85 
v  w  x  y  z                                  

86 87 88 89 8A 8B 8C 8D 8E 8F 4F 49 00 00 00 47 
                              O  I           G  

48 49 4A 4B 4C 4D 4E 4F 50 51 52 53 54 55 56 57 
H  I  J  K  L  M  N  O  P  Q  R  S  T  U  V  W  

58 59 5A 5B 5C 5D 5E 5F 60 61 62 63 64 65 66 67 
X  Y  Z                    a  b  c  d  e  f  g  

68 69 6A 6B 6C 6D 6E 6F 70 71 72 73 74 75 76 77 
h  i  j  k  l  m  n  o  p  q  r  s  t  u  v  w  

78 79 7A 7B 7C 7D 7E 7F 80 81 82 83 84 85 86 87 
x  y  z                                        

88 89 8A 8B 8C 8D 8E 8F 50 00 51 00 00 00 49 00 
                        P     Q           I     

00 00 47 48 49 4A 4B 4C 4D 4E 4F 50 51 52 53 54 
      G  H  I  J  K  L  M  N  O  P  Q  R  S  T  

55 56 57 58 59 5A 5B 5C 5D 5E 5F 60 61 62 63 64 
U  V  W  X  Y  Z                    a  b  c  d  

65 66 67 68 69 6A 6B 6C 6D 6E 6F 70 71 72 73 74 
e  f  g  h  i  j  k  l  m  n  o  p  q  r  s  t  

75 76 77 78 79 7A 7B 7C 7D 7E 7F 80 81 82 83 84 
u  v  w  x  y  z                                

85 86 87 88 89 8A 8B 8C 8D 8E 8F 49 00 4A 00 17 
                                I     J        

00 00 00 74 65 73 74 69 6E 67 20 6E 61 6D 65 20 
         t  e  s  t  i  n  g     n  a  m  e     

73 74 72 69 6E 67 20 23 37 35 1E 00 00 00 74 65 
s  t  r  i  n  g        7  5              t  e  

73 74 69 6E 67 20 63 6F 6E 74 65 78 74 6E 61 6D 
s  t  i  n  g     c  o  n  t  e  x  t  n  a  m  

65 20 73 74 72 69 6E 67 20 23 37 36 4D 00 00 00 
e     s  t  r  i  n  g        7  6  M           

00 00 00 00 00 FD 2E 2C D2 45 92 CF 88 01 4E 00 
               ý        Ò  E     Ï        N     

4F 00 00 00 4A 00 00 00 48 49 4A 4B 4C 4D 4E 4F 
O           J           H  I  J  K  L  M  N  O  

50 51 52 53 54 55 56 57 58 59 5A 5B 5C 5D 5E 5F 
P  Q  R  S  T  U  V  W  X  Y  Z                 

60 61 62 63 64 65 66 67 68 69 6A 6B 6C 6D 6E 6F 
   a  b  c  d  e  f  g  h  i  j  k  l  m  n  o  

70 71 72 73 74 75 76 77 78 79 7A 7B 7C 7D 7E 7F 
p  q  r  s  t  u  v  w  x  y  z                 

80 81 82 83 84 85 86 87 88 89 8A 8B 8C 8D 8E 8F 
                                               

90 91 50 4A 00 00 00 48 49 4A 4B 4C 4D 4E 4F 50 
      P  J           H  I  J  K  L  M  N  O  P  

51 52 53 54 55 56 57 58 59 5A 5B 5C 5D 5E 5F 60 
Q  R  S  T  U  V  W  X  Y  Z                    

61 62 63 64 65 66 67 68 69 6A 6B 6C 6D 6E 6F 70 
a  b  c  d  e  f  g  h  i  j  k  l  m  n  o  p  

71 72 73 74 75 76 77 78 79 7A 7B 7C 7D 7E 7F 80 
q  r  s  t  u  v  w  x  y  z                    

81 82 83 84 85 86 87 88 89 8A 8B 8C 8D 8E 8F 90 
                                               

91 51 00 52 00 00 00 4A 00 00 00 48 49 4A 4B 4C 
   Q     R           J           H  I  J  K  L  

4D 4E 4F 50 51 52 53 54 55 56 57 58 59 5A 5B 5C 
M  N  O  P  Q  R  S  T  U  V  W  X  Y  Z        

5D 5E 5F 60 61 62 63 64 65 66 67 68 69 6A 6B 6C 
            a  b  c  d  e  f  g  h  i  j  k  l  

6D 6E 6F 70 71 72 73 74 75 76 77 78 79 7A 7B 7C 
m  n  o  p  q  r  s  t  u  v  w  x  y  z        

7D 7E 7F 80 81 82 83 84 85 86 87 88 89 8A 8B 8C 
                                               

8D 8E 8F 90 91 4A 00 4B 00 17 00 00 00 74 65 73 
               J     K                 t  e  s  

74 69 6E 67 20 6E 61 6D 65 20 73 74 72 69 6E 67 
t  i  n  g     n  a  m  e     s  t  r  i  n  g  

20 23 37 36 1E 00 00 00 74 65 73 74 69 6E 67 20 
      7  6              t  e  s  t  i  n  g     

63 6F 6E 74 65 78 74 6E 61 6D 65 20 73 74 72 69 
c  o  n  t  e  x  t  n  a  m  e     s  t  r  i  

6E 67 20 23 37 37 4E 00 00 00 00 00 00 00 00 FD 
n  g        7  7  N                          ý  

2E 2C D2 45 92 CF 88 01 4F 00 50 00 00 00 4B 00 
      Ò  E     Ï        O     P           K     

00 00 49 4A 4B 4C 4D 4E 4F 50 51 52 53 54 55 56 
      I  J  K  L  M  N  O  P  Q  R  S  T  U  V  

57 58 59 5A 5B 5C 5D 5E 5F 60 61 62 63 64 65 66 
W  X  Y  Z                    a  b  c  d  e  f  

67 68 69 6A 6B 6C 6D 6E 6F 70 71 72 73 74 75 76 
g  h  i  j  k  l  m  n  o  p  q  r  s  t  u  v  

77 78 79 7A 7B 7C 7D 7E 7F 80 81 82 83 84 85 86 
w  x  y  z                                     

87 88 89 8A 8B 8C 8D 8E 8F 90 91 92 93 51 4B 00 
                                       Q  K     

00 00 49 4A 4B 4C 4D 4E 4F 50 51 52 53 54 55 56 
      I  J  K  L  M  N  O  P  Q  R  S  T  U  V  

57 58 59 5A 5B 5C 5D 5E 5F 60 61 62 63 64 65 66 
W  X  Y  Z                    a  b  c  d  e  f  

67 68 69 6A 6B 6C 6D 6E 6F 70 71 72 73 74 75 76 
g  h  i  j  k  l  m  n  o  p  q  r  s  t  u  v  

77 78 79 7A 7B 7C 7D 7E 7F 80 81 82 83 84 85 86 
w  x  y  z                                     

87 88 89 8A 8B 8C 8D 8E 8F 90 91 92 93 52 00 53 
                                       R     S  

00 00 00 4B 00 00 00 49 4A 4B 4C 4D 4E 4F 50 51 
         K           I  J  K  L  M  N  O  P  Q  

52 53 54 55 56 57 58 59 5A 5B 5C 5D 5E 5F 60 61 
R  S  T  U  V  W  X  Y  Z                    a  

62 63 64 65 66 67 68 69 6A 6B 6C 6D 6E 6F 70 71 
b  c  d  e  f  g  h  i  j  k  l  m  n  o  p  q  

72 73 74 75 76 77 78 79 7A 7B 7C 7D 7E 7F 80 81 
r  s  t  u  v  w  x  y  z                       

82 83 84 85 86 87 88 89 8A 8B 8C 8D 8E 8F 90 91 
                                               

92 93 4B 00 4C 00 17 00 00 00 74 65 73 74 69 6E 
      K     L                 t  e  s  t  i  n  

67 20 6E 61 6D 65 20 73 74 72 69 6E 67 20 23 37 
g     n  a  m  e     s  t  r  i  n  g        7  

37 1E 00 00 00 74 65 73 74 69 6E 67 20 63 6F 6E 
7              t  e  s  t  i  n  g     c  o  n  

74 65 78 74 6E 61 6D 65 20 73 74 72 69 6E 67 20 
t  e  x  t  n  a  m  e     s  t  r  i  n  g     

23 37 38 4F 00 00 00 00 00 00 00 00 FD 2E 2C D2 
   7  8  O                          ý        Ò  

45 92 CF 88 01 50 00 51 00 00 00 4C 00 00 00 4A 
E     Ï        P     Q           L           J  

4B 4C 4D 4E 4F 50 51 52 53 54 55 56 57 58 59 5A 
K  L  M  N  O  P  Q  R  S  T  U  V  W  X  Y  Z  

5B 5C 5D 5E 5F 60 61 62 63 64 65 66 67 68 69 6A 
                  a  b  c  d  e  f  g  h  i  j  

6B 6C 6D 6E 6F 70 71 72 73 74 75 76 77 78 79 7A 
k  l  m  n  o  p  q  r  s  t  u  v  w  x  y  z  

7B 7C 7D 7E 7F 80 81 82 83 84 85 86 87 88 89 8A 
                                               

8B 8C 8D 8E 8F 90 91 92 93 94 95 52 4C 00 00 00 
                                 R  L           

4A 4B 4C 4D 4E 4F 50 51 52 53 54 55 56 57 58 59 
J  K  L  M  N  O  P  Q  R  S  T  U  V  W  X  Y  

5A 5B 5C 5D 5E 5F 60 61 62 63 64 65 66 67 68 69 
Z                    a  b  c  d  e  f  g  h  i  

6A 6B 6C 6D 6E 6F 70 71 72 73 74 75 76 77 78 79 
j  k  l  m  n  o  p  q  r  s  t  u  v  w  x  y  

7A 7B 7C 7D 7E 7F 80 81 82 83 84 85 86 87 88 89 
z                                              

8A 8B 8C 8D 8E 8F 90 91 92 93 94 95 53 00 54 00 
                                    S     T     

00 00 4C 00 00 00 4A 4B 4C 4D 4E 4F 50 51 52 53 
      L           J  K  L  M  N  O  P  Q  R  S  

54 55 56 57 58 59 5A 5B 5C 5D 5E 5F 60 61 62 63 
T  U  V  W  X  Y  Z                    a  b  c  

64 65 66 67 68 69 6A 6B 6C 6D 6E 6F 70 71 72 73 
d  e  f  g  h  i  j  k  l  m  n  o  p  q  r  s  

74 75 76 77 78 79 7A 7B 7C 7D 7E 7F 80 81 82 83 
t  u  v  w  x  y  z                             

84 85 86 87 88 89 8A 8B 8C 8D 8E 8F 90 91 92 93 
                                               

94 95 4C 00 4D 00 17 00 00 00 74 65 73 74 69 6E 
      L     M                 t  e  s  t  i  n  

67 20 6E 61 6D 65 20 73 74 72 69 6E 67 20 23 37 
g     n  a  m  e     s  t  r  i  n  g        7  

38 1E 00 00 00 74 65 73 74 69 6E 67 20 63 6F 6E 
8              t  e  s  t  i  n  g     c  o  n  

74 65 78 74 6E 61 6D 65 20 73 74 72 69 6E 67 20 
t  e  x  t  n  a  m  e     s  t  r  i  n  g     

23 37 39 50 00 00 00 00 00 00 00 00 FD 2E 2C D2 
   7  9  P                          ý        Ò  

45 92 CF 88 01 51 00 52 00 00 00 4D 00 00 00 4B 
E     Ï        Q     R           M           K  

4C 4D 4E 4F 50 51 52 53 54 55 56 57 58 59 5A 5B 
L  M  N  O  P  Q  R  S  T  U  V  W  X  Y  Z     

5C 5D 5E 5F 60 61 62 63 64 65 66 67 68 69 6A 6B 
               a  b  c  d  e  f  g  h  i  j  k  

6C 6D 6E 6F 70 71 72 73 74 75 76 77 78 79 7A 7B 
l  m  n  o  p  q  r  s  t  u  v  w  x  y  z     

7C 7D 7E 7F 80 81 82 83 84 85 86 87 88 89 8A 8B 
                                               

8C 8D 8E 8F 90 91 92 93 94 95 96 97 53 4D 00 00 
                                    S  M        

00 4B 4C 4D 4E 4F 50 51 52 53 54 55 56 57 58 59 
   K  L  M  N  O  P  Q  R  S  T  U  V  W  X  Y  

5A 5B 5C 5D 5E 5F 60 61 62 63 64 65 66 67 68 69 
Z                    a  b  c  d  e  f  g  h  i  

6A 6B 6C 6D 6E 6F 70 71 72 73 74 75 76 77 78 79 
j  k  l  m  n  o  p  q  r  s  t  u  v  w  x  y  

7A 7B 7C 7D 7E 7F 80 81 82 83 84 85 86 87 88 89 
z                                              

8A 8B 8C 8D 8E 8F 90 91 92 93 94 95 96 97 54 00 
                                          T     

55 00 00 00 4D 00 00 00 4B 4C 4D 4E 4F 50 51 52 
U           M           K  L  M  N  O  P  Q  R  

53 54 55 56 57 58 59 5A 5B 5C 5D 5E 5F 60 61 62 
S  T  U  V  W  X  Y  Z                    a  b  

63 64 65 66 67 68 69 6A 6B 6C 6D 6E 6F 70 71 72 
c  d  e  f  g  h  i  j  k  l  m  n  o  p  q  r  

73 74 75 76 77 78 79 7A 7B 7C 7D 7E 7F 80 81 82 
s  t  u  v  w  x  y  z                          

83 84 85 86 87 88 89 8A 8B 8C 8D 8E 8F 90 91 92 
                                               

93 94 95 96 97 4D 00 4E 00 17 00 00 00 74 65 73 
               M     N                 t  e  s  

74 69 6E 67 20 6E 61 6D 65 20 73 74 72 69 6E 67 
t  i  n  g     n  a  m  e     s  t  r  i  n  g  

20 23 37 39 1E 00 00 00 74 65 73 74 69 6E 67 20 
      7  9              t  e  s  t  i  n  g     

63 6F 6E 74 65 78 74 6E 61 6D 65 20 73 74 72 69 
c  o  n  t  e  x  t  n  a  m  e     s  t  r  i  

6E 67 20 23 38 30 51 00 00 00 00 00 00 00 00 0D 
n  g        8  0  Q                            

56 2C D2 45 92 CF 88 01 52 00 53 00 00 00 4E 00 
V     Ò  E     Ï        R     S           N     

00 00 4C 4D 4E 4F 50 51 52 53 54 55 56 57 58 59 
      L  M  N  O  P  Q  R  S  T  U  V  W  X  Y  

5A 5B 5C 5D 5E 5F 60 61 62 63 64 65 66 67 68 69 
Z                    a  b  c  d  e  f  g  h  i  

6A 6B 6C 6D 6E 6F 70 71 72 73 74 75 76 77 78 79 
j  k  l  m  n  o  p  q  r  s  t  u  v  w  x  y  

7A 7B 7C 7D 7E 7F 80 81 82 83 84 85 86 87 88 89 
z                                              

8A 8B 8C 8D 8E 8F 90 91 92 93 94 95 96 97 98 99 
                                                

54 4E 00 00 00 4C 4D 4E 4F 50 51 52 53 54 55 56 
T  N           L  M  N  O  P  Q  R  S  T  U  V  

57 58 59 5A 5B 5C 5D 5E 5F 60 61 62 63 64 65 66 
W  X  Y  Z                    a  b  c  d  e  f  

67 68 69 6A 6B 6C 6D 6E 6F 70 71 72 73 74 75 76 
g  h  i  j  k  l  m  n  o  p  q  r  s  t  u  v  

77 78 79 7A 7B 7C 7D 7E 7F 80 81 82 83 84 85 86 
w  x  y  z                                     

87 88 89 8A 8B 8C 8D 8E 8F 90 91 92 93 94 95 96 
                                                

97 98 99 55 00 56 00 00 00 4E 00 00 00 4C 4D 4E 
         U     V           N           L  M  N  

4F 50 51 52 53 54 55 56 57 58 59 5A 5B 5C 5D 5E 
O  P  Q  R  S  T  U  V  W  X  Y  Z              

5F 60 61 62 63 64 65 66 67 68 69 6A 6B 6C 6D 6E 
      a  b  c  d  e  f  g  h  i  j  k  l  m  n  

6F 70 71 72 73 74 75 76 77 78 79 7A 7B 7C 7D 7E 
o  p  q  r  s  t  u  v  w  x  y  z              

7F 80 81 82 83 84 85 86 87 88 89 8A 8B 8C 8D 8E 
                                               

8F 90 91 92 93 94 95 96 97 98 99 4E 00 4F 00 17 
                                 N     O        

00 00 00 74 65 73 74 69 6E 67 20 6E 61 6D 65 20 
         t  e  s  t  i  n  g     n  a  m  e     

73 74 72 69 6E 67 20 23 38 30 1E 00 00 00 74 65 
s  t  r  i  n  g        8  0              t  e  

73 74 69 6E 67 20 63 6F 6E 74 65 78 74 6E 61 6D 
s  t  i  n  g     c  o  n  t  e  x  t  n  a  m  

65 20 73 74 72 69 6E 67 20 23 38 31 52 00 00 00 
e     s  t  r  i  n  g        8  1  R           

00 00 00 00 00 0D 56 2C D2 45 92 CF 88 01 53 00 
                 V     Ò  E     Ï        S     

54 00 00 00 4F 00 00 00 4D 4E 4F 50 51 52 53 54 
T           O           M  N  O  P  Q  R  S  T  

55 56 57 58 59 5A 5B 5C 5D 5E 5F 60 61 62 63 64 
U  V  W  X  Y  Z                    a  b  c  d  

65 66 67 68 69 6A 6B 6C 6D 6E 6F 70 71 72 73 74 
e  f  g  h  i  j  k  l  m  n  o  p  q  r  s  t  

75 76 77 78 79 7A 7B 7C 7D 7E 7F 80 81 82 83 84 
u  v  w  x  y  z                                

85 86 87 88 89 8A 8B 8C 8D 8E 8F 90 91 92 93 94 
                                               

95 96 97 98 99 9A 9B 55 4F 00 00 00 4D 4E 4F 50 
                     U  O           M  N  O  P  

51 52 53 54 55 56 57 58 59 5A 5B 5C 5D 5E 5F 60 
Q  R  S  T  U  V  W  X  Y  Z                    

61 62 63 64 65 66 67 68 69 6A 6B 6C 6D 6E 6F 70 
a  b  c  d  e  f  g  h  i  j  k  l  m  n  o  p  

71 72 73 74 75 76 77 78 79 7A 7B 7C 7D 7E 7F 80 
q  r  s  t  u  v  w  x  y  z                    

81 82 83 84 85 86 87 88 89 8A 8B 8C 8D 8E 8F 90 
                                               

91 92 93 94 95 96 97 98 99 9A 9B 56 00 57 00 00 
                                 V     W        

00 4F 00 00 00 4D 4E 4F 50 51 52 53 54 55 56 57 
   O           M  N  O  P  Q  R  S  T  U  V  W  

58 59 5A 5B 5C 5D 5E 5F 60 61 62 63 64 65 66 67 
X  Y  Z                    a  b  c  d  e  f  g  

68 69 6A 6B 6C 6D 6E 6F 70 71 72 73 74 75 76 77 
h  i  j  k  l  m  n  o  p  q  r  s  t  u  v  w  

78 79 7A 7B 7C 7D 7E 7F 80 81 82 83 84 85 86 87 
x  y  z                                        

88 89 8A 8B 8C 8D 8E 8F 90 91 92 93 94 95 96 97 
                                                

98 99 9A 9B 4F 00 50 00 17 00 00 00 74 65 73 74 
            O     P                 t  e  s  t  

69 6E 67 20 6E 61 6D 65 20 73 74 72 69 6E 67 20 
i  n  g     n  a  m  e     s  t  r  i  n  g     

23 38 31 1E 00 00 00 74 65 73 74 69 6E 67 20 63 
   8  1              t  e  s  t  i  n  g     c  

6F 6E 74 65 78 74 6E 61 6D 65 20 73 74 72 69 6E 
o  n  t  e  x  t  n  a  m  e     s  t  r  i  n  

67 20 23 38 32 53 00 00 00 00 00 00 00 00 0D 56 
g        8  2  S                            V  

2C D2 45 92 CF 88 01 54 00 55 00 00 00 50 00 00 
   Ò  E     Ï        T     U           P        

00 4E 4F 50 51 52 53 54 55 56 57 58 59 5A 5B 5C 
   N  O  P  Q  R  S  T  U  V  W  X  Y  Z        

5D 5E 5F 60 61 62 63 64 65 66 67 68 69 6A 6B 6C 
            a  b  c  d  e  f  g  h  i  j  k  l  

6D 6E 6F 70 71 72 73 74 75 76 77 78 79 7A 7B 7C 
m  n  o  p  q  r  s  t  u  v  w  x  y  z        

7D 7E 7F 80 81 82 83 84 85 86 87 88 89 8A 8B 8C 
                                               

8D 8E 8F 90 91 92 93 94 95 96 97 98 99 9A 9B 9C 
                                                

9D 56 50 00 00 00 4E 4F 50 51 52 53 54 55 56 57 
   V  P           N  O  P  Q  R  S  T  U  V  W  

58 59 5A 5B 5C 5D 5E 5F 60 61 62 63 64 65 66 67 
X  Y  Z                    a  b  c  d  e  f  g  

68 69 6A 6B 6C 6D 6E 6F 70 71 72 73 74 75 76 77 
h  i  j  k  l  m  n  o  p  q  r  s  t  u  v  w  

78 79 7A 7B 7C 7D 7E 7F 80 81 82 83 84 85 86 87 
x  y  z                                        

88 89 8A 8B 8C 8D 8E 8F 90 91 92 93 94 95 96 97 
                                                

98 99 9A 9B 9C 9D 57 00 58 00 00 00 50 00 00 00 
                  W     X           P           

4E 4F 50 51 52 53 54 55 56 57 58 59 5A 5B 5C 5D 
N  O  P  Q  R  S  T  U  V  W  X  Y  Z           

5E 5F 60 61 62 63 64 65 66 67 68 69 6A 6B 6C 6D 
         a  b  c  d  e  f  g  h  i  j  k  l  m  

6E 6F 70 71 72 73 74 75 76 77 78 79 7A 7B 7C 7D 
n  o  p  q  r  s  t  u  v  w  x  y  z           

7E 7F 80 81 82 83 84 85 86 87 88 89 8A 8B 8C 8D 
                                               

8E 8F 90 91 92 93 94 95 96 97 98 99 9A 9B 9C 9D 
                                                

50 00 51 00 17 00 00 00 74 65 73 74 69 6E 67 20 
P     Q                 t  e  s  t  i  n  g     

6E 61 6D 65 20 73 74 72 69 6E 67 20 23 38 32 1E 
n  a  m  e     s  t  r  i  n  g        8  2     

00 00 00 74 65 73 74 69 6E 67 20 63 6F 6E 74 65 
         t  e  s  t  i  n  g     c  o  n  t  e  

78 74 6E 61 6D 65 20 73 74 72 69 6E 67 20 23 38 
x  t  n  a  m  e     s  t  r  i  n  g        8  

33 54 00 00 00 00 00 00 00 00 0D 56 2C D2 45 92 
3  T                            V     Ò  E     

CF 88 01 55 00 56 00 00 00 51 00 00 00 4F 50 51 
Ï        U     V           Q           O  P  Q  

52 53 54 55 56 57 58 59 5A 5B 5C 5D 5E 5F 60 61 
R  S  T  U  V  W  X  Y  Z                    a  

62 63 64 65 66 67 68 69 6A 6B 6C 6D 6E 6F 70 71 
b  c  d  e  f  g  h  i  j  k  l  m  n  o  p  q  

72 73 74 75 76 77 78 79 7A 7B 7C 7D 7E 7F 80 81 
r  s  t  u  v  w  x  y  z                       

82 83 84 85 86 87 88 89 8A 8B 8C 8D 8E 8F 90 91 
                                               

92 93 94 95 96 97 98 99 9A 9B 9C 9D 9E 9F 57 51 
                                          W  Q  

00 00 00 4F 50 51 52 53 54 55 56 57 58 59 5A 5B 
         O  P  Q  R  S  T  U  V  W  X  Y  Z     

5C 5D 5E 5F 60 61 62 63 64 65 66 67 68 69 6A 6B 
               a  b  c  d  e  f  g  h  i  j  k  

6C 6D 6E 6F 70 71 72 73 74 75 76 77 78 79 7A 7B 
l  m  n  o  p  q  r  s  t  u  v  w  x  y  z     

7C 7D 7E 7F 80 81 82 83 84 85 86 87 88 89 8A 8B 
                                               

8C 8D 8E 8F 90 91 92 93 94 95 96 97 98 99 9A 9B 
                                                

9C 9D 9E 9F 58 00 59 00 00 00 51 00 00 00 4F 50 
            X     Y           Q           O  P  

51 52 53 54 55 56 57 58 59 5A 5B 5C 5D 5E 5F 60 
Q  R  S  T  U  V  W  X  Y  Z                    

61 62 63 64 65 66 67 68 69 6A 6B 6C 6D 6E 6F 70 
a  b  c  d  e  f  g  h  i  j  k  l  m  n  o  p  

71 72 73 74 75 76 77 78 79 7A 7B 7C 7D 7E 7F 80 
q  r  s  t  u  v  w  x  y  z                    

81 82 83 84 85 86 87 88 89 8A 8B 8C 8D 8E 8F 90 
                                               

91 92 93 94 95 96 97 98 99 9A 9B 9C 9D 9E 9F 51 
                                             Q  

00 52 00 17 00 00 00 74 65 73 74 69 6E 67 20 6E 
   R                 t  e  s  t  i  n  g     n  

61 6D 65 20 73 74 72 69 6E 67 20 23 38 33 1E 00 
a  m  e     s  t  r  i  n  g        8  3        

00 00 74 65 73 74 69 6E 67 20 63 6F 6E 74 65 78 
      t  e  s  t  i  n  g     c  o  n  t  e  x  

74 6E 61 6D 65 20 73 74 72 69 6E 67 20 23 38 34 
t  n  a  m  e     s  t  r  i  n  g        8  4  

55 00 00 00 00 00 00 00 00 0D 56 2C D2 45 92 CF 
U                            V     Ò  E     Ï  

88 01 56 00 57 00 00 00 52 00 00 00 50 51 52 53 
      V     W           R           P  Q  R  S  

54 55 56 57 58 59 5A 5B 5C 5D 5E 5F 60 61 62 63 
T  U  V  W  X  Y  Z                    a  b  c  

64 65 66 67 68 69 6A 6B 6C 6D 6E 6F 70 71 72 73 
d  e  f  g  h  i  j  k  l  m  n  o  p  q  r  s  

74 75 76 77 78 79 7A 7B 7C 7D 7E 7F 80 81 82 83 
t  u  v  w  x  y  z                             

84 85 86 87 88 89 8A 8B 8C 8D 8E 8F 90 91 92 93 
                                               

94 95 96 97 98 99 9A 9B 9C 9D 9E 9F A0 A1 58 52 
                                          X  R  

00 00 00 50 51 52 53 54 55 56 57 58 59 5A 5B 5C 
         P  Q  R  S  T  U  V  W  X  Y  Z        

5D 5E 5F 60 61 62 63 64 65 66 67 68 69 6A 6B 6C 
            a  b  c  d  e  f  g  h  i  j  k  l  

6D 6E 6F 70 71 72 73 74 75 76 77 78 79 7A 7B 7C 
m  n  o  p  q  r  s  t  u  v  w  x  y  z        

7D 7E 7F 80 81 82 83 84 85 86 87 88 89 8A 8B 8C 
                                               

8D 8E 8F 90 91 92 93 94 95 96 97 98 99 9A 9B 9C 
                                                

9D 9E 9F A0 A1 59 00 5A 00 00 00 52 00 00 00 50 
               Y     Z           R           P  

51 52 53 54 55 56 57 58 59 5A 5B 5C 5D 5E 5F 60 
Q  R  S  T  U  V  W  X  Y  Z                    

61 62 63 64 65 66 67 68 69 6A 6B 6C 6D 6E 6F 70 
a  b  c  d  e  f  g  h  i  j  k  l  m  n  o  p  

71 72 73 74 75 76 77 78 79 7A 7B 7C 7D 7E 7F 80 
q  r  s  t  u  v  w  x  y  z                    

81 82 83 84 85 86 87 88 89 8A 8B 8C 8D 8E 8F 90 
                                               

91 92 93 94 95 96 97 98 99 9A 9B 9C 9D 9E 9F A0 
                                                

A1 52 00 53 00 17 00 00 00 74 65 73 74 69 6E 67 
   R     S                 t  e  s  t  i  n  g  

20 6E 61 6D 65 20 73 74 72 69 6E 67 20 23 38 34 
   n  a  m  e     s  t  r  i  n  g        8  4  

1E 00 00 00 74 65 73 74 69 6E 67 20 63 6F 6E 74 
            t  e  s  t  i  n  g     c  o  n  t  

65 78 74 6E 61 6D 65 20 73 74 72 69 6E 67 20 23 
e  x  t  n  a  m  e     s  t  r  i  n  g        

38 35 56 00 00 00 00 00 00 00 00 0D 56 2C D2 45 
8  5  V                            V     Ò  E  

92 CF 88 01 57 00 58 00 00 00 53 00 00 00 51 52 
   Ï        W     X           S           Q  R  

53 54 55 56 57 58 59 5A 5B 5C 5D 5E 5F 60 61 62 
S  T  U  V  W  X  Y  Z                    a  b  

63 64 65 66 67 68 69 6A 6B 6C 6D 6E 6F 70 71 72 
c  d  e  f  g  h  i  j  k  l  m  n  o  p  q  r  

73 74 75 76 77 78 79 7A 7B 7C 7D 7E 7F 80 81 82 
s  t  u  v  w  x  y  z                          

83 84 85 86 87 88 89 8A 8B 8C 8D 8E 8F 90 91 92 
                                               

93 94 95 96 97 98 99 9A 9B 9C 9D 9E 9F A0 A1 A2 
                                                

A3 59 53 00 00 00 51 52 53 54 55 56 57 58 59 5A 
   Y  S           Q  R  S  T  U  V  W  X  Y  Z  

5B 5C 5D 5E 5F 60 61 62 63 64 65 66 67 68 69 6A 
                  a  b  c  d  e  f  g  h  i  j  

6B 6C 6D 6E 6F 70 71 72 73 74 75 76 77 78 79 7A 
k  l  m  n  o  p  q  r  s  t  u  v  w  x  y  z  

7B 7C 7D 7E 7F 80 81 82 83 84 85 86 87 88 89 8A 
                                               

8B 8C 8D 8E 8F 90 91 92 93 94 95 96 97 98 99 9A 
                                                

9B 9C 9D 9E 9F A0 A1 A2 A3 5A 00 5B 00 00 00 53 
                           Z                 S  

00 00 00 51 52 53 54 55 56 57 58 59 5A 5B 5C 5D 
         Q  R  S  T  U  V  W  X  Y  Z           

5E 5F 60 61 62 63 64 65 66 67 68 69 6A 6B 6C 6D 
         a  b  c  d  e  f  g  h  i  j  k  l  m  

6E 6F 70 71 72 73 74 75 76 77 78 79 7A 7B 7C 7D 
n  o  p  q  r  s  t  u  v  w  x  y  z           

7E 7F 80 81 82 83 84 85 86 87 88 89 8A 8B 8C 8D 
                                               

8E 8F 90 91 92 93 94 95 96 97 98 99 9A 9B 9C 9D 
                                                

9E 9F A0 A1 A2 A3 53 00 54 00 17 00 00 00 74 65 
                  S     T                 t  e  

73 74 69 6E 67 20 6E 61 6D 65 20 73 74 72 69 6E 
s  t  i  n  g     n  a  m  e     s  t  r  i  n  

67 20 23 38 35 1E 00 00 00 74 65 73 74 69 6E 67 
g        8  5              t  e  s  t  i  n  g  

20 63 6F 6E 74 65 78 74 6E 61 6D 65 20 73 74 72 
   c  o  n  t  e  x  t  n  a  m  e     s  t  r  

69 6E 67 20 23 38 36 57 00 00 00 00 00 00 00 00 
i  n  g        8  6  W                          

0D 56 2C D2 45 92 CF 88 01 58 00 59 00 00 00 54 
  V     Ò  E     Ï        X     Y           T  

00 00 00 52 53 54 55 56 57 58 59 5A 5B 5C 5D 5E 
         R  S  T  U  V  W  X  Y  Z              

5F 60 61 62 63 64 65 66 67 68 69 6A 6B 6C 6D 6E 
      a  b  c  d  e  f  g  h  i  j  k  l  m  n  

6F 70 71 72 73 74 75 76 77 78 79 7A 7B 7C 7D 7E 
o  p  q  r  s  t  u  v  w  x  y  z              

7F 80 81 82 83 84 85 86 87 88 89 8A 8B 8C 8D 8E 
                                               

8F 90 91 92 93 94 95 96 97 98 99 9A 9B 9C 9D 9E 
                                                

9F A0 A1 A2 A3 A4 A5 5A 54 00 00 00 52 53 54 55 
                     Z  T           R  S  T  U  

56 57 58 59 5A 5B 5C 5D 5E 5F 60 61 62 63 64 65 
V  W  X  Y  Z                    a  b  c  d  e  

66 67 68 69 6A 6B 6C 6D 6E 6F 70 71 72 73 74 75 
f  g  h  i  j  k  l  m  n  o  p  q  r  s  t  u  

76 77 78 79 7A 7B 7C 7D 7E 7F 80 81 82 83 84 85 
v  w  x  y  z                                  

86 87 88 89 8A 8B 8C 8D 8E 8F 90 91 92 93 94 95 
                                                

96 97 98 99 9A 9B 9C 9D 9E 9F A0 A1 A2 A3 A4 A5 
                                                

5B 00 5C 00 00 00 54 00 00 00 52 53 54 55 56 57 
                  T           R  S  T  U  V  W  

58 59 5A 5B 5C 5D 5E 5F 60 61 62 63 64 65 66 67 
X  Y  Z                    a  b  c  d  e  f  g  

68 69 6A 6B 6C 6D 6E 6F 70 71 72 73 74 75 76 77 
h  i  j  k  l  m  n  o  p  q  r  s  t  u  v  w  

78 79 7A 7B 7C 7D 7E 7F 80 81 82 83 84 85 86 87 
x  y  z                                        

88 89 8A 8B 8C 8D 8E 8F 90 91 92 93 94 95 96 97 
                                                

98 99 9A 9B 9C 9D 9E 9F A0 A1 A2 A3 A4 A5 54 00 
                                          T     

55 00 17 00 00 00 74 65 73 74 69 6E 67 20 6E 61 
U                 t  e  s  t  i  n  g     n  a  

6D 65 20 73 74 72 69 6E 67 20 23 38 36 1E 00 00 
m  e     s  t  r  i  n  g        8  6           

00 74 65 73 74 69 6E 67 20 63 6F 6E 74 65 78 74 
   t  e  s  t  i  n  g     c  o  n  t  e  x  t  

6E 61 6D 65 20 73 74 72 69 6E 67 20 23 38 37 58 
n  a  m  e     s  t  r  i  n  g        8  7  X  

00 00 00 00 00 00 00 00 0D 56 2C D2 45 92 CF 88 
                          V     Ò  E     Ï     

01 59 00 5A 00 00 00 55 00 00 00 53 54 55 56 57 
   Y     Z           U           S  T  U  V  W  

58 59 5A 5B 5C 5D 5E 5F 60 61 62 63 64 65 66 67 
X  Y  Z                    a  b  c  d  e  f  g  

68 69 6A 6B 6C 6D 6E 6F 70 71 72 73 74 75 76 77 
h  i  j  k  l  m  n  o  p  q  r  s  t  u  v  w  

78 79 7A 7B 7C 7D 7E 7F 80 81 82 83 84 85 86 87 
x  y  z                                        

88 89 8A 8B 8C 8D 8E 8F 90 91 92 93 94 95 96 97 
                                                

98 99 9A 9B 9C 9D 9E 9F A0 A1 A2 A3 A4 A5 A6 A7 
                                                

5B 55 00 00 00 53 54 55 56 57 58 59 5A 5B 5C 5D 
   U           S  T  U  V  W  X  Y  Z           

5E 5F 60 61 62 63 64 65 66 67 68 69 6A 6B 6C 6D 
         a  b  c  d  e  f  g  h  i  j  k  l  m  

6E 6F 70 71 72 73 74 75 76 77 78 79 7A 7B 7C 7D 
n  o  p  q  r  s  t  u  v  w  x  y  z           

7E 7F 80 81 82 83 84 85 86 87 88 89 8A 8B 8C 8D 
                                               

8E 8F 90 91 92 93 94 95 96 97 98 99 9A 9B 9C 9D 
                                                

9E 9F A0 A1 A2 A3 A4 A5 A6 A7 5C 00 5D 00 00 00 
                                                

55 00 00 00 53 54 55 56 57 58 59 5A 5B 5C 5D 5E 
U           S  T  U  V  W  X  Y  Z              

5F 60 61 62 63 64 65 66 67 68 69 6A 6B 6C 6D 6E 
      a  b  c  d  e  f  g  h  i  j  k  l  m  n  

6F 70 71 72 73 74 75 76 77 78 79 7A 7B 7C 7D 7E 
o  p  q  r  s  t  u  v  w  x  y  z              

7F 80 81 82 83 84 85 86 87 88 89 8A 8B 8C 8D 8E 
                                               

8F 90 91 92 93 94 95 96 97 98 99 9A 9B 9C 9D 9E 
                                                

9F A0 A1 A2 A3 A4 A5 A6 A7 55 00 56 00 17 00 00 
                           U     V              

00 74 65 73 74 69 6E 67 20 6E 61 6D 65 20 73 74 
   t  e  s  t  i  n  g     n  a  m  e     s  t  

72 69 6E 67 20 23 38 37 1E 00 00 00 74 65 73 74 
r  i  n  g        8  7              t  e  s  t  

69 6E 67 20 63 6F 6E 74 65 78 74 6E 61 6D 65 20 
i  n  g     c  o  n  t  e  x  t  n  a  m  e     

73 74 72 69 6E 67 20 23 38 38 59 00 00 00 00 00 
s  t  r  i  n  g        8  8  Y                 

00 00 00 0D 56 2C D2 45 92 CF 88 01 5A 00 5B 00 
           V     Ò  E     Ï        Z           

00 00 56 00 00 00 54 55 56 57 58 59 5A 5B 5C 5D 
      V           T  U  V  W  X  Y  Z           

5E 5F 60 61 62 63 64 65 66 67 68 69 6A 6B 6C 6D 
         a  b  c  d  e  f  g  h  i  j  k  l  m  

6E 6F 70 71 72 73 74 75 76 77 78 79 7A 7B 7C 7D 
n  o  p  q  r  s  t  u  v  w  x  y  z           

7E 7F 80 81 82 83 84 85 86 87 88 89 8A 8B 8C 8D 
                                               

8E 8F 90 91 92 93 94 95 96 97 98 99 9A 9B 9C 9D 
                                                

9E 9F A0 A1 A2 A3 A4 A5 A6 A7 A8 A9 5C 56 00 00 
                                       V        

00 54 55 56 57 58 59 5A 5B 5C 5D 5E 5F 60 61 62 
   T  U  V  W  X  Y  Z                    a  b  

63 64 65 66 67 68 69 6A 6B 6C 6D 6E 6F 70 71 72 
c  d  e  f  g  h  i  j  k  l  m  n  o  p  q  r  

73 74 75 76 77 78 79 7A 7B 7C 7D 7E 7F 80 81 82 
s  t  u  v  w  x  y  z                          

83 84 85 86 87 88 89 8A 8B 8C 8D 8E 8F 90 91 92 
                                               

93 94 95 96 97 98 99 9A 9B 9C 9D 9E 9F A0 A1 A2 
                                                

A3 A4 A5 A6 A7 A8 A9 5D 00 5E 00 00 00 56 00 00 
                                       V        

00 54 55 56 57 58 59 5A 5B 5C 5D 5E 5F 60 61 62 
   T  U  V  W  X  Y  Z                    a  b  

63 64 65 66 67 68 69 6A 6B 6C 6D 6E 6F 70 71 72 
c  d  e  f  g  h  i  j  k  l  m  n  o  p  q  r  

73 74 75 76 77 78 79 7A 7B 7C 7D 7E 7F 80 81 82 
s  t  u  v  w  x  y  z                          

83 84 85 86 87 88 89 8A 8B 8C 8D 8E 8F 90 91 92 
                                               

93 94 95 96 97 98 99 9A 9B 9C 9D 9E 9F A0 A1 A2 
                                                

A3 A4 A5 A6 A7 A8 A9 56 00 57 00 17 00 00 00 74 
                     V     W                 t  

65 73 74 69 6E 67 20 6E 61 6D 65 20 73 74 72 69 
e  s  t  i  n  g     n  a  m  e     s  t  r  i  

6E 67 20 23 38 38 1E 00 00 00 74 65 73 74 69 6E 
n  g        8  8              t  e  s  t  i  n  

67 20 63 6F 6E 74 65 78 74 6E 61 6D 65 20 73 74 
g     c  o  n  t  e  x  t  n  a  m  e     s  t  

72 69 6E 67 20 23 38 39 5A 00 00 00 00 00 00 00 
r  i  n  g        8  9  Z                       

00 0D 56 2C D2 45 92 CF 88 01 5B 00 5C 00 00 00 
     V     Ò  E     Ï                          

57 00 00 00 55 56 57 58 59 5A 5B 5C 5D 5E 5F 60 
W           U  V  W  X  Y  Z                    

61 62 63 64 65 66 67 68 69 6A 6B 6C 6D 6E 6F 70 
a  b  c  d  e  f  g  h  i  j  k  l  m  n  o  p  

71 72 73 74 75 76 77 78 79 7A 7B 7C 7D 7E 7F 80 
q  r  s  t  u  v  w  x  y  z                    

81 82 83 84 85 86 87 88 89 8A 8B 8C 8D 8E 8F 90 
                                               

91 92 93 94 95 96 97 98 99 9A 9B 9C 9D 9E 9F A0 
                                                

A1 A2 A3 A4 A5 A6 A7 A8 A9 AA AB 5D 57 00 00 00 
                           ª        W           

55 56 57 58 59 5A 5B 5C 5D 5E 5F 60 61 62 63 64 
U  V  W  X  Y  Z                    a  b  c  d  

65 66 67 68 69 6A 6B 6C 6D 6E 6F 70 71 72 73 74 
e  f  g  h  i  j  k  l  m  n  o  p  q  r  s  t  

75 76 77 78 79 7A 7B 7C 7D 7E 7F 80 81 82 83 84 
u  v  w  x  y  z                                

85 86 87 88 89 8A 8B 8C 8D 8E 8F 90 91 92 93 94 
                                               

95 96 97 98 99 9A 9B 9C 9D 9E 9F A0 A1 A2 A3 A4 
                                                

A5 A6 A7 A8 A9 AA AB 5E 00 5F 00 00 00 57 00 00 
               ª                       W        

00 55 56 57 58 59 5A 5B 5C 5D 5E 5F 60 61 62 63 
   U  V  W  X  Y  Z                    a  b  c  

64 65 66 67 68 69 6A 6B 6C 6D 6E 6F 70 71 72 73 
d  e  f  g  h  i  j  k  l  m  n  o  p  q  r  s  

74 75 76 77 78 79 7A 7B 7C 7D 7E 7F 80 81 82 83 
t  u  v  w  x  y  z                             

84 85 86 87 88 89 8A 8B 8C 8D 8E 8F 90 91 92 93 
                                               

94 95 96 97 98 99 9A 9B 9C 9D 9E 9F A0 A1 A2 A3 
                                                

A4 A5 A6 A7 A8 A9 AA AB 57 00 58 00 17 00 00 00 
                  ª     W     X                 

74 65 73 74 69 6E 67 20 6E 61 6D 65 20 73 74 72 
t  e  s  t  i  n  g     n  a  m  e     s  t  r  

69 6E 67 20 23 38 39 1E 00 00 00 74 65 73 74 69 
i  n  g        8  9              t  e  s  t  i  

6E 67 20 63 6F 6E 74 65 78 74 6E 61 6D 65 20 73 
n  g     c  o  n  t  e  x  t  n  a  m  e     s  

74 72 69 6E 67 20 23 39 30 5B 00 00 00 00 00 00 
t  r  i  n  g        9  0                       

00 00 0D 56 2C D2 45 92 CF 88 01 5C 00 5D 00 00 
        V     Ò  E     Ï                       

00 58 00 00 00 56 57 58 59 5A 5B 5C 5D 5E 5F 60 
   X           V  W  X  Y  Z                    

61 62 63 64 65 66 67 68 69 6A 6B 6C 6D 6E 6F 70 
a  b  c  d  e  f  g  h  i  j  k  l  m  n  o  p  

71 72 73 74 75 76 77 78 79 7A 7B 7C 7D 7E 7F 80 
q  r  s  t  u  v  w  x  y  z                    

81 82 83 84 85 86 87 88 89 8A 8B 8C 8D 8E 8F 90 
                                               

91 92 93 94 95 96 97 98 99 9A 9B 9C 9D 9E 9F A0 
                                                

A1 A2 A3 A4 A5 A6 A7 A8 A9 AA AB AC AD 5E 58 00 
                           ª              X     

00 00 56 57 58 59 5A 5B 5C 5D 5E 5F 60 61 62 63 
      V  W  X  Y  Z                    a  b  c  

64 65 66 67 68 69 6A 6B 6C 6D 6E 6F 70 71 72 73 
d  e  f  g  h  i  j  k  l  m  n  o  p  q  r  s  

74 75 76 77 78 79 7A 7B 7C 7D 7E 7F 80 81 82 83 
t  u  v  w  x  y  z                             

84 85 86 87 88 89 8A 8B 8C 8D 8E 8F 90 91 92 93 
                                               

94 95 96 97 98 99 9A 9B 9C 9D 9E 9F A0 A1 A2 A3 
                                                

A4 A5 A6 A7 A8 A9 AA AB AC AD 5F 00 60 00 00 00 
                  ª                             

58 00 00 00 56 57 58 59 5A 5B 5C 5D 5E 5F 60 61 
X           V  W  X  Y  Z                    a  

62 63 64 65 66 67 68 69 6A 6B 6C 6D 6E 6F 70 71 
b  c  d  e  f  g  h  i  j  k  l  m  n  o  p  q  

72 73 74 75 76 77 78 79 7A 7B 7C 7D 7E 7F 80 81 
r  s  t  u  v  w  x  y  z                       

82 83 84 85 86 87 88 89 8A 8B 8C 8D 8E 8F 90 91 
                                               

92 93 94 95 96 97 98 99 9A 9B 9C 9D 9E 9F A0 A1 
                                                

A2 A3 A4 A5 A6 A7 A8 A9 AA AB AC AD 58 00 59 00 
                        ª           X     Y     

17 00 00 00 74 65 73 74 69 6E 67 20 6E 61 6D 65 
            t  e  s  t  i  n  g     n  a  m  e  

20 73 74 72 69 6E 67 20 23 39 30 1E 00 00 00 74 
   s  t  r  i  n  g        9  0              t  

65 73 74 69 6E 67 20 63 6F 6E 74 65 78 74 6E 61 
e  s  t  i  n  g     c  o  n  t  e  x  t  n  a  

6D 65 20 73 74 72 69 6E 67 20 23 39 31 5C 00 00 
m  e     s  t  r  i  n  g        9  1           

00 00 00 00 00 00 0D 56 2C D2 45 92 CF 88 01 5D 
                    V     Ò  E     Ï           

00 5E 00 00 00 59 00 00 00 57 58 59 5A 5B 5C 5D 
               Y           W  X  Y  Z           

5E 5F 60 61 62 63 64 65 66 67 68 69 6A 6B 6C 6D 
         a  b  c  d  e  f  g  h  i  j  k  l  m  

6E 6F 70 71 72 73 74 75 76 77 78 79 7A 7B 7C 7D 
n  o  p  q  r  s  t  u  v  w  x  y  z           

7E 7F 80 81 82 83 84 85 86 87 88 89 8A 8B 8C 8D 
                                               

8E 8F 90 91 92 93 94 95 96 97 98 99 9A 9B 9C 9D 
                                                

9E 9F A0 A1 A2 A3 A4 A5 A6 A7 A8 A9 AA AB AC AD 
                                    ª           

AE AF 5F 59 00 00 00 57 58 59 5A 5B 5C 5D 5E 5F 
         Y           W  X  Y  Z                 

60 61 62 63 64 65 66 67 68 69 6A 6B 6C 6D 6E 6F 
   a  b  c  d  e  f  g  h  i  j  k  l  m  n  o  

70 71 72 73 74 75 76 77 78 79 7A 7B 7C 7D 7E 7F 
p  q  r  s  t  u  v  w  x  y  z                 

80 81 82 83 84 85 86 87 88 89 8A 8B 8C 8D 8E 8F 
                                               

90 91 92 93 94 95 96 97 98 99 9A 9B 9C 9D 9E 9F 
                                                

A0 A1 A2 A3 A4 A5 A6 A7 A8 A9 AA AB AC AD AE AF 
                              ª                 

60 00 61 00 00 00 59 00 00 00 57 58 59 5A 5B 5C 
      a           Y           W  X  Y  Z        

5D 5E 5F 60 61 62 63 64 65 66 67 68 69 6A 6B 6C 
            a  b  c  d  e  f  g  h  i  j  k  l  

6D 6E 6F 70 71 72 73 74 75 76 77 78 79 7A 7B 7C 
m  n  o  p  q  r  s  t  u  v  w  x  y  z        

7D 7E 7F 80 81 82 83 84 85 86 87 88 89 8A 8B 8C 
                                               

8D 8E 8F 90 91 92 93 94 95 96 97 98 99 9A 9B 9C 
                                                

9D 9E 9F A0 A1 A2 A3 A4 A5 A6 A7 A8 A9 AA AB AC 
                                       ª        

AD AE AF 59 00 5A 00 17 00 00 00 74 65 73 74 69 
         Y     Z                 t  e  s  t  i  

6E 67 20 6E 61 6D 65 20 73 74 72 69 6E 67 20 23 
n  g     n  a  m  e     s  t  r  i  n  g        

39 31 1E 00 00 00 74 65 73 74 69 6E 67 20 63 6F 
9  1              t  e  s  t  i  n  g     c  o  

6E 74 65 78 74 6E 61 6D 65 20 73 74 72 69 6E 67 
n  t  e  x  t  n  a  m  e     s  t  r  i  n  g  

20 23 39 32 5D 00 00 00 00 00 00 00 00 0D 56 2C 
      9  2                               V     

D2 45 92 CF 88 01 5E 00 5F 00 00 00 5A 00 00 00 
Ò  E     Ï                          Z           

58 59 5A 5B 5C 5D 5E 5F 60 61 62 63 64 65 66 67 
X  Y  Z                    a  b  c  d  e  f  g  

68 69 6A 6B 6C 6D 6E 6F 70 71 72 73 74 75 76 77 
h  i  j  k  l  m  n  o  p  q  r  s  t  u  v  w  

78 79 7A 7B 7C 7D 7E 7F 80 81 82 83 84 85 86 87 
x  y  z                                        

88 89 8A 8B 8C 8D 8E 8F 90 91 92 93 94 95 96 97 
                                                

98 99 9A 9B 9C 9D 9E 9F A0 A1 A2 A3 A4 A5 A6 A7 
                                                

A8 A9 AA AB AC AD AE AF B0 B1 60 5A 00 00 00 58 
      ª                          Z           X  

59 5A 5B 5C 5D 5E 5F 60 61 62 63 64 65 66 67 68 
Y  Z                    a  b  c  d  e  f  g  h  

69 6A 6B 6C 6D 6E 6F 70 71 72 73 74 75 76 77 78 
i  j  k  l  m  n  o  p  q  r  s  t  u  v  w  x  

79 7A 7B 7C 7D 7E 7F 80 81 82 83 84 85 86 87 88 
y  z                                           

89 8A 8B 8C 8D 8E 8F 90 91 92 93 94 95 96 97 98 
                                                

99 9A 9B 9C 9D 9E 9F A0 A1 A2 A3 A4 A5 A6 A7 A8 
                                                

A9 AA AB AC AD AE AF B0 B1 61 00 62 00 00 00 5A 
   ª                       a     b           Z  

00 00 00 58 59 5A 5B 5C 5D 5E 5F 60 61 62 63 64 
         X  Y  Z                    a  b  c  d  

65 66 67 68 69 6A 6B 6C 6D 6E 6F 70 71 72 73 74 
e  f  g  h  i  j  k  l  m  n  o  p  q  r  s  t  

75 76 77 78 79 7A 7B 7C 7D 7E 7F 80 81 82 83 84 
u  v  w  x  y  z                                

85 86 87 88 89 8A 8B 8C 8D 8E 8F 90 91 92 93 94 
                                               

95 96 97 98 99 9A 9B 9C 9D 9E 9F A0 A1 A2 A3 A4 
                                                

A5 A6 A7 A8 A9 AA AB AC AD AE AF B0 B1 5A 00 5B 
               ª                       Z        

00 17 00 00 00 74 65 73 74 69 6E 67 20 6E 61 6D 
               t  e  s  t  i  n  g     n  a  m  

65 20 73 74 72 69 6E 67 20 23 39 32 1E 00 00 00 
e     s  t  r  i  n  g        9  2              

74 65 73 74 69 6E 67 20 63 6F 6E 74 65 78 74 6E 
t  e  s  t  i  n  g     c  o  n  t  e  x  t  n  

61 6D 65 20 73 74 72 69 6E 67 20 23 39 33 5E 00 
a  m  e     s  t  r  i  n  g        9  3        

00 00 00 00 00 00 00 0D 56 2C D2 45 92 CF 88 01 
                       V     Ò  E     Ï        

5F 00 60 00 00 00 5B 00 00 00 59 5A 5B 5C 5D 5E 
                              Y  Z              

5F 60 61 62 63 64 65 66 67 68 69 6A 6B 6C 6D 6E 
      a  b  c  d  e  f  g  h  i  j  k  l  m  n  

6F 70 71 72 73 74 75 76 77 78 79 7A 7B 7C 7D 7E 
o  p  q  r  s  t  u  v  w  x  y  z              

7F 80 81 82 83 84 85 86 87 88 89 8A 8B 8C 8D 8E 
                                               

8F 90 91 92 93 94 95 96 97 98 99 9A 9B 9C 9D 9E 
                                                

9F A0 A1 A2 A3 A4 A5 A6 A7 A8 A9 AA AB AC AD AE 
                                 ª              

AF B0 B1 B2 B3 61 5B 00 00 00 59 5A 5B 5C 5D 5E 
               a              Y  Z              

5F 60 61 62 63 64 65 66 67 68 69 6A 6B 6C 6D 6E 
      a  b  c  d  e  f  g  h  i  j  k  l  m  n  

6F 70 71 72 73 74 75 76 77 78 79 7A 7B 7C 7D 7E 
o  p  q  r  s  t  u  v  w  x  y  z              

7F 80 81 82 83 84 85 86 87 88 89 8A 8B 8C 8D 8E 
                                               

8F 90 91 92 93 94 95 96 97 98 99 9A 9B 9C 9D 9E 
                                                

9F A0 A1 A2 A3 A4 A5 A6 A7 A8 A9 AA AB AC AD AE 
                                 ª              

AF B0 B1 B2 B3 62 00 63 00 00 00 5B 00 00 00 59 
               b     c                       Y  

5A 5B 5C 5D 5E 5F 60 61 62 63 64 65 66 67 68 69 
Z                    a  b  c  d  e  f  g  h  i  

6A 6B 6C 6D 6E 6F 70 71 72 73 74 75 76 77 78 79 
j  k  l  m  n  o  p  q  r  s  t  u  v  w  x  y  

7A 7B 7C 7D 7E 7F 80 81 82 83 84 85 86 87 88 89 
z                                              

8A 8B 8C 8D 8E 8F 90 91 92 93 94 95 96 97 98 99 
                                                

9A 9B 9C 9D 9E 9F A0 A1 A2 A3 A4 A5 A6 A7 A8 A9 
                                                

AA AB AC AD AE AF B0 B1 B2 B3 5B 00 5C 00 17 00 
ª                                               

00 00 74 65 73 74 69 6E 67 20 6E 61 6D 65 20 73 
      t  e  s  t  i  n  g     n  a  m  e     s  

74 72 69 6E 67 20 23 39 33 1E 00 00 00 74 65 73 
t  r  i  n  g        9  3              t  e  s  

74 69 6E 67 20 63 6F 6E 74 65 78 74 6E 61 6D 65 
t  i  n  g     c  o  n  t  e  x  t  n  a  m  e  

20 73 74 72 69 6E 67 20 23 39 34 5F 00 00 00 00 
   s  t  r  i  n  g        9  4                 

00 00 00 00 0D 56 2C D2 45 92 CF 88 01 60 00 61 
              V     Ò  E     Ï              a  

00 00 00 5C 00 00 00 5A 5B 5C 5D 5E 5F 60 61 62 
                     Z                    a  b  

63 64 65 66 67 68 69 6A 6B 6C 6D 6E 6F 70 71 72 
c  d  e  f  g  h  i  j  k  l  m  n  o  p  q  r  

73 74 75 76 77 78 79 7A 7B 7C 7D 7E 7F 80 81 82 
s  t  u  v  w  x  y  z                          

83 84 85 86 87 88 89 8A 8B 8C 8D 8E 8F 90 91 92 
                                               

93 94 95 96 97 98 99 9A 9B 9C 9D 9E 9F A0 A1 A2 
                                                

A3 A4 A5 A6 A7 A8 A9 AA AB AC AD AE AF B0 B1 B2 
                     ª                          

B3 B4 B5 62 5C 00 00 00 5A 5B 5C 5D 5E 5F 60 61 
      µ  b              Z                    a  

62 63 64 65 66 67 68 69 6A 6B 6C 6D 6E 6F 70 71 
b  c  d  e  f  g  h  i  j  k  l  m  n  o  p  q  

72 73 74 75 76 77 78 79 7A 7B 7C 7D 7E 7F 80 81 
r  s  t  u  v  w  x  y  z                       

82 83 84 85 86 87 88 89 8A 8B 8C 8D 8E 8F 90 91 
                                               

92 93 94 95 96 97 98 99 9A 9B 9C 9D 9E 9F A0 A1 
                                                

A2 A3 A4 A5 A6 A7 A8 A9 AA AB AC AD AE AF B0 B1 
                        ª                       

B2 B3 B4 B5 63 00 64 00 00 00 5C 00 00 00 5A 5B 
         µ  c     d                       Z     

5C 5D 5E 5F 60 61 62 63 64 65 66 67 68 69 6A 6B 
               a  b  c  d  e  f  g  h  i  j  k  

6C 6D 6E 6F 70 71 72 73 74 75 76 77 78 79 7A 7B 
l  m  n  o  p  q  r  s  t  u  v  w  x  y  z     

7C 7D 7E 7F 80 81 82 83 84 85 86 87 88 89 8A 8B 
                                               

8C 8D 8E 8F 90 91 92 93 94 95 96 97 98 99 9A 9B 
                                                

9C 9D 9E 9F A0 A1 A2 A3 A4 A5 A6 A7 A8 A9 AA AB 
                                          ª     

AC AD AE AF B0 B1 B2 B3 B4 B5 5C 00 5D 00 17 00 
                           µ                    

00 00 74 65 73 74 69 6E 67 20 6E 61 6D 65 20 73 
      t  e  s  t  i  n  g     n  a  m  e     s  

74 72 69 6E 67 20 23 39 34 1E 00 00 00 74 65 73 
t  r  i  n  g        9  4              t  e  s  

74 69 6E 67 20 63 6F 6E 74 65 78 74 6E 61 6D 65 
t  i  n  g     c  o  n  t  e  x  t  n  a  m  e  

20 73 74 72 69 6E 67 20 23 39 35 60 00 00 00 00 
   s  t  r  i  n  g        9  5                 

00 00 00 00 0D 56 2C D2 45 92 CF 88 01 61 00 62 
              V     Ò  E     Ï        a     b  

00 00 00 5D 00 00 00 5B 5C 5D 5E 5F 60 61 62 63 
                                       a  b  c  

64 65 66 67 68 69 6A 6B 6C 6D 6E 6F 70 71 72 73 
d  e  f  g  h  i  j  k  l  m  n  o  p  q  r  s  

74 75 76 77 78 79 7A 7B 7C 7D 7E 7F 80 81 82 83 
t  u  v  w  x  y  z                             

84 85 86 87 88 89 8A 8B 8C 8D 8E 8F 90 91 92 93 
                                               

94 95 96 97 98 99 9A 9B 9C 9D 9E 9F A0 A1 A2 A3 
                                                

A4 A5 A6 A7 A8 A9 AA AB AC AD AE AF B0 B1 B2 B3 
                  ª                             

B4 B5 B6 B7 63 5D 00 00 00 5B 5C 5D 5E 5F 60 61 
   µ        c                                a  

62 63 64 65 66 67 68 69 6A 6B 6C 6D 6E 6F 70 71 
b  c  d  e  f  g  h  i  j  k  l  m  n  o  p  q  

72 73 74 75 76 77 78 79 7A 7B 7C 7D 7E 7F 80 81 
r  s  t  u  v  w  x  y  z                       

82 83 84 85 86 87 88 89 8A 8B 8C 8D 8E 8F 90 91 
                                               

92 93 94 95 96 97 98 99 9A 9B 9C 9D 9E 9F A0 A1 
                                                

A2 A3 A4 A5 A6 A7 A8 A9 AA AB AC AD AE AF B0 B1 
                        ª                       

B2 B3 B4 B5 B6 B7 64 00 65 00 00 00 5D 00 00 00 
         µ        d     e                       

5B 5C 5D 5E 5F 60 61 62 63 64 65 66 67 68 69 6A 
                  a  b  c  d  e  f  g  h  i  j  

6B 6C 6D 6E 6F 70 71 72 73 74 75 76 77 78 79 7A 
k  l  m  n  o  p  q  r  s  t  u  v  w  x  y  z  

7B 7C 7D 7E 7F 80 81 82 83 84 85 86 87 88 89 8A 
                                               

8B 8C 8D 8E 8F 90 91 92 93 94 95 96 97 98 99 9A 
                                                

9B 9C 9D 9E 9F A0 A1 A2 A3 A4 A5 A6 A7 A8 A9 AA 
                                             ª  

AB AC AD AE AF B0 B1 B2 B3 B4 B5 B6 B7 5D 00 5E 
                              µ                 

00 17 00 00 00 74 65 73 74 69 6E 67 20 6E 61 6D 
               t  e  s  t  i  n  g     n  a  m  

65 20 73 74 72 69 6E 67 20 23 39 35 1E 00 00 00 
e     s  t  r  i  n  g        9  5              

74 65 73 74 69 6E 67 20 63 6F 6E 74 65 78 74 6E 
t  e  s  t  i  n  g     c  o  n  t  e  x  t  n  

61 6D 65 20 73 74 72 69 6E 67 20 23 39 36 61 00 
a  m  e     s  t  r  i  n  g        9  6  a     

00 00 00 00 00 00 00 0D 56 2C D2 45 92 CF 88 01 
                       V     Ò  E     Ï        

62 00 63 00 00 00 5E 00 00 00 5C 5D 5E 5F 60 61 
b     c                                      a  

62 63 64 65 66 67 68 69 6A 6B 6C 6D 6E 6F 70 71 
b  c  d  e  f  g  h  i  j  k  l  m  n  o  p  q  

72 73 74 75 76 77 78 79 7A 7B 7C 7D 7E 7F 80 81 
r  s  t  u  v  w  x  y  z                       

82 83 84 85 86 87 88 89 8A 8B 8C 8D 8E 8F 90 91 
                                               

92 93 94 95 96 97 98 99 9A 9B 9C 9D 9E 9F A0 A1 
                                                

A2 A3 A4 A5 A6 A7 A8 A9 AA AB AC AD AE AF B0 B1 
                        ª                       

B2 B3 B4 B5 B6 B7 B8 B9 64 5E 00 00 00 5C 5D 5E 
         µ              d                       

5F 60 61 62 63 64 65 66 67 68 69 6A 6B 6C 6D 6E 
      a  b  c  d  e  f  g  h  i  j  k  l  m  n  

6F 70 71 72 73 74 75 76 77 78 79 7A 7B 7C 7D 7E 
o  p  q  r  s  t  u  v  w  x  y  z              

7F 80 81 82 83 84 85 86 87 88 89 8A 8B 8C 8D 8E 
                                               

8F 90 91 92 93 94 95 96 97 98 99 9A 9B 9C 9D 9E 
                                                

9F A0 A1 A2 A3 A4 A5 A6 A7 A8 A9 AA AB AC AD AE 
                                 ª              

AF B0 B1 B2 B3 B4 B5 B6 B7 B8 B9 65 00 66 00 00 
                  µ              e     f        

00 5E 00 00 00 5C 5D 5E 5F 60 61 62 63 64 65 66 
                              a  b  c  d  e  f  

67 68 69 6A 6B 6C 6D 6E 6F 70 71 72 73 74 75 76 
g  h  i  j  k  l  m  n  o  p  q  r  s  t  u  v  

77 78 79 7A 7B 7C 7D 7E 7F 80 81 82 83 84 85 86 
w  x  y  z                                     

87 88 89 8A 8B 8C 8D 8E 8F 90 91 92 93 94 95 96 
                                                

97 98 99 9A 9B 9C 9D 9E 9F A0 A1 A2 A3 A4 A5 A6 
                                                

A7 A8 A9 AA AB AC AD AE AF B0 B1 B2 B3 B4 B5 B6 
         ª                                µ     

B7 B8 B9 5E 00 5F 00 17 00 00 00 74 65 73 74 69 
                                 t  e  s  t  i  

6E 67 20 6E 61 6D 65 20 73 74 72 69 6E 67 20 23 
n  g     n  a  m  e     s  t  r  i  n  g        

39 36 1E 00 00 00 74 65 73 74 69 6E 67 20 63 6F 
9  6              t  e  s  t  i  n  g     c  o  

6E 74 65 78 74 6E 61 6D 65 20 73 74 72 69 6E 67 
n  t  e  x  t  n  a  m  e     s  t  r  i  n  g  

20 23 39 37 62 00 00 00 00 00 00 00 00 0D 56 2C 
      9  7  b                            V     

D2 45 92 CF 88 01 63 00 64 00 00 00 5F 00 00 00 
Ò  E     Ï        c     d                       

5D 5E 5F 60 61 62 63 64 65 66 67 68 69 6A 6B 6C 
            a  b  c  d  e  f  g  h  i  j  k  l  

6D 6E 6F 70 71 72 73 74 75 76 77 78 79 7A 7B 7C 
m  n  o  p  q  r  s  t  u  v  w  x  y  z        

7D 7E 7F 80 81 82 83 84 85 86 87 88 89 8A 8B 8C 
                                               

8D 8E 8F 90 91 92 93 94 95 96 97 98 99 9A 9B 9C 
                                                

9D 9E 9F A0 A1 A2 A3 A4 A5 A6 A7 A8 A9 AA AB AC 
                                       ª        

AD AE AF B0 B1 B2 B3 B4 B5 B6 B7 B8 B9 BA BB 65 
                        µ              º     e  

5F 00 00 00 5D 5E 5F 60 61 62 63 64 65 66 67 68 
                        a  b  c  d  e  f  g  h  

69 6A 6B 6C 6D 6E 6F 70 71 72 73 74 75 76 77 78 
i  j  k  l  m  n  o  p  q  r  s  t  u  v  w  x  

79 7A 7B 7C 7D 7E 7F 80 81 82 83 84 85 86 87 88 
y  z                                           

89 8A 8B 8C 8D 8E 8F 90 91 92 93 94 95 96 97 98 
                                                

99 9A 9B 9C 9D 9E 9F A0 A1 A2 A3 A4 A5 A6 A7 A8 
                                                

A9 AA AB AC AD AE AF B0 B1 B2 B3 B4 B5 B6 B7 B8 
   ª                                µ           

B9 BA BB 66 00 67 00 00 00 5F 00 00 00 5D 5E 5F 
   º     f     g                                

60 61 62 63 64 65 66 67 68 69 6A 6B 6C 6D 6E 6F 
   a  b  c  d  e  f  g  h  i  j  k  l  m  n  o  

70 71 72 73 74 75 76 77 78 79 7A 7B 7C 7D 7E 7F 
p  q  r  s  t  u  v  w  x  y  z                 

80 81 82 83 84 85 86 87 88 89 8A 8B 8C 8D 8E 8F 
                                               

90 91 92 93 94 95 96 97 98 99 9A 9B 9C 9D 9E 9F 
                                                

A0 A1 A2 A3 A4 A5 A6 A7 A8 A9 AA AB AC AD AE AF 
                              ª                 

B0 B1 B2 B3 B4 B5 B6 B7 B8 B9 BA BB 5F 00 60 00 
               µ              º                 

17 00 00 00 74 65 73 74 69 6E 67 20 6E 61 6D 65 
            t  e  s  t  i  n  g     n  a  m  e  

20 73 74 72 69 6E 67 20 23 39 37 1E 00 00 00 74 
   s  t  r  i  n  g        9  7              t  

65 73 74 69 6E 67 20 63 6F 6E 74 65 78 74 6E 61 
e  s  t  i  n  g     c  o  n  t  e  x  t  n  a  

6D 65 20 73 74 72 69 6E 67 20 23 39 38 63 00 00 
m  e     s  t  r  i  n  g        9  8  c        

00 00 00 00 00 00 0D 56 2C D2 45 92 CF 88 01 64 
                    V     Ò  E     Ï        d  

00 65 00 00 00 60 00 00 00 5E 5F 60 61 62 63 64 
   e                                a  b  c  d  

65 66 67 68 69 6A 6B 6C 6D 6E 6F 70 71 72 73 74 
e  f  g  h  i  j  k  l  m  n  o  p  q  r  s  t  

75 76 77 78 79 7A 7B 7C 7D 7E 7F 80 81 82 83 84 
u  v  w  x  y  z                                

85 86 87 88 89 8A 8B 8C 8D 8E 8F 90 91 92 93 94 
                                               

95 96 97 98 99 9A 9B 9C 9D 9E 9F A0 A1 A2 A3 A4 
                                                

A5 A6 A7 A8 A9 AA AB AC AD AE AF B0 B1 B2 B3 B4 
               ª                                

B5 B6 B7 B8 B9 BA BB BC BD 66 60 00 00 00 5E 5F 
µ              º           f                    

60 61 62 63 64 65 66 67 68 69 6A 6B 6C 6D 6E 6F 
   a  b  c  d  e  f  g  h  i  j  k  l  m  n  o  

70 71 72 73 74 75 76 77 78 79 7A 7B 7C 7D 7E 7F 
p  q  r  s  t  u  v  w  x  y  z                 

80 81 82 83 84 85 86 87 88 89 8A 8B 8C 8D 8E 8F 
                                               

90 91 92 93 94 95 96 97 98 99 9A 9B 9C 9D 9E 9F 
                                                

A0 A1 A2 A3 A4 A5 A6 A7 A8 A9 AA AB AC AD AE AF 
                              ª                 

B0 B1 B2 B3 B4 B5 B6 B7 B8 B9 BA BB BC BD 67 00 
               µ              º           g     

68 00 00 00 60 00 00 00 5E 5F 60 61 62 63 64 65 
h                                a  b  c  d  e  

66 67 68 69 6A 6B 6C 6D 6E 6F 70 71 72 73 74 75 
f  g  h  i  j  k  l  m  n  o  p  q  r  s  t  u  

76 77 78 79 7A 7B 7C 7D 7E 7F 80 81 82 83 84 85 
v  w  x  y  z                                  

86 87 88 89 8A 8B 8C 8D 8E 8F 90 91 92 93 94 95 
                                                

96 97 98 99 9A 9B 9C 9D 9E 9F A0 A1 A2 A3 A4 A5 
                                                

A6 A7 A8 A9 AA AB AC AD AE AF B0 B1 B2 B3 B4 B5 
            ª                                µ  

B6 B7 B8 B9 BA BB BC BD 60 00 61 00 17 00 00 00 
            º                 a                 

74 65 73 74 69 6E 67 20 6E 61 6D 65 20 73 74 72 
t  e  s  t  i  n  g     n  a  m  e     s  t  r  

69 6E 67 20 23 39 38 1E 00 00 00 74 65 73 74 69 
i  n  g        9  8              t  e  s  t  i  

6E 67 20 63 6F 6E 74 65 78 74 6E 61 6D 65 20 73 
n  g     c  o  n  t  e  x  t  n  a  m  e     s  

74 72 69 6E 67 20 23 39 39 64 00 00 00 00 00 00 
t  r  i  n  g        9  9  d                    

00 00 0D 56 2C D2 45 92 CF 88 01 65 00 66 00 00 
        V     Ò  E     Ï        e     f        

00 61 00 00 00 5F 60 61 62 63 64 65 66 67 68 69 
   a                 a  b  c  d  e  f  g  h  i  

6A 6B 6C 6D 6E 6F 70 71 72 73 74 75 76 77 78 79 
j  k  l  m  n  o  p  q  r  s  t  u  v  w  x  y  

7A 7B 7C 7D 7E 7F 80 81 82 83 84 85 86 87 88 89 
z                                              

8A 8B 8C 8D 8E 8F 90 91 92 93 94 95 96 97 98 99 
                                                

9A 9B 9C 9D 9E 9F A0 A1 A2 A3 A4 A5 A6 A7 A8 A9 
                                                

AA AB AC AD AE AF B0 B1 B2 B3 B4 B5 B6 B7 B8 B9 
ª                                µ              

BA BB BC BD BE BF 67 61 00 00 00 5F 60 61 62 63 
º                 g  a                 a  b  c  

64 65 66 67 68 69 6A 6B 6C 6D 6E 6F 70 71 72 73 
d  e  f  g  h  i  j  k  l  m  n  o  p  q  r  s  

74 75 76 77 78 79 7A 7B 7C 7D 7E 7F 80 81 82 83 
t  u  v  w  x  y  z                             

84 85 86 87 88 89 8A 8B 8C 8D 8E 8F 90 91 92 93 
                                               

94 95 96 97 98 99 9A 9B 9C 9D 9E 9F A0 A1 A2 A3 
                                                

A4 A5 A6 A7 A8 A9 AA AB AC AD AE AF B0 B1 B2 B3 
                  ª                             

B4 B5 B6 B7 B8 B9 BA BB BC BD BE BF 68 00 69 00 
   µ              º                 h     i     

00 00 61 00 00 00 5F 60 61 62 63 64 65 66 67 68 
      a                 a  b  c  d  e  f  g  h  

69 6A 6B 6C 6D 6E 6F 70 71 72 73 74 75 76 77 78 
i  j  k  l  m  n  o  p  q  r  s  t  u  v  w  x  

79 7A 7B 7C 7D 7E 7F 80 81 82 83 84 85 86 87 88 
y  z                                           

89 8A 8B 8C 8D 8E 8F 90 91 92 93 94 95 96 97 98 
                                                

99 9A 9B 9C 9D 9E 9F A0 A1 A2 A3 A4 A5 A6 A7 A8 
                                                

A9 AA AB AC AD AE AF B0 B1 B2 B3 B4 B5 B6 B7 B8 
   ª                                µ           

B9 BA BB BC BD BE BF 61 00 62 00 17 00 00 00 74 
   º                 a     b                 t  

65 73 74 69 6E 67 20 6E 61 6D 65 20 73 74 72 69 
e  s  t  i  n  g     n  a  m  e     s  t  r  i  

6E 67 20 23 39 39 1F 00 00 00 74 65 73 74 69 6E 
n  g        9  9              t  e  s  t  i  n  

67 20 63 6F 6E 74 65 78 74 6E 61 6D 65 20 73 74 
g     c  o  n  t  e  x  t  n  a  m  e     s  t  

72 69 6E 67 20 23 31 30 30 65 00 00 00 00 00 00 
r  i  n  g        1  0  0  e                    

00 00 0D 56 2C D2 45 92 CF 88 01 66 00 67 00 00 
        V     Ò  E     Ï        f     g        

00 62 00 00 00 60 61 62 63 64 65 66 67 68 69 6A 
   b              a  b  c  d  e  f  g  h  i  j  

6B 6C 6D 6E 6F 70 71 72 73 74 75 76 77 78 79 7A 
k  l  m  n  o  p  q  r  s  t  u  v  w  x  y  z  

7B 7C 7D 7E 7F 80 81 82 83 84 85 86 87 88 89 8A 
                                               

8B 8C 8D 8E 8F 90 91 92 93 94 95 96 97 98 99 9A 
                                                

9B 9C 9D 9E 9F A0 A1 A2 A3 A4 A5 A6 A7 A8 A9 AA 
                                             ª  

AB AC AD AE AF B0 B1 B2 B3 B4 B5 B6 B7 B8 B9 BA 
                              µ              º  

BB BC BD BE BF C0 C1 68 62 00 00 00 60 61 62 63 
               À  Á  h  b              a  b  c  

64 65 66 67 68 69 6A 6B 6C 6D 6E 6F 70 71 72 73 
d  e  f  g  h  i  j  k  l  m  n  o  p  q  r  s  

74 75 76 77 78 79 7A 7B 7C 7D 7E 7F 80 81 82 83 
t  u  v  w  x  y  z                             

84 85 86 87 88 89 8A 8B 8C 8D 8E 8F 90 91 92 93 
                                               

94 95 96 97 98 99 9A 9B 9C 9D 9E 9F A0 A1 A2 A3 
                                                

A4 A5 A6 A7 A8 A9 AA AB AC AD AE AF B0 B1 B2 B3 
                  ª                             

B4 B5 B6 B7 B8 B9 BA BB BC BD BE BF C0 C1 69 00 
   µ              º                 À  Á  i     

6A 00 00 00 62 00 00 00 60 61 62 63 64 65 66 67 
j           b              a  b  c  d  e  f  g  

68 69 6A 6B 6C 6D 6E 6F 70 71 72 73 74 75 76 77 
h  i  j  k  l  m  n  o  p  q  r  s  t  u  v  w  

78 79 7A 7B 7C 7D 7E 7F 80 81 82 83 84 85 86 87 
x  y  z                                        

88 89 8A 8B 8C 8D 8E 8F 90 91 92 93 94 95 96 97 
                                                

98 99 9A 9B 9C 9D 9E 9F A0 A1 A2 A3 A4 A5 A6 A7 
                                                

A8 A9 AA AB AC AD AE AF B0 B1 B2 B3 B4 B5 B6 B7 
      ª                                µ        

B8 B9 BA BB BC BD BE BF C0 C1 62 00 63 00 18 00 
      º                 À  Á  b     c           

00 00 74 65 73 74 69 6E 67 20 6E 61 6D 65 20 73 
      t  e  s  t  i  n  g     n  a  m  e     s  

74 72 69 6E 67 20 23 31 30 30 1F 00 00 00 74 65 
t  r  i  n  g        1  0  0              t  e  

73 74 69 6E 67 20 63 6F 6E 74 65 78 74 6E 61 6D 
s  t  i  n  g     c  o  n  t  e  x  t  n  a  m  

65 20 73 74 72 69 6E 67 20 23 31 30 31 66 00 00 
e     s  t  r  i  n  g        1  0  1  f        

00 00 00 00 00 00 0D 56 2C D2 45 92 CF 88 01 67 
                    V     Ò  E     Ï        g  

00 68 00 00 00 63 00 00 00 61 62 63 64 65 66 67 
   h           c           a  b  c  d  e  f  g  

68 69 6A 6B 6C 6D 6E 6F 70 71 72 73 74 75 76 77 
h  i  j  k  l  m  n  o  p  q  r  s  t  u  v  w  

78 79 7A 7B 7C 7D 7E 7F 80 81 82 83 84 85 86 87 
x  y  z                                        

88 89 8A 8B 8C 8D 8E 8F 90 91 92 93 94 95 96 97 
                                                

98 99 9A 9B 9C 9D 9E 9F A0 A1 A2 A3 A4 A5 A6 A7 
                                                

A8 A9 AA AB AC AD AE AF B0 B1 B2 B3 B4 B5 B6 B7 
      ª                                µ        

B8 B9 BA BB BC BD BE BF C0 C1 C2 C3 69 63 00 00 
      º                 À  Á  Â  Ã  i  c        

00 61 62 63 64 65 66 67 68 69 6A 6B 6C 6D 6E 6F 
   a  b  c  d  e  f  g  h  i  j  k  l  m  n  o  

70 71 72 73 74 75 76 77 78 79 7A 7B 7C 7D 7E 7F 
p  q  r  s  t  u  v  w  x  y  z                 

80 81 82 83 84 85 86 87 88 89 8A 8B 8C 8D 8E 8F 
                                               

90 91 92 93 94 95 96 97 98 99 9A 9B 9C 9D 9E 9F 
                                                

A0 A1 A2 A3 A4 A5 A6 A7 A8 A9 AA AB AC AD AE AF 
                              ª                 

B0 B1 B2 B3 B4 B5 B6 B7 B8 B9 BA BB BC BD BE BF 
               µ              º                 

C0 C1 C2 C3 6A 00 6B 00 00 00 63 00 00 00 61 62 
À  Á  Â  Ã  j     k           c           a  b  

63 64 65 66 67 68 69 6A 6B 6C 6D 6E 6F 70 71 72 
c  d  e  f  g  h  i  j  k  l  m  n  o  p  q  r  

73 74 75 76 77 78 79 7A 7B 7C 7D 7E 7F 80 81 82 
s  t  u  v  w  x  y  z                          

83 84 85 86 87 88 89 8A 8B 8C 8D 8E 8F 90 91 92 
                                               

93 94 95 96 97 98 99 9A 9B 9C 9D 9E 9F A0 A1 A2 
                                                

A3 A4 A5 A6 A7 A8 A9 AA AB AC AD AE AF B0 B1 B2 
                     ª                          

B3 B4 B5 B6 B7 B8 B9 BA BB BC BD BE BF C0 C1 C2 
      µ              º                 À  Á  Â  

C3 63 00 64 00 18 00 00 00 74 65 73 74 69 6E 67 
Ã  c     d                 t  e  s  t  i  n  g  

20 6E 61 6D 65 20 73 74 72 69 6E 67 20 23 31 30 
   n  a  m  e     s  t  r  i  n  g        1  0  

31 1F 00 00 00 74 65 73 74 69 6E 67 20 63 6F 6E 
1              t  e  s  t  i  n  g     c  o  n  

74 65 78 74 6E 61 6D 65 20 73 74 72 69 6E 67 20 
t  e  x  t  n  a  m  e     s  t  r  i  n  g     

23 31 30 32 67 00 00 00 00 00 00 00 00 0D 56 2C 
   1  0  2  g                            V     

D2 45 92 CF 88 01 68 00 69 00 00 00 64 00 00 00 
Ò  E     Ï        h     i           d           

62 63 64 65 66 67 68 69 6A 6B 6C 6D 6E 6F 70 71 
b  c  d  e  f  g  h  i  j  k  l  m  n  o  p  q  

72 73 74 75 76 77 78 79 7A 7B 7C 7D 7E 7F 80 81 
r  s  t  u  v  w  x  y  z                       

82 83 84 85 86 87 88 89 8A 8B 8C 8D 8E 8F 90 91 
                                               

92 93 94 95 96 97 98 99 9A 9B 9C 9D 9E 9F A0 A1 
                                                

A2 A3 A4 A5 A6 A7 A8 A9 AA AB AC AD AE AF B0 B1 
                        ª                       

B2 B3 B4 B5 B6 B7 B8 B9 BA BB BC BD BE BF C0 C1 
         µ              º                 À  Á  

C2 C3 C4 C5 6A 64 00 00 00 62 63 64 65 66 67 68 
Â  Ã  Ä  Å  j  d           b  c  d  e  f  g  h  

69 6A 6B 6C 6D 6E 6F 70 71 72 73 74 75 76 77 78 
i  j  k  l  m  n  o  p  q  r  s  t  u  v  w  x  

79 7A 7B 7C 7D 7E 7F 80 81 82 83 84 85 86 87 88 
y  z                                           

89 8A 8B 8C 8D 8E 8F 90 91 92 93 94 95 96 97 98 
                                                

99 9A 9B 9C 9D 9E 9F A0 A1 A2 A3 A4 A5 A6 A7 A8 
                                                

A9 AA AB AC AD AE AF B0 B1 B2 B3 B4 B5 B6 B7 B8 
   ª                                µ           

B9 BA BB BC BD BE BF C0 C1 C2 C3 C4 C5 6B 00 6C 
   º                 À  Á  Â  Ã  Ä  Å  k     l  

00 00 00 64 00 00 00 62 63 64 65 66 67 68 69 6A 
         d           b  c  d  e  f  g  h  i  j  

6B 6C 6D 6E 6F 70 71 72 73 74 75 76 77 78 79 7A 
k  l  m  n  o  p  q  r  s  t  u  v  w  x  y  z  

7B 7C 7D 7E 7F 80 81 82 83 84 85 86 87 88 89 8A 
                                               

8B 8C 8D 8E 8F 90 91 92 93 94 95 96 97 98 99 9A 
                                                

9B 9C 9D 9E 9F A0 A1 A2 A3 A4 A5 A6 A7 A8 A9 AA 
                                             ª  

AB AC AD AE AF B0 B1 B2 B3 B4 B5 B6 B7 B8 B9 BA 
                              µ              º  

BB BC BD BE BF C0 C1 C2 C3 C4 C5 64 00 65 00 18 
               À  Á  Â  Ã  Ä  Å  d     e        

00 00 00 74 65 73 74 69 6E 67 20 6E 61 6D 65 20 
         t  e  s  t  i  n  g     n  a  m  e     

73 74 72 69 6E 67 20 23 31 30 32 1F 00 00 00 74 
s  t  r  i  n  g        1  0  2              t  

65 73 74 69 6E 67 20 63 6F 6E 74 65 78 74 6E 61 
e  s  t  i  n  g     c  o  n  t  e  x  t  n  a  

6D 65 20 73 74 72 69 6E 67 20 23 31 30 33 68 00 
m  e     s  t  r  i  n  g        1  0  3  h     

00 00 00 00 00 00 00 0D 56 2C D2 45 92 CF 88 01 
                       V     Ò  E     Ï        

69 00 6A 00 00 00 65 00 00 00 63 64 65 66 67 68 
i     j           e           c  d  e  f  g  h  

69 6A 6B 6C 6D 6E 6F 70 71 72 73 74 75 76 77 78 
i  j  k  l  m  n  o  p  q  r  s  t  u  v  w  x  

79 7A 7B 7C 7D 7E 7F 80 81 82 83 84 85 86 87 88 
y  z                                           

89 8A 8B 8C 8D 8E 8F 90 91 92 93 94 95 96 97 98 
                                                

99 9A 9B 9C 9D 9E 9F A0 A1 A2 A3 A4 A5 A6 A7 A8 
                                                

A9 AA AB AC AD AE AF B0 B1 B2 B3 B4 B5 B6 B7 B8 
   ª                                µ           

B9 BA BB BC BD BE BF C0 C1 C2 C3 C4 C5 C6 C7 6B 
   º                 À  Á  Â  Ã  Ä  Å  Æ  Ç  k  

65 00 00 00 63 64 65 66 67 68 69 6A 6B 6C 6D 6E 
e           c  d  e  f  g  h  i  j  k  l  m  n  

6F 70 71 72 73 74 75 76 77 78 79 7A 7B 7C 7D 7E 
o  p  q  r  s  t  u  v  w  x  y  z              

7F 80 81 82 83 84 85 86 87 88 89 8A 8B 8C 8D 8E 
                                               

8F 90 91 92 93 94 95 96 97 98 99 9A 9B 9C 9D 9E 
                                                

9F A0 A1 A2 A3 A4 A5 A6 A7 A8 A9 AA AB AC AD AE 
                                 ª              

AF B0 B1 B2 B3 B4 B5 B6 B7 B8 B9 BA BB BC BD BE 
                  µ              º              

BF C0 C1 C2 C3 C4 C5 C6 C7 6C 00 6D 00 00 00 65 
   À  Á  Â  Ã  Ä  Å  Æ  Ç  l     m           e  

00 00 00 63 64 65 66 67 68 69 6A 6B 6C 6D 6E 6F 
         c  d  e  f  g  h  i  j  k  l  m  n  o  

70 71 72 73 74 75 76 77 78 79 7A 7B 7C 7D 7E 7F 
p  q  r  s  t  u  v  w  x  y  z                 

80 81 82 83 84 85 86 87 88 89 8A 8B 8C 8D 8E 8F 
                                               

90 91 92 93 94 95 96 97 98 99 9A 9B 9C 9D 9E 9F 
                                                

A0 A1 A2 A3 A4 A5 A6 A7 A8 A9 AA AB AC AD AE AF 
                              ª                 

B0 B1 B2 B3 B4 B5 B6 B7 B8 B9 BA BB BC BD BE BF 
               µ              º</StdOut>
      </Output>
    </UnitTestResult>
  </Results>
</TestRun>