<?xml version="1.0" encoding="UTF-8"?>
<TestRun id="496af2f4-c2c9-43f9-9689-fa59662abc90" name="Richard.King@RICHARDK01 2012-11-15 15:12:58" runUser="CORP\Richard.King" xmlns="http://microsoft.com/schemas/VisualStudio/TeamTest/2010">
  <TestSettings name="Local" id="71740025-2c18-4d46-b8c3-d5d14a35a5be">
    <Description>These are default test settings for a local test run.</Description>
    <Deployment enabled="false" runDeploymentRoot="Richard.King_RICHARDK01 2012-11-15 15_12_58">
      <DeploymentItem filename="C:\Volatile\Source\csharp\MarshallingBinaryXferExample\CsharpToCSharpMarshall\bin\Debug\CsharpToCSharpMarshall.exe" />
    </Deployment>
    <Execution>
      <TestTypeSpecific />
      <AgentRule name="Execution Agents">
      </AgentRule>
    </Execution>
  </TestSettings>
  <Times creation="2012-11-15T15:12:58.0019446-08:00" queuing="2012-11-15T15:12:59.8081252-08:00" start="2012-11-15T15:13:00.0501494-08:00" finish="2012-11-15T15:14:08.9530390-08:00" />
  <ResultSummary outcome="Error">
    <Counters total="1" executed="1" error="0" failed="0" timeout="0" aborted="1" inconclusive="0" passedButRunAborted="0" notRunnable="0" notExecuted="0" disconnected="0" warning="0" passed="0" completed="0" inProgress="0" pending="0" />
    <RunInfos>
      <RunInfo computerName="RICHARDK01" outcome="Error" timestamp="2012-11-15T15:14:08.9520389-08:00">
        <Text>Test host process exited unexpectedly.</Text>
      </RunInfo>
    </RunInfos>
  </ResultSummary>
  <TestDefinitions>
    <UnitTest name="LargerScale_20K" storage="c:\volatile\source\csharp\marshallingbinaryxferexample\csharptocsharpmarshaluts\bin\debug\csharptocsharpmarshaluts.dll" id="8089c72e-abca-b221-7322-533c78370018">
      <Execution id="83fbeeec-d40d-45fe-bfd4-e71b18c64e4a" />
      <TestMethod codeBase="C:/Volatile/Source/csharp/MarshallingBinaryXferExample/CSharpToCSharpMarshalUTs/bin/Debug/CSharpToCSharpMarshalUTs.DLL" adapterTypeName="Microsoft.VisualStudio.TestTools.TestTypes.Unit.UnitTestAdapter, Microsoft.VisualStudio.QualityTools.Tips.UnitTest.Adapter, Version=10.0.0.0, Culture=neutral, PublicKeyToken=b03f5f7f11d50a3a" className="CSharpToCSharpMarshalUTs.CSharpToCSharpMarshalUTs, CSharpToCSharpMarshalUTs, Version=1.0.0.0, Culture=neutral, PublicKeyToken=null" name="LargerScale_20K" />
    </UnitTest>
  </TestDefinitions>
  <TestLists>
    <TestList name="Results Not in a List" id="8c84fa94-04c1-424b-9868-57a2d4851a1d" />
    <TestList name="All Loaded Results" id="19431567-8539-422a-85d7-44ee4e166bda" />
  </TestLists>
  <TestEntries>
    <TestEntry testId="8089c72e-abca-b221-7322-533c78370018" executionId="83fbeeec-d40d-45fe-bfd4-e71b18c64e4a" testListId="8c84fa94-04c1-424b-9868-57a2d4851a1d" />
  </TestEntries>
  <Results>
    <UnitTestResult executionId="83fbeeec-d40d-45fe-bfd4-e71b18c64e4a" testId="8089c72e-abca-b221-7322-533c78370018" testName="LargerScale_20K" computerName="RICHARDK01" duration="00:01:08.6728666" startTime="2012-11-15T15:13:00.2801724-08:00" endTime="2012-11-15T15:14:08.9530390-08:00" testType="13cdc9d9-ddb5-4fa4-a97d-d965ccfc6d4b" outcome="Aborted" testListId="8c84fa94-04c1-424b-9868-57a2d4851a1d" relativeResultsDirectory="83fbeeec-d40d-45fe-bfd4-e71b18c64e4a">
    </UnitTestResult>
  </Results>
</TestRun>