<?xml version="1.0" encoding="UTF-8"?>
<TestRun id="f9261b13-88d2-4063-99d6-ab409e42acad" name="Richard.King@RICHARDK01 2012-11-15 15:22:58" runUser="CORP\Richard.King" xmlns="http://microsoft.com/schemas/VisualStudio/TeamTest/2010">
  <TestSettings name="Local" id="71740025-2c18-4d46-b8c3-d5d14a35a5be">
    <Description>These are default test settings for a local test run.</Description>
    <Deployment enabled="false" runDeploymentRoot="Richard.King_RICHARDK01 2012-11-15 15_22_58">
      <DeploymentItem filename="C:\Volatile\Source\csharp\MarshallingBinaryXferExample\CsharpToCSharpMarshall\bin\Debug\CsharpToCSharpMarshall.exe" />
    </Deployment>
    <Execution>
      <TestTypeSpecific />
      <AgentRule name="Execution Agents">
      </AgentRule>
    </Execution>
  </TestSettings>
  <Times creation="2012-11-15T15:22:58.4329817-08:00" queuing="2012-11-15T15:22:58.8400224-08:00" start="2012-11-15T15:22:58.8460230-08:00" finish="2012-11-15T15:22:59.4030787-08:00" />
  <ResultSummary outcome="Failed">
    <Counters total="1" executed="1" error="0" failed="1" timeout="0" aborted="0" inconclusive="0" passedButRunAborted="0" notRunnable="0" notExecuted="0" disconnected="0" warning="0" passed="0" completed="0" inProgress="0" pending="0" />
  </ResultSummary>
  <TestDefinitions>
    <UnitTest name="LargerScale_20K" storage="c:\volatile\source\csharp\marshallingbinaryxferexample\csharptocsharpmarshaluts\bin\debug\csharptocsharpmarshaluts.dll" id="8089c72e-abca-b221-7322-533c78370018">
      <Execution id="23898928-1988-4ed6-a642-117439f8771d" />
      <TestMethod codeBase="C:/Volatile/Source/csharp/MarshallingBinaryXferExample/CSharpToCSharpMarshalUTs/bin/Debug/CSharpToCSharpMarshalUTs.DLL" adapterTypeName="Microsoft.VisualStudio.TestTools.TestTypes.Unit.UnitTestAdapter, Microsoft.VisualStudio.QualityTools.Tips.UnitTest.Adapter, Version=10.0.0.0, Culture=neutral, PublicKeyToken=b03f5f7f11d50a3a" className="CSharpToCSharpMarshalUTs.CSharpToCSharpMarshalUTs, CSharpToCSharpMarshalUTs, Version=1.0.0.0, Culture=neutral, PublicKeyToken=null" name="LargerScale_20K" />
    </UnitTest>
  </TestDefinitions>
  <TestLists>
    <TestList name="Results Not in a List" id="8c84fa94-04c1-424b-9868-57a2d4851a1d" />
    <TestList name="All Loaded Results" id="19431567-8539-422a-85d7-44ee4e166bda" />
  </TestLists>
  <TestEntries>
    <TestEntry testId="8089c72e-abca-b221-7322-533c78370018" executionId="23898928-1988-4ed6-a642-117439f8771d" testListId="8c84fa94-04c1-424b-9868-57a2d4851a1d" />
  </TestEntries>
  <Results>
    <UnitTestResult executionId="23898928-1988-4ed6-a642-117439f8771d" testId="8089c72e-abca-b221-7322-533c78370018" testName="LargerScale_20K" computerName="RICHARDK01" duration="00:00:00.0473684" startTime="2012-11-15T15:22:58.8520236-08:00" endTime="2012-11-15T15:22:59.1640548-08:00" testType="13cdc9d9-ddb5-4fa4-a97d-d965ccfc6d4b" outcome="Failed" testListId="8c84fa94-04c1-424b-9868-57a2d4851a1d" relativeResultsDirectory="23898928-1988-4ed6-a642-117439f8771d">
      <Output>
        <ErrorInfo>
          <Message>Test method CSharpToCSharpMarshalUTs.CSharpToCSharpMarshalUTs.LargerScale_20K threw exception: 
System.OutOfMemoryException: Exception of type 'System.OutOfMemoryException' was thrown.</Message>
          <StackTrace>    at System.String.Format(IFormatProvider provider, String format, Object[] args)
   at System.String.Format(String format, Object arg0)
   at CSharpToCSharpMarshalUTs.CSharpToCSharpMarshalUTs.LargerScale_20K() in C:\Volatile\Source\csharp\MarshallingBinaryXferExample\CSharpToCSharpMarshalUTs\CSharpToCSharpMarshalUTs.cs:line 397
</StackTrace>
        </ErrorInfo>
      </Output>
    </UnitTestResult>
  </Results>
</TestRun>