<?xml version="1.0" encoding="UTF-8"?>
<TestRun id="251f72b5-4da4-4174-8450-8866d00b0a41" name="Richard.King@RICHARDK01 2012-11-13 16:09:41" runUser="CORP\Richard.King" xmlns="http://microsoft.com/schemas/VisualStudio/TeamTest/2010">
  <TestSettings name="Local" id="71740025-2c18-4d46-b8c3-d5d14a35a5be">
    <Description>These are default test settings for a local test run.</Description>
    <Deployment enabled="false" runDeploymentRoot="Richard.King_RICHARDK01 2012-11-13 16_09_41">
      <DeploymentItem filename="C:\Volatile\Source\csharp\MarshallingBinaryXferExample\CsharpToCSharpMarshall\bin\Debug\CsharpToCSharpMarshall.exe" />
    </Deployment>
    <Execution>
      <TestTypeSpecific />
      <AgentRule name="Execution Agents">
      </AgentRule>
    </Execution>
  </TestSettings>
  <Times creation="2012-11-13T16:09:41.8513449-08:00" queuing="2012-11-13T16:09:41.9503548-08:00" start="2012-11-13T16:09:41.9573555-08:00" finish="2012-11-13T16:09:42.2983896-08:00" />
  <ResultSummary outcome="Completed">
    <Counters total="1" executed="1" passed="1" error="0" failed="0" timeout="0" aborted="0" inconclusive="0" passedButRunAborted="0" notRunnable="0" notExecuted="0" disconnected="0" warning="0" completed="0" inProgress="0" pending="0" />
  </ResultSummary>
  <TestDefinitions>
    <UnitTest name="NullArrayTest" storage="c:\volatile\source\csharp\marshallingbinaryxferexample\csharptocsharpmarshaluts\bin\debug\csharptocsharpmarshaluts.dll" id="bd3836dc-d1b1-1958-00cf-3bb5a42d07cc">
      <Execution id="6e326349-953c-4e1f-bbb1-c682124ee1cd" />
      <TestMethod codeBase="C:/Volatile/Source/csharp/MarshallingBinaryXferExample/CSharpToCSharpMarshalUTs/bin/Debug/CSharpToCSharpMarshalUTs.DLL" adapterTypeName="Microsoft.VisualStudio.TestTools.TestTypes.Unit.UnitTestAdapter, Microsoft.VisualStudio.QualityTools.Tips.UnitTest.Adapter, Version=10.0.0.0, Culture=neutral, PublicKeyToken=b03f5f7f11d50a3a" className="CSharpToCSharpMarshalUTs.CSharpToCSharpMarshalUTs, CSharpToCSharpMarshalUTs, Version=1.0.0.0, Culture=neutral, PublicKeyToken=null" name="NullArrayTest" />
    </UnitTest>
  </TestDefinitions>
  <TestLists>
    <TestList name="Results Not in a List" id="8c84fa94-04c1-424b-9868-57a2d4851a1d" />
    <TestList name="All Loaded Results" id="19431567-8539-422a-85d7-44ee4e166bda" />
  </TestLists>
  <TestEntries>
    <TestEntry testId="bd3836dc-d1b1-1958-00cf-3bb5a42d07cc" executionId="6e326349-953c-4e1f-bbb1-c682124ee1cd" testListId="8c84fa94-04c1-424b-9868-57a2d4851a1d" />
  </TestEntries>
  <Results>
    <UnitTestResult executionId="6e326349-953c-4e1f-bbb1-c682124ee1cd" testId="bd3836dc-d1b1-1958-00cf-3bb5a42d07cc" testName="NullArrayTest" computerName="RICHARDK01" duration="00:00:00.0259537" startTime="2012-11-13T16:09:41.9653563-08:00" endTime="2012-11-13T16:09:42.2803878-08:00" testType="13cdc9d9-ddb5-4fa4-a97d-d965ccfc6d4b" outcome="Passed" testListId="8c84fa94-04c1-424b-9868-57a2d4851a1d" relativeResultsDirectory="6e326349-953c-4e1f-bbb1-c682124ee1cd">
      <Output>
        <StdOut>02 00 00 00 01 00 02 00 16 00 00 00 74 65 73 74 
                                    t  e  s  t  

69 6E 67 20 6E 61 6D 65 20 73 74 72 69 6E 67 20 
i  n  g     n  a  m  e     s  t  r  i  n  g     

23 33 1D 00 00 00 74 65 73 74 69 6E 67 20 63 6F 
   3              t  e  s  t  i  n  g     c  o  

6E 74 65 78 74 6E 61 6D 65 20 73 74 72 69 6E 67 
n  t  e  x  t  n  a  m  e     s  t  r  i  n  g  

20 23 34 05 00 00 00 00 00 00 00 00 1F 6D DC 7A 
      4                                m  Ü  z  

13 90 CF 88 01 06 00 07 00 00 00 00 00 00 00 08 
      Ï                                         

00 00 00 00 09 00 0A 00 00 00 00 00 00 00 02 00 
            	     
                             

03 00 16 00 00 00 74 65 73 74 69 6E 67 20 6E 61 
                  t  e  s  t  i  n  g     n  a  

6D 65 20 73 74 72 69 6E 67 20 23 34 1D 00 00 00 
m  e     s  t  r  i  n  g        4              

74 65 73 74 69 6E 67 20 63 6F 6E 74 65 78 74 6E 
t  e  s  t  i  n  g     c  o  n  t  e  x  t  n  

61 6D 65 20 73 74 72 69 6E 67 20 23 35 06 00 00 
a  m  e     s  t  r  i  n  g        5           

00 00 00 00 00 00 1F 6D DC 7A 13 90 CF 88 01 07 
                     m  Ü  z        Ï           

00 08 00 00 00 00 00 00 00 09 00 00 00 00 0A 00</StdOut>
      </Output>
    </UnitTestResult>
  </Results>
</TestRun>