<?xml version="1.0" encoding="UTF-8"?>
<TestRun id="0d43850e-5327-46f8-8a3d-49ad744a1662" name="Richard.King@RICHARDK01 2012-11-13 16:12:04" runUser="CORP\Richard.King" xmlns="http://microsoft.com/schemas/VisualStudio/TeamTest/2010">
  <TestSettings name="Local" id="71740025-2c18-4d46-b8c3-d5d14a35a5be">
    <Description>These are default test settings for a local test run.</Description>
    <Deployment enabled="false" runDeploymentRoot="Richard.King_RICHARDK01 2012-11-13 16_12_04">
      <DeploymentItem filename="C:\Volatile\Source\csharp\MarshallingBinaryXferExample\CsharpToCSharpMarshall\bin\Debug\CsharpToCSharpMarshall.exe" />
    </Deployment>
    <Execution>
      <TestTypeSpecific />
      <AgentRule name="Execution Agents">
      </AgentRule>
    </Execution>
  </TestSettings>
  <Times creation="2012-11-13T16:12:04.2255809-08:00" queuing="2012-11-13T16:12:04.3005884-08:00" start="2012-11-13T16:12:04.3075891-08:00" finish="2012-11-13T16:12:04.7356319-08:00" />
  <ResultSummary outcome="Completed">
    <Counters total="1" executed="1" passed="1" error="0" failed="0" timeout="0" aborted="0" inconclusive="0" passedButRunAborted="0" notRunnable="0" notExecuted="0" disconnected="0" warning="0" completed="0" inProgress="0" pending="0" />
  </ResultSummary>
  <TestDefinitions>
    <UnitTest name="NullArrayTest" storage="c:\volatile\source\csharp\marshallingbinaryxferexample\csharptocsharpmarshaluts\bin\debug\csharptocsharpmarshaluts.dll" id="bd3836dc-d1b1-1958-00cf-3bb5a42d07cc">
      <Execution id="db3e2a5e-9230-49fa-8f15-20ec1c9bb3fc" />
      <TestMethod codeBase="C:/Volatile/Source/csharp/MarshallingBinaryXferExample/CSharpToCSharpMarshalUTs/bin/Debug/CSharpToCSharpMarshalUTs.DLL" adapterTypeName="Microsoft.VisualStudio.TestTools.TestTypes.Unit.UnitTestAdapter, Microsoft.VisualStudio.QualityTools.Tips.UnitTest.Adapter, Version=10.0.0.0, Culture=neutral, PublicKeyToken=b03f5f7f11d50a3a" className="CSharpToCSharpMarshalUTs.CSharpToCSharpMarshalUTs, CSharpToCSharpMarshalUTs, Version=1.0.0.0, Culture=neutral, PublicKeyToken=null" name="NullArrayTest" />
    </UnitTest>
  </TestDefinitions>
  <TestLists>
    <TestList name="Results Not in a List" id="8c84fa94-04c1-424b-9868-57a2d4851a1d" />
    <TestList name="All Loaded Results" id="19431567-8539-422a-85d7-44ee4e166bda" />
  </TestLists>
  <TestEntries>
    <TestEntry testId="bd3836dc-d1b1-1958-00cf-3bb5a42d07cc" executionId="db3e2a5e-9230-49fa-8f15-20ec1c9bb3fc" testListId="8c84fa94-04c1-424b-9868-57a2d4851a1d" />
  </TestEntries>
  <Results>
    <UnitTestResult executionId="db3e2a5e-9230-49fa-8f15-20ec1c9bb3fc" testId="bd3836dc-d1b1-1958-00cf-3bb5a42d07cc" testName="NullArrayTest" computerName="RICHARDK01" duration="00:00:00.0230034" startTime="2012-11-13T16:12:04.3155899-08:00" endTime="2012-11-13T16:12:04.5916175-08:00" testType="13cdc9d9-ddb5-4fa4-a97d-d965ccfc6d4b" outcome="Passed" testListId="8c84fa94-04c1-424b-9868-57a2d4851a1d" relativeResultsDirectory="db3e2a5e-9230-49fa-8f15-20ec1c9bb3fc">
      <Output>
        <StdOut>02 00 00 00 01 00 02 00 00 00 00 00 00 00 00 00 
                                                

05 00 00 00 00 00 00 00 00 BB DA AF CF 13 90 CF 
                              Ú     Ï        Ï  

88 01 06 00 07 00 00 00 00 00 00 00 08 00 00 00 
                                                

00 09 00 0A 00 00 00 00 00 00 00 02 00 03 00 00 
   	     
                                      

00 00 00 00 00 00 00 06 00 00 00 00 00 00 00 00 
                                                

BB DA AF CF 13 90 CF 88 01 07 00 08 00 00 00 00 
   Ú     Ï        Ï                             

00 00 00 09 00 00 00 00 0A 00 0B 00 00 00 00 00</StdOut>
      </Output>
    </UnitTestResult>
  </Results>
</TestRun>