<?xml version="1.0" encoding="UTF-8"?>
<TestRun id="4b568dce-fd37-4715-bb15-81d36190075a" name="Richard.King@RICHARDK01 2013-11-18 17:23:26" runUser="CORP\Richard.King" xmlns="http://microsoft.com/schemas/VisualStudio/TeamTest/2010">
  <TestSettings name="Local" id="1e100941-804b-47c2-9176-7216adabe55d">
    <Description>These are default test settings for a local test run.</Description>
    <Deployment enabled="false" runDeploymentRoot="Richard.King_RICHARDK01 2013-11-18 17_23_26">
      <DeploymentItem filename="E:\TFSSourceFolders\ASBFramework\Features\DART-Dev\Source\SubsystemTest\Prototypes\Id\bin\Debug\aaServicesCommon.dll" />
      <DeploymentItem filename="E:\TFSSourceFolders\ASBFramework\Features\DART-Dev\Source\Runtime\Interfaces\ASBIDataV2\ASBIDataV2Adapter\bin\Debug\ASBIDataV2Adapter.dll" />
      <DeploymentItem filename="E:\TFSSourceFolders\ASBFramework\Features\DART-Dev\Source\SubsystemTest\Prototypes\Id\bin\Debug\aaServicesContractIData.dll" />
      <DeploymentItem filename="C:\Volatile\Development\Source\csharp\VersioningExample\Debug\DevelopProxyAdapters.dll" />
      <DeploymentItem filename="E:\TFSSourceFolders\ASBFramework\Features\DART-Dev\Source\SubsystemTest\Prototypes\Id\bin\Debug\aaServicesContractIAuthenticateASB.dll" />
      <DeploymentItem filename="E:\TFSSourceFolders\ASBFramework\Features\DART-Dev\Source\SubsystemTest\Prototypes\Id\bin\Debug\aaServicesProxyIData.dll" />
      <DeploymentItem filename="E:\TFSSourceFolders\ASBFramework\Features\DART-Dev\Source\SubsystemTest\Prototypes\Id\bin\Debug\aaLoggerETWListner.dll" />
      <DeploymentItem filename="E:\TFSSourceFolders\ASBFramework\Features\DART-Dev\Source\SubsystemTest\Prototypes\Id\bin\Debug\aaServicesContractIDataV2.dll" />
      <DeploymentItem filename="E:\TFSSourceFolders\ASBFramework\Features\DART-Dev\Source\SubsystemTest\Prototypes\Id\bin\Debug\aaServicesCommonDataContracts.dll" />
      <DeploymentItem filename="E:\TFSSourceFolders\ASBFramework\Features\DART-Dev\Source\SubsystemTest\Prototypes\Id\bin\Debug\aaServicesProxyIDataV2.dll" />
    </Deployment>
    <Execution>
      <TestTypeSpecific />
      <AgentRule name="Execution Agents">
      </AgentRule>
    </Execution>
  </TestSettings>
  <Times creation="2013-11-18T17:23:26.2418562-08:00" queuing="2013-11-18T17:23:26.3198572-08:00" start="2013-11-18T17:23:26.3354574-08:00" finish="2013-11-18T17:23:26.7722630-08:00" />
  <ResultSummary outcome="Completed">
    <Counters total="10" executed="10" passed="10" error="0" failed="0" timeout="0" aborted="0" inconclusive="0" passedButRunAborted="0" notRunnable="0" notExecuted="0" disconnected="0" warning="0" completed="0" inProgress="0" pending="0" />
  </ResultSummary>
  <TestDefinitions>
    <UnitTest name="TestDisconnect" storage="c:\volatile\development\source\csharp\versioningexample\debug\defaulttest.dll" id="649bd7c3-0089-d39e-3d71-e1c8964fc631">
      <Execution id="5a2d9da6-b4de-4ec6-bb09-525228e81ff8" />
      <TestMethod codeBase="C:/Volatile/Development/Source/csharp/VersioningExample/Debug/DefaultTest.DLL" adapterTypeName="Microsoft.VisualStudio.TestTools.TestTypes.Unit.UnitTestAdapter, Microsoft.VisualStudio.QualityTools.Tips.UnitTest.Adapter, Version=10.0.0.0, Culture=neutral, PublicKeyToken=b03f5f7f11d50a3a" className="DevelopProxyAdaptersUnitTest.V1Adapter, DefaultTest, Version=1.0.5070.31297, Culture=neutral, PublicKeyToken=null" name="TestDisconnect" />
    </UnitTest>
    <UnitTest name="TestWriteSecured" storage="c:\volatile\development\source\csharp\versioningexample\debug\defaulttest.dll" id="bf0477be-87f8-4746-944b-531a6b8d91ab">
      <Execution id="5dd6af34-e81c-48ed-a57c-c0272054bac8" />
      <TestMethod codeBase="C:/Volatile/Development/Source/csharp/VersioningExample/Debug/DefaultTest.DLL" adapterTypeName="Microsoft.VisualStudio.TestTools.TestTypes.Unit.UnitTestAdapter, Microsoft.VisualStudio.QualityTools.Tips.UnitTest.Adapter, Version=10.0.0.0, Culture=neutral, PublicKeyToken=b03f5f7f11d50a3a" className="DevelopProxyAdaptersUnitTest.V1Adapter, DefaultTest, Version=1.0.5070.31297, Culture=neutral, PublicKeyToken=null" name="TestWriteSecured" />
    </UnitTest>
    <UnitTest name="TestRead" storage="c:\volatile\development\source\csharp\versioningexample\debug\defaulttest.dll" id="0fd3a879-d9ab-53b6-3bcf-df687a8c0193">
      <Execution id="44d4b2e6-a3a5-4354-b03d-d13873f8dbeb" />
      <TestMethod codeBase="C:/Volatile/Development/Source/csharp/VersioningExample/Debug/DefaultTest.DLL" adapterTypeName="Microsoft.VisualStudio.TestTools.TestTypes.Unit.UnitTestAdapter, Microsoft.VisualStudio.QualityTools.Tips.UnitTest.Adapter, Version=10.0.0.0, Culture=neutral, PublicKeyToken=b03f5f7f11d50a3a" className="DevelopProxyAdaptersUnitTest.V1Adapter, DefaultTest, Version=1.0.5070.31297, Culture=neutral, PublicKeyToken=null" name="TestRead" />
    </UnitTest>
    <UnitTest name="TestWrite" storage="c:\volatile\development\source\csharp\versioningexample\debug\defaulttest.dll" id="a249d033-0eb9-63c2-4fb3-f7f8ed5633df">
      <Execution id="880b2d4f-446a-4e4f-bbd4-d9a6aa1aba16" />
      <TestMethod codeBase="C:/Volatile/Development/Source/csharp/VersioningExample/Debug/DefaultTest.DLL" adapterTypeName="Microsoft.VisualStudio.TestTools.TestTypes.Unit.UnitTestAdapter, Microsoft.VisualStudio.QualityTools.Tips.UnitTest.Adapter, Version=10.0.0.0, Culture=neutral, PublicKeyToken=b03f5f7f11d50a3a" className="DevelopProxyAdaptersUnitTest.V1Adapter, DefaultTest, Version=1.0.5070.31297, Culture=neutral, PublicKeyToken=null" name="TestWrite" />
    </UnitTest>
    <UnitTest name="TestPublishWriteComplete" storage="c:\volatile\development\source\csharp\versioningexample\debug\defaulttest.dll" id="512f994f-ad3e-c014-bcab-2e6084ffe072">
      <Execution id="ec97c5ae-4a0c-4d63-88fa-c29aaa2a5d00" />
      <TestMethod codeBase="C:/Volatile/Development/Source/csharp/VersioningExample/Debug/DefaultTest.DLL" adapterTypeName="Microsoft.VisualStudio.TestTools.TestTypes.Unit.UnitTestAdapter, Microsoft.VisualStudio.QualityTools.Tips.UnitTest.Adapter, Version=10.0.0.0, Culture=neutral, PublicKeyToken=b03f5f7f11d50a3a" className="DevelopProxyAdaptersUnitTest.V1Adapter, DefaultTest, Version=1.0.5070.31297, Culture=neutral, PublicKeyToken=null" name="TestPublishWriteComplete" />
    </UnitTest>
    <UnitTest name="TestWriteUser" storage="c:\volatile\development\source\csharp\versioningexample\debug\defaulttest.dll" id="ca3d68ad-9594-7ce3-98a8-461a9bc46061">
      <Execution id="643e3d1f-71cf-419a-97b4-4a0bcfeee501" />
      <TestMethod codeBase="C:/Volatile/Development/Source/csharp/VersioningExample/Debug/DefaultTest.DLL" adapterTypeName="Microsoft.VisualStudio.TestTools.TestTypes.Unit.UnitTestAdapter, Microsoft.VisualStudio.QualityTools.Tips.UnitTest.Adapter, Version=10.0.0.0, Culture=neutral, PublicKeyToken=b03f5f7f11d50a3a" className="DevelopProxyAdaptersUnitTest.V1Adapter, DefaultTest, Version=1.0.5070.31297, Culture=neutral, PublicKeyToken=null" name="TestWriteUser" />
    </UnitTest>
    <UnitTest name="TestWriteVerified" storage="c:\volatile\development\source\csharp\versioningexample\debug\defaulttest.dll" id="9f49bf39-cc98-bd0c-f540-b0e13216a352">
      <Execution id="5fc6279d-e52f-40f8-9eb5-205b86a96683" />
      <TestMethod codeBase="C:/Volatile/Development/Source/csharp/VersioningExample/Debug/DefaultTest.DLL" adapterTypeName="Microsoft.VisualStudio.TestTools.TestTypes.Unit.UnitTestAdapter, Microsoft.VisualStudio.QualityTools.Tips.UnitTest.Adapter, Version=10.0.0.0, Culture=neutral, PublicKeyToken=b03f5f7f11d50a3a" className="DevelopProxyAdaptersUnitTest.V1Adapter, DefaultTest, Version=1.0.5070.31297, Culture=neutral, PublicKeyToken=null" name="TestWriteVerified" />
    </UnitTest>
    <UnitTest name="TestCreateSubscription" storage="c:\volatile\development\source\csharp\versioningexample\debug\defaulttest.dll" id="64276f35-ab44-8962-19e9-bc85e785a854">
      <Execution id="bf240466-4d5e-4114-b73d-ffa7ecd53ad1" />
      <TestMethod codeBase="C:/Volatile/Development/Source/csharp/VersioningExample/Debug/DefaultTest.DLL" adapterTypeName="Microsoft.VisualStudio.TestTools.TestTypes.Unit.UnitTestAdapter, Microsoft.VisualStudio.QualityTools.Tips.UnitTest.Adapter, Version=10.0.0.0, Culture=neutral, PublicKeyToken=b03f5f7f11d50a3a" className="DevelopProxyAdaptersUnitTest.V1Adapter, DefaultTest, Version=1.0.5070.31297, Culture=neutral, PublicKeyToken=null" name="TestCreateSubscription" />
    </UnitTest>
    <UnitTest name="TestAbort" storage="c:\volatile\development\source\csharp\versioningexample\debug\defaulttest.dll" id="9de2549c-fcd4-5b67-bcfd-0ee0d9617dd1">
      <Execution id="78052dac-2a34-462f-ac08-e1891a003304" />
      <TestMethod codeBase="C:/Volatile/Development/Source/csharp/VersioningExample/Debug/DefaultTest.DLL" adapterTypeName="Microsoft.VisualStudio.TestTools.TestTypes.Unit.UnitTestAdapter, Microsoft.VisualStudio.QualityTools.Tips.UnitTest.Adapter, Version=10.0.0.0, Culture=neutral, PublicKeyToken=b03f5f7f11d50a3a" className="DevelopProxyAdaptersUnitTest.V1Adapter, DefaultTest, Version=1.0.5070.31297, Culture=neutral, PublicKeyToken=null" name="TestAbort" />
    </UnitTest>
    <UnitTest name="TestConnect" storage="c:\volatile\development\source\csharp\versioningexample\debug\defaulttest.dll" id="ae42e6ae-39bc-a0eb-957d-6c3af36a7825">
      <Execution id="f7a98a4e-2ec9-4a43-8291-893c51431462" />
      <TestMethod codeBase="C:/Volatile/Development/Source/csharp/VersioningExample/Debug/DefaultTest.DLL" adapterTypeName="Microsoft.VisualStudio.TestTools.TestTypes.Unit.UnitTestAdapter, Microsoft.VisualStudio.QualityTools.Tips.UnitTest.Adapter, Version=10.0.0.0, Culture=neutral, PublicKeyToken=b03f5f7f11d50a3a" className="DevelopProxyAdaptersUnitTest.V1Adapter, DefaultTest, Version=1.0.5070.31297, Culture=neutral, PublicKeyToken=null" name="TestConnect" />
    </UnitTest>
  </TestDefinitions>
  <TestLists>
    <TestList name="Results Not in a List" id="8c84fa94-04c1-424b-9868-57a2d4851a1d" />
    <TestList name="All Loaded Results" id="19431567-8539-422a-85d7-44ee4e166bda" />
  </TestLists>
  <TestEntries>
    <TestEntry testId="ae42e6ae-39bc-a0eb-957d-6c3af36a7825" executionId="f7a98a4e-2ec9-4a43-8291-893c51431462" testListId="8c84fa94-04c1-424b-9868-57a2d4851a1d" />
    <TestEntry testId="9de2549c-fcd4-5b67-bcfd-0ee0d9617dd1" executionId="78052dac-2a34-462f-ac08-e1891a003304" testListId="8c84fa94-04c1-424b-9868-57a2d4851a1d" />
    <TestEntry testId="649bd7c3-0089-d39e-3d71-e1c8964fc631" executionId="5a2d9da6-b4de-4ec6-bb09-525228e81ff8" testListId="8c84fa94-04c1-424b-9868-57a2d4851a1d" />
    <TestEntry testId="0fd3a879-d9ab-53b6-3bcf-df687a8c0193" executionId="44d4b2e6-a3a5-4354-b03d-d13873f8dbeb" testListId="8c84fa94-04c1-424b-9868-57a2d4851a1d" />
    <TestEntry testId="a249d033-0eb9-63c2-4fb3-f7f8ed5633df" executionId="880b2d4f-446a-4e4f-bbd4-d9a6aa1aba16" testListId="8c84fa94-04c1-424b-9868-57a2d4851a1d" />
    <TestEntry testId="ca3d68ad-9594-7ce3-98a8-461a9bc46061" executionId="643e3d1f-71cf-419a-97b4-4a0bcfeee501" testListId="8c84fa94-04c1-424b-9868-57a2d4851a1d" />
    <TestEntry testId="9f49bf39-cc98-bd0c-f540-b0e13216a352" executionId="5fc6279d-e52f-40f8-9eb5-205b86a96683" testListId="8c84fa94-04c1-424b-9868-57a2d4851a1d" />
    <TestEntry testId="bf0477be-87f8-4746-944b-531a6b8d91ab" executionId="5dd6af34-e81c-48ed-a57c-c0272054bac8" testListId="8c84fa94-04c1-424b-9868-57a2d4851a1d" />
    <TestEntry testId="512f994f-ad3e-c014-bcab-2e6084ffe072" executionId="ec97c5ae-4a0c-4d63-88fa-c29aaa2a5d00" testListId="8c84fa94-04c1-424b-9868-57a2d4851a1d" />
    <TestEntry testId="64276f35-ab44-8962-19e9-bc85e785a854" executionId="bf240466-4d5e-4114-b73d-ffa7ecd53ad1" testListId="8c84fa94-04c1-424b-9868-57a2d4851a1d" />
  </TestEntries>
  <Results>
    <UnitTestResult executionId="f7a98a4e-2ec9-4a43-8291-893c51431462" testId="ae42e6ae-39bc-a0eb-957d-6c3af36a7825" testName="TestConnect" computerName="RICHARDK01" duration="00:00:00.0430850" startTime="2013-11-18T17:23:26.3354574-08:00" endTime="2013-11-18T17:23:26.6630616-08:00" testType="13cdc9d9-ddb5-4fa4-a97d-d965ccfc6d4b" outcome="Passed" testListId="8c84fa94-04c1-424b-9868-57a2d4851a1d" relativeResultsDirectory="f7a98a4e-2ec9-4a43-8291-893c51431462">
    </UnitTestResult>
    <UnitTestResult executionId="78052dac-2a34-462f-ac08-e1891a003304" testId="9de2549c-fcd4-5b67-bcfd-0ee0d9617dd1" testName="TestAbort" computerName="RICHARDK01" duration="00:00:00.0006668" startTime="2013-11-18T17:23:26.6630616-08:00" endTime="2013-11-18T17:23:26.6786618-08:00" testType="13cdc9d9-ddb5-4fa4-a97d-d965ccfc6d4b" outcome="Passed" testListId="8c84fa94-04c1-424b-9868-57a2d4851a1d" relativeResultsDirectory="78052dac-2a34-462f-ac08-e1891a003304">
    </UnitTestResult>
    <UnitTestResult executionId="5a2d9da6-b4de-4ec6-bb09-525228e81ff8" testId="649bd7c3-0089-d39e-3d71-e1c8964fc631" testName="TestDisconnect" computerName="RICHARDK01" duration="00:00:00.0006278" startTime="2013-11-18T17:23:26.6786618-08:00" endTime="2013-11-18T17:23:26.6786618-08:00" testType="13cdc9d9-ddb5-4fa4-a97d-d965ccfc6d4b" outcome="Passed" testListId="8c84fa94-04c1-424b-9868-57a2d4851a1d" relativeResultsDirectory="5a2d9da6-b4de-4ec6-bb09-525228e81ff8">
    </UnitTestResult>
    <UnitTestResult executionId="44d4b2e6-a3a5-4354-b03d-d13873f8dbeb" testId="0fd3a879-d9ab-53b6-3bcf-df687a8c0193" testName="TestRead" computerName="RICHARDK01" duration="00:00:00.0253144" startTime="2013-11-18T17:23:26.6786618-08:00" endTime="2013-11-18T17:23:26.7098622-08:00" testType="13cdc9d9-ddb5-4fa4-a97d-d965ccfc6d4b" outcome="Passed" testListId="8c84fa94-04c1-424b-9868-57a2d4851a1d" relativeResultsDirectory="44d4b2e6-a3a5-4354-b03d-d13873f8dbeb">
    </UnitTestResult>
    <UnitTestResult executionId="880b2d4f-446a-4e4f-bbd4-d9a6aa1aba16" testId="a249d033-0eb9-63c2-4fb3-f7f8ed5633df" testName="TestWrite" computerName="RICHARDK01" duration="00:00:00.0078171" startTime="2013-11-18T17:23:26.7098622-08:00" endTime="2013-11-18T17:23:26.7254624-08:00" testType="13cdc9d9-ddb5-4fa4-a97d-d965ccfc6d4b" outcome="Passed" testListId="8c84fa94-04c1-424b-9868-57a2d4851a1d" relativeResultsDirectory="880b2d4f-446a-4e4f-bbd4-d9a6aa1aba16">
    </UnitTestResult>
    <UnitTestResult executionId="643e3d1f-71cf-419a-97b4-4a0bcfeee501" testId="ca3d68ad-9594-7ce3-98a8-461a9bc46061" testName="TestWriteUser" computerName="RICHARDK01" duration="00:00:00.0060283" startTime="2013-11-18T17:23:26.7254624-08:00" endTime="2013-11-18T17:23:26.7254624-08:00" testType="13cdc9d9-ddb5-4fa4-a97d-d965ccfc6d4b" outcome="Passed" testListId="8c84fa94-04c1-424b-9868-57a2d4851a1d" relativeResultsDirectory="643e3d1f-71cf-419a-97b4-4a0bcfeee501">
    </UnitTestResult>
    <UnitTestResult executionId="5fc6279d-e52f-40f8-9eb5-205b86a96683" testId="9f49bf39-cc98-bd0c-f540-b0e13216a352" testName="TestWriteVerified" computerName="RICHARDK01" duration="00:00:00.0025919" startTime="2013-11-18T17:23:26.7254624-08:00" endTime="2013-11-18T17:23:26.7410626-08:00" testType="13cdc9d9-ddb5-4fa4-a97d-d965ccfc6d4b" outcome="Passed" testListId="8c84fa94-04c1-424b-9868-57a2d4851a1d" relativeResultsDirectory="5fc6279d-e52f-40f8-9eb5-205b86a96683">
    </UnitTestResult>
    <UnitTestResult executionId="5dd6af34-e81c-48ed-a57c-c0272054bac8" testId="bf0477be-87f8-4746-944b-531a6b8d91ab" testName="TestWriteSecured" computerName="RICHARDK01" duration="00:00:00.0017436" startTime="2013-11-18T17:23:26.7410626-08:00" endTime="2013-11-18T17:23:26.7410626-08:00" testType="13cdc9d9-ddb5-4fa4-a97d-d965ccfc6d4b" outcome="Passed" testListId="8c84fa94-04c1-424b-9868-57a2d4851a1d" relativeResultsDirectory="5dd6af34-e81c-48ed-a57c-c0272054bac8">
    </UnitTestResult>
    <UnitTestResult executionId="ec97c5ae-4a0c-4d63-88fa-c29aaa2a5d00" testId="512f994f-ad3e-c014-bcab-2e6084ffe072" testName="TestPublishWriteComplete" computerName="RICHARDK01" duration="00:00:00.0049100" startTime="2013-11-18T17:23:26.7410626-08:00" endTime="2013-11-18T17:23:26.7566628-08:00" testType="13cdc9d9-ddb5-4fa4-a97d-d965ccfc6d4b" outcome="Passed" testListId="8c84fa94-04c1-424b-9868-57a2d4851a1d" relativeResultsDirectory="ec97c5ae-4a0c-4d63-88fa-c29aaa2a5d00">
    </UnitTestResult>
    <UnitTestResult executionId="bf240466-4d5e-4114-b73d-ffa7ecd53ad1" testId="64276f35-ab44-8962-19e9-bc85e785a854" testName="TestCreateSubscription" computerName="RICHARDK01" duration="00:00:00.0011996" startTime="2013-11-18T17:23:26.7566628-08:00" endTime="2013-11-18T17:23:26.7566628-08:00" testType="13cdc9d9-ddb5-4fa4-a97d-d965ccfc6d4b" outcome="Passed" testListId="8c84fa94-04c1-424b-9868-57a2d4851a1d" relativeResultsDirectory="bf240466-4d5e-4114-b73d-ffa7ecd53ad1">
    </UnitTestResult>
  </Results>
</TestRun>