<?xml version="1.0" encoding="UTF-8"?>
<TestRun id="e1bc363a-3465-41af-b6ab-9462c04b4cc6" name="Richard.King@RICHARDK01 2013-11-18 17:11:19" runUser="CORP\Richard.King" xmlns="http://microsoft.com/schemas/VisualStudio/TeamTest/2010">
  <TestSettings name="Local" id="1e100941-804b-47c2-9176-7216adabe55d">
    <Description>These are default test settings for a local test run.</Description>
    <Deployment enabled="false" runDeploymentRoot="Richard.King_RICHARDK01 2013-11-18 17_11_19">
      <DeploymentItem filename="E:\TFSSourceFolders\ASBFramework\Features\DART-Dev\Source\SubsystemTest\Prototypes\Id\bin\Debug\aaServicesCommon.dll" />
      <DeploymentItem filename="E:\TFSSourceFolders\ASBFramework\Features\DART-Dev\Source\Runtime\Interfaces\ASBIDataV2\ASBIDataV2Adapter\bin\Debug\ASBIDataV2Adapter.dll" />
      <DeploymentItem filename="E:\TFSSourceFolders\ASBFramework\Features\DART-Dev\Source\SubsystemTest\Prototypes\Id\bin\Debug\aaServicesContractIData.dll" />
      <DeploymentItem filename="C:\Volatile\Development\Source\csharp\VersioningExample\Debug\DevelopProxyAdapters.dll" />
      <DeploymentItem filename="E:\TFSSourceFolders\ASBFramework\Features\DART-Dev\Source\SubsystemTest\Prototypes\Id\bin\Debug\aaServicesContractIAuthenticateASB.dll" />
      <DeploymentItem filename="E:\TFSSourceFolders\ASBFramework\Features\DART-Dev\Source\SubsystemTest\Prototypes\Id\bin\Debug\aaServicesProxyIData.dll" />
      <DeploymentItem filename="E:\TFSSourceFolders\ASBFramework\Features\DART-Dev\Source\SubsystemTest\Prototypes\Id\bin\Debug\aaLoggerETWListner.dll" />
      <DeploymentItem filename="E:\TFSSourceFolders\ASBFramework\Features\DART-Dev\Source\SubsystemTest\Prototypes\Id\bin\Debug\aaServicesContractIDataV2.dll" />
      <DeploymentItem filename="E:\TFSSourceFolders\ASBFramework\Features\DART-Dev\Source\SubsystemTest\Prototypes\Id\bin\Debug\aaServicesCommonDataContracts.dll" />
      <DeploymentItem filename="E:\TFSSourceFolders\ASBFramework\Features\DART-Dev\Source\SubsystemTest\Prototypes\Id\bin\Debug\aaServicesProxyIDataV2.dll" />
    </Deployment>
    <Execution>
      <TestTypeSpecific />
      <AgentRule name="Execution Agents">
      </AgentRule>
    </Execution>
  </TestSettings>
  <Times creation="2013-11-18T17:11:19.3037366-08:00" queuing="2013-11-18T17:11:19.3973378-08:00" start="2013-11-18T17:11:19.4129380-08:00" finish="2013-11-18T17:11:19.7717426-08:00" />
  <ResultSummary outcome="Completed">
    <Counters total="9" executed="9" passed="9" error="0" failed="0" timeout="0" aborted="0" inconclusive="0" passedButRunAborted="0" notRunnable="0" notExecuted="0" disconnected="0" warning="0" completed="0" inProgress="0" pending="0" />
  </ResultSummary>
  <TestDefinitions>
    <UnitTest name="TestDisconnect" storage="c:\volatile\development\source\csharp\versioningexample\debug\defaulttest.dll" id="649bd7c3-0089-d39e-3d71-e1c8964fc631">
      <Execution id="f060bfe6-e476-4cb5-96bd-41c7b3b0830d" />
      <TestMethod codeBase="C:/Volatile/Development/Source/csharp/VersioningExample/Debug/DefaultTest.DLL" adapterTypeName="Microsoft.VisualStudio.TestTools.TestTypes.Unit.UnitTestAdapter, Microsoft.VisualStudio.QualityTools.Tips.UnitTest.Adapter, Version=10.0.0.0, Culture=neutral, PublicKeyToken=b03f5f7f11d50a3a" className="DevelopProxyAdaptersUnitTest.V1Adapter, DefaultTest, Version=1.0.5070.30932, Culture=neutral, PublicKeyToken=null" name="TestDisconnect" />
    </UnitTest>
    <UnitTest name="TestWriteSecured" storage="c:\volatile\development\source\csharp\versioningexample\debug\defaulttest.dll" id="bf0477be-87f8-4746-944b-531a6b8d91ab">
      <Execution id="e15743b5-204e-4d13-b49b-fc65afd7ebf6" />
      <TestMethod codeBase="C:/Volatile/Development/Source/csharp/VersioningExample/Debug/DefaultTest.DLL" adapterTypeName="Microsoft.VisualStudio.TestTools.TestTypes.Unit.UnitTestAdapter, Microsoft.VisualStudio.QualityTools.Tips.UnitTest.Adapter, Version=10.0.0.0, Culture=neutral, PublicKeyToken=b03f5f7f11d50a3a" className="DevelopProxyAdaptersUnitTest.V1Adapter, DefaultTest, Version=1.0.5070.30932, Culture=neutral, PublicKeyToken=null" name="TestWriteSecured" />
    </UnitTest>
    <UnitTest name="TestRead" storage="c:\volatile\development\source\csharp\versioningexample\debug\defaulttest.dll" id="0fd3a879-d9ab-53b6-3bcf-df687a8c0193">
      <Execution id="d63bf220-433b-41dd-a7e1-4c3604534c6b" />
      <TestMethod codeBase="C:/Volatile/Development/Source/csharp/VersioningExample/Debug/DefaultTest.DLL" adapterTypeName="Microsoft.VisualStudio.TestTools.TestTypes.Unit.UnitTestAdapter, Microsoft.VisualStudio.QualityTools.Tips.UnitTest.Adapter, Version=10.0.0.0, Culture=neutral, PublicKeyToken=b03f5f7f11d50a3a" className="DevelopProxyAdaptersUnitTest.V1Adapter, DefaultTest, Version=1.0.5070.30932, Culture=neutral, PublicKeyToken=null" name="TestRead" />
    </UnitTest>
    <UnitTest name="TestWrite" storage="c:\volatile\development\source\csharp\versioningexample\debug\defaulttest.dll" id="a249d033-0eb9-63c2-4fb3-f7f8ed5633df">
      <Execution id="d8450666-cac6-4d13-9405-2f34353233bb" />
      <TestMethod codeBase="C:/Volatile/Development/Source/csharp/VersioningExample/Debug/DefaultTest.DLL" adapterTypeName="Microsoft.VisualStudio.TestTools.TestTypes.Unit.UnitTestAdapter, Microsoft.VisualStudio.QualityTools.Tips.UnitTest.Adapter, Version=10.0.0.0, Culture=neutral, PublicKeyToken=b03f5f7f11d50a3a" className="DevelopProxyAdaptersUnitTest.V1Adapter, DefaultTest, Version=1.0.5070.30932, Culture=neutral, PublicKeyToken=null" name="TestWrite" />
    </UnitTest>
    <UnitTest name="TestPublishWriteComplete" storage="c:\volatile\development\source\csharp\versioningexample\debug\defaulttest.dll" id="512f994f-ad3e-c014-bcab-2e6084ffe072">
      <Execution id="6e3d234a-24dc-4df7-b061-2bbd1c1e59d0" />
      <TestMethod codeBase="C:/Volatile/Development/Source/csharp/VersioningExample/Debug/DefaultTest.DLL" adapterTypeName="Microsoft.VisualStudio.TestTools.TestTypes.Unit.UnitTestAdapter, Microsoft.VisualStudio.QualityTools.Tips.UnitTest.Adapter, Version=10.0.0.0, Culture=neutral, PublicKeyToken=b03f5f7f11d50a3a" className="DevelopProxyAdaptersUnitTest.V1Adapter, DefaultTest, Version=1.0.5070.30932, Culture=neutral, PublicKeyToken=null" name="TestPublishWriteComplete" />
    </UnitTest>
    <UnitTest name="TestWriteUser" storage="c:\volatile\development\source\csharp\versioningexample\debug\defaulttest.dll" id="ca3d68ad-9594-7ce3-98a8-461a9bc46061">
      <Execution id="7d0d7ff3-de48-4112-b16f-9cff3d7f1a46" />
      <TestMethod codeBase="C:/Volatile/Development/Source/csharp/VersioningExample/Debug/DefaultTest.DLL" adapterTypeName="Microsoft.VisualStudio.TestTools.TestTypes.Unit.UnitTestAdapter, Microsoft.VisualStudio.QualityTools.Tips.UnitTest.Adapter, Version=10.0.0.0, Culture=neutral, PublicKeyToken=b03f5f7f11d50a3a" className="DevelopProxyAdaptersUnitTest.V1Adapter, DefaultTest, Version=1.0.5070.30932, Culture=neutral, PublicKeyToken=null" name="TestWriteUser" />
    </UnitTest>
    <UnitTest name="TestWriteVerified" storage="c:\volatile\development\source\csharp\versioningexample\debug\defaulttest.dll" id="9f49bf39-cc98-bd0c-f540-b0e13216a352">
      <Execution id="5fd09e06-92c2-493f-9dde-eb47edb42796" />
      <TestMethod codeBase="C:/Volatile/Development/Source/csharp/VersioningExample/Debug/DefaultTest.DLL" adapterTypeName="Microsoft.VisualStudio.TestTools.TestTypes.Unit.UnitTestAdapter, Microsoft.VisualStudio.QualityTools.Tips.UnitTest.Adapter, Version=10.0.0.0, Culture=neutral, PublicKeyToken=b03f5f7f11d50a3a" className="DevelopProxyAdaptersUnitTest.V1Adapter, DefaultTest, Version=1.0.5070.30932, Culture=neutral, PublicKeyToken=null" name="TestWriteVerified" />
    </UnitTest>
    <UnitTest name="TestAbort" storage="c:\volatile\development\source\csharp\versioningexample\debug\defaulttest.dll" id="9de2549c-fcd4-5b67-bcfd-0ee0d9617dd1">
      <Execution id="2941dd74-1a9c-49c7-bfa8-06d86fde5a31" />
      <TestMethod codeBase="C:/Volatile/Development/Source/csharp/VersioningExample/Debug/DefaultTest.DLL" adapterTypeName="Microsoft.VisualStudio.TestTools.TestTypes.Unit.UnitTestAdapter, Microsoft.VisualStudio.QualityTools.Tips.UnitTest.Adapter, Version=10.0.0.0, Culture=neutral, PublicKeyToken=b03f5f7f11d50a3a" className="DevelopProxyAdaptersUnitTest.V1Adapter, DefaultTest, Version=1.0.5070.30932, Culture=neutral, PublicKeyToken=null" name="TestAbort" />
    </UnitTest>
    <UnitTest name="TestConnect" storage="c:\volatile\development\source\csharp\versioningexample\debug\defaulttest.dll" id="ae42e6ae-39bc-a0eb-957d-6c3af36a7825">
      <Execution id="880fa0f6-6a3b-49ee-b2a7-78d5d7ce291e" />
      <TestMethod codeBase="C:/Volatile/Development/Source/csharp/VersioningExample/Debug/DefaultTest.DLL" adapterTypeName="Microsoft.VisualStudio.TestTools.TestTypes.Unit.UnitTestAdapter, Microsoft.VisualStudio.QualityTools.Tips.UnitTest.Adapter, Version=10.0.0.0, Culture=neutral, PublicKeyToken=b03f5f7f11d50a3a" className="DevelopProxyAdaptersUnitTest.V1Adapter, DefaultTest, Version=1.0.5070.30932, Culture=neutral, PublicKeyToken=null" name="TestConnect" />
    </UnitTest>
  </TestDefinitions>
  <TestLists>
    <TestList name="Results Not in a List" id="8c84fa94-04c1-424b-9868-57a2d4851a1d" />
    <TestList name="All Loaded Results" id="19431567-8539-422a-85d7-44ee4e166bda" />
  </TestLists>
  <TestEntries>
    <TestEntry testId="ae42e6ae-39bc-a0eb-957d-6c3af36a7825" executionId="880fa0f6-6a3b-49ee-b2a7-78d5d7ce291e" testListId="8c84fa94-04c1-424b-9868-57a2d4851a1d" />
    <TestEntry testId="9de2549c-fcd4-5b67-bcfd-0ee0d9617dd1" executionId="2941dd74-1a9c-49c7-bfa8-06d86fde5a31" testListId="8c84fa94-04c1-424b-9868-57a2d4851a1d" />
    <TestEntry testId="649bd7c3-0089-d39e-3d71-e1c8964fc631" executionId="f060bfe6-e476-4cb5-96bd-41c7b3b0830d" testListId="8c84fa94-04c1-424b-9868-57a2d4851a1d" />
    <TestEntry testId="0fd3a879-d9ab-53b6-3bcf-df687a8c0193" executionId="d63bf220-433b-41dd-a7e1-4c3604534c6b" testListId="8c84fa94-04c1-424b-9868-57a2d4851a1d" />
    <TestEntry testId="a249d033-0eb9-63c2-4fb3-f7f8ed5633df" executionId="d8450666-cac6-4d13-9405-2f34353233bb" testListId="8c84fa94-04c1-424b-9868-57a2d4851a1d" />
    <TestEntry testId="ca3d68ad-9594-7ce3-98a8-461a9bc46061" executionId="7d0d7ff3-de48-4112-b16f-9cff3d7f1a46" testListId="8c84fa94-04c1-424b-9868-57a2d4851a1d" />
    <TestEntry testId="9f49bf39-cc98-bd0c-f540-b0e13216a352" executionId="5fd09e06-92c2-493f-9dde-eb47edb42796" testListId="8c84fa94-04c1-424b-9868-57a2d4851a1d" />
    <TestEntry testId="bf0477be-87f8-4746-944b-531a6b8d91ab" executionId="e15743b5-204e-4d13-b49b-fc65afd7ebf6" testListId="8c84fa94-04c1-424b-9868-57a2d4851a1d" />
    <TestEntry testId="512f994f-ad3e-c014-bcab-2e6084ffe072" executionId="6e3d234a-24dc-4df7-b061-2bbd1c1e59d0" testListId="8c84fa94-04c1-424b-9868-57a2d4851a1d" />
  </TestEntries>
  <Results>
    <UnitTestResult executionId="880fa0f6-6a3b-49ee-b2a7-78d5d7ce291e" testId="ae42e6ae-39bc-a0eb-957d-6c3af36a7825" testName="TestConnect" computerName="RICHARDK01" duration="00:00:00.0314507" startTime="2013-11-18T17:11:19.4129380-08:00" endTime="2013-11-18T17:11:19.6937416-08:00" testType="13cdc9d9-ddb5-4fa4-a97d-d965ccfc6d4b" outcome="Passed" testListId="8c84fa94-04c1-424b-9868-57a2d4851a1d" relativeResultsDirectory="880fa0f6-6a3b-49ee-b2a7-78d5d7ce291e">
    </UnitTestResult>
    <UnitTestResult executionId="2941dd74-1a9c-49c7-bfa8-06d86fde5a31" testId="9de2549c-fcd4-5b67-bcfd-0ee0d9617dd1" testName="TestAbort" computerName="RICHARDK01" duration="00:00:00.0005228" startTime="2013-11-18T17:11:19.6937416-08:00" endTime="2013-11-18T17:11:19.7093418-08:00" testType="13cdc9d9-ddb5-4fa4-a97d-d965ccfc6d4b" outcome="Passed" testListId="8c84fa94-04c1-424b-9868-57a2d4851a1d" relativeResultsDirectory="2941dd74-1a9c-49c7-bfa8-06d86fde5a31">
    </UnitTestResult>
    <UnitTestResult executionId="f060bfe6-e476-4cb5-96bd-41c7b3b0830d" testId="649bd7c3-0089-d39e-3d71-e1c8964fc631" testName="TestDisconnect" computerName="RICHARDK01" duration="00:00:00.0004931" startTime="2013-11-18T17:11:19.7093418-08:00" endTime="2013-11-18T17:11:19.7093418-08:00" testType="13cdc9d9-ddb5-4fa4-a97d-d965ccfc6d4b" outcome="Passed" testListId="8c84fa94-04c1-424b-9868-57a2d4851a1d" relativeResultsDirectory="f060bfe6-e476-4cb5-96bd-41c7b3b0830d">
    </UnitTestResult>
    <UnitTestResult executionId="d63bf220-433b-41dd-a7e1-4c3604534c6b" testId="0fd3a879-d9ab-53b6-3bcf-df687a8c0193" testName="TestRead" computerName="RICHARDK01" duration="00:00:00.0166339" startTime="2013-11-18T17:11:19.7093418-08:00" endTime="2013-11-18T17:11:19.7249420-08:00" testType="13cdc9d9-ddb5-4fa4-a97d-d965ccfc6d4b" outcome="Passed" testListId="8c84fa94-04c1-424b-9868-57a2d4851a1d" relativeResultsDirectory="d63bf220-433b-41dd-a7e1-4c3604534c6b">
    </UnitTestResult>
    <UnitTestResult executionId="d8450666-cac6-4d13-9405-2f34353233bb" testId="a249d033-0eb9-63c2-4fb3-f7f8ed5633df" testName="TestWrite" computerName="RICHARDK01" duration="00:00:00.0061163" startTime="2013-11-18T17:11:19.7249420-08:00" endTime="2013-11-18T17:11:19.7405422-08:00" testType="13cdc9d9-ddb5-4fa4-a97d-d965ccfc6d4b" outcome="Passed" testListId="8c84fa94-04c1-424b-9868-57a2d4851a1d" relativeResultsDirectory="d8450666-cac6-4d13-9405-2f34353233bb">
    </UnitTestResult>
    <UnitTestResult executionId="7d0d7ff3-de48-4112-b16f-9cff3d7f1a46" testId="ca3d68ad-9594-7ce3-98a8-461a9bc46061" testName="TestWriteUser" computerName="RICHARDK01" duration="00:00:00.0046722" startTime="2013-11-18T17:11:19.7405422-08:00" endTime="2013-11-18T17:11:19.7405422-08:00" testType="13cdc9d9-ddb5-4fa4-a97d-d965ccfc6d4b" outcome="Passed" testListId="8c84fa94-04c1-424b-9868-57a2d4851a1d" relativeResultsDirectory="7d0d7ff3-de48-4112-b16f-9cff3d7f1a46">
    </UnitTestResult>
    <UnitTestResult executionId="5fd09e06-92c2-493f-9dde-eb47edb42796" testId="9f49bf39-cc98-bd0c-f540-b0e13216a352" testName="TestWriteVerified" computerName="RICHARDK01" duration="00:00:00.0018210" startTime="2013-11-18T17:11:19.7405422-08:00" endTime="2013-11-18T17:11:19.7561424-08:00" testType="13cdc9d9-ddb5-4fa4-a97d-d965ccfc6d4b" outcome="Passed" testListId="8c84fa94-04c1-424b-9868-57a2d4851a1d" relativeResultsDirectory="5fd09e06-92c2-493f-9dde-eb47edb42796">
    </UnitTestResult>
    <UnitTestResult executionId="e15743b5-204e-4d13-b49b-fc65afd7ebf6" testId="bf0477be-87f8-4746-944b-531a6b8d91ab" testName="TestWriteSecured" computerName="RICHARDK01" duration="00:00:00.0012537" startTime="2013-11-18T17:11:19.7561424-08:00" endTime="2013-11-18T17:11:19.7561424-08:00" testType="13cdc9d9-ddb5-4fa4-a97d-d965ccfc6d4b" outcome="Passed" testListId="8c84fa94-04c1-424b-9868-57a2d4851a1d" relativeResultsDirectory="e15743b5-204e-4d13-b49b-fc65afd7ebf6">
    </UnitTestResult>
    <UnitTestResult executionId="6e3d234a-24dc-4df7-b061-2bbd1c1e59d0" testId="512f994f-ad3e-c014-bcab-2e6084ffe072" testName="TestPublishWriteComplete" computerName="RICHARDK01" duration="00:00:00.0034953" startTime="2013-11-18T17:11:19.7561424-08:00" endTime="2013-11-18T17:11:19.7561424-08:00" testType="13cdc9d9-ddb5-4fa4-a97d-d965ccfc6d4b" outcome="Passed" testListId="8c84fa94-04c1-424b-9868-57a2d4851a1d" relativeResultsDirectory="6e3d234a-24dc-4df7-b061-2bbd1c1e59d0">
    </UnitTestResult>
  </Results>
</TestRun>