<?xml version="1.0" encoding="UTF-8"?>
<TestRun id="2c838b90-305b-44ce-9c4b-95800ef18fc6" name="Richard.King@RICHARDK01 2013-11-21 09:45:16" runUser="CORP\Richard.King" xmlns="http://microsoft.com/schemas/VisualStudio/TeamTest/2010">
  <TestSettings name="Local" id="1e100941-804b-47c2-9176-7216adabe55d">
    <Description>These are default test settings for a local test run.</Description>
    <Deployment enabled="false" runDeploymentRoot="Richard.King_RICHARDK01 2013-11-21 09_45_16">
      <DeploymentItem filename="E:\TFSSourceFolders\ASBFramework\Features\DART-Dev\Source\SubsystemTest\Prototypes\Id\bin\Debug\aaServicesCommon.dll" />
      <DeploymentItem filename="E:\TFSSourceFolders\ASBFramework\Features\DART-Dev\Source\Runtime\Interfaces\ASBIDataV2\ASBIDataV2Adapter\bin\Debug\ASBIDataV2Adapter.dll" />
      <DeploymentItem filename="E:\TFSSourceFolders\ASBFramework\Features\DART-Dev\Source\SubsystemTest\Prototypes\Id\bin\Debug\aaServicesContractIData.dll" />
      <DeploymentItem filename="C:\Volatile\Development\Source\csharp\VersioningExample\Debug\DevelopProxyAdapters.dll" />
      <DeploymentItem filename="E:\TFSSourceFolders\ASBFramework\Features\DART-Dev\Source\SubsystemTest\Prototypes\Id\bin\Debug\aaServicesContractIAuthenticateASB.dll" />
      <DeploymentItem filename="E:\TFSSourceFolders\ASBFramework\Features\DART-Dev\Source\SubsystemTest\Prototypes\Id\bin\Debug\aaServicesProxyIData.dll" />
      <DeploymentItem filename="E:\TFSSourceFolders\ASBFramework\Features\DART-Dev\Source\SubsystemTest\Prototypes\Id\bin\Debug\aaLoggerETWListner.dll" />
      <DeploymentItem filename="E:\TFSSourceFolders\ASBFramework\Features\DART-Dev\Source\SubsystemTest\Prototypes\Id\bin\Debug\aaServicesContractIDataV2.dll" />
      <DeploymentItem filename="E:\TFSSourceFolders\ASBFramework\Features\DART-Dev\Source\SubsystemTest\Prototypes\Id\bin\Debug\aaServicesCommonDataContracts.dll" />
      <DeploymentItem filename="E:\TFSSourceFolders\ASBFramework\Features\DART-Dev\Source\SubsystemTest\Prototypes\Id\bin\Debug\aaServicesProxyIDataV2.dll" />
    </Deployment>
    <Execution>
      <TestTypeSpecific />
      <AgentRule name="Execution Agents">
      </AgentRule>
    </Execution>
  </TestSettings>
  <Times creation="2013-11-21T09:45:16.2657212-08:00" queuing="2013-11-21T09:45:20.1813296-08:00" start="2013-11-21T09:45:20.5922885-08:00" finish="2013-11-21T09:46:09.8613611-08:00" />
  <ResultSummary outcome="Error">
    <Counters total="1" executed="1" error="0" failed="0" timeout="0" aborted="1" inconclusive="0" passedButRunAborted="0" notRunnable="0" notExecuted="0" disconnected="0" warning="0" passed="0" completed="0" inProgress="0" pending="0" />
    <RunInfos>
      <RunInfo computerName="RICHARDK01" outcome="Error" timestamp="2013-11-21T09:46:09.8583614-08:00">
        <Text>Test host process exited unexpectedly.</Text>
      </RunInfo>
    </RunInfos>
  </ResultSummary>
  <TestDefinitions>
    <UnitTest name="TestRead" storage="c:\volatile\development\source\csharp\versioningexample\debug\defaulttest.dll" id="0fd3a879-d9ab-53b6-3bcf-df687a8c0193">
      <Execution id="e196dba6-fa6c-41d0-8cb7-29b694753e2b" />
      <TestMethod codeBase="C:/Volatile/Development/Source/csharp/VersioningExample/Debug/DefaultTest.DLL" adapterTypeName="Microsoft.VisualStudio.TestTools.TestTypes.Unit.UnitTestAdapter, Microsoft.VisualStudio.QualityTools.Tips.UnitTest.Adapter, Version=10.0.0.0, Culture=neutral, PublicKeyToken=b03f5f7f11d50a3a" className="DevelopProxyAdaptersUnitTest.V1Adapter, DefaultTest, Version=1.0.5073.17557, Culture=neutral, PublicKeyToken=null" name="TestRead" />
    </UnitTest>
  </TestDefinitions>
  <TestLists>
    <TestList name="Results Not in a List" id="8c84fa94-04c1-424b-9868-57a2d4851a1d" />
    <TestList name="All Loaded Results" id="19431567-8539-422a-85d7-44ee4e166bda" />
  </TestLists>
  <TestEntries>
    <TestEntry testId="0fd3a879-d9ab-53b6-3bcf-df687a8c0193" executionId="e196dba6-fa6c-41d0-8cb7-29b694753e2b" testListId="8c84fa94-04c1-424b-9868-57a2d4851a1d" />
  </TestEntries>
  <Results>
    <UnitTestResult executionId="e196dba6-fa6c-41d0-8cb7-29b694753e2b" testId="0fd3a879-d9ab-53b6-3bcf-df687a8c0193" testName="TestRead" computerName="RICHARDK01" duration="00:00:48.9581037" startTime="2013-11-21T09:45:20.9032574-08:00" endTime="2013-11-21T09:46:09.8613611-08:00" testType="13cdc9d9-ddb5-4fa4-a97d-d965ccfc6d4b" outcome="Aborted" testListId="8c84fa94-04c1-424b-9868-57a2d4851a1d" relativeResultsDirectory="e196dba6-fa6c-41d0-8cb7-29b694753e2b">
    </UnitTestResult>
  </Results>
</TestRun>