<?xml version="1.0" encoding="UTF-8"?>
<TestRun id="3ba799c8-8522-4e99-a34f-f63eee90ae16" name="Richard.King@RICHARDK01 2013-11-21 09:46:29" runUser="CORP\Richard.King" xmlns="http://microsoft.com/schemas/VisualStudio/TeamTest/2010">
  <TestSettings name="Local" id="1e100941-804b-47c2-9176-7216adabe55d">
    <Description>These are default test settings for a local test run.</Description>
    <Deployment enabled="false" runDeploymentRoot="Richard.King_RICHARDK01 2013-11-21 09_46_29">
      <DeploymentItem filename="E:\TFSSourceFolders\ASBFramework\Features\DART-Dev\Source\SubsystemTest\Prototypes\Id\bin\Debug\aaServicesCommon.dll" />
      <DeploymentItem filename="E:\TFSSourceFolders\ASBFramework\Features\DART-Dev\Source\Runtime\Interfaces\ASBIDataV2\ASBIDataV2Adapter\bin\Debug\ASBIDataV2Adapter.dll" />
      <DeploymentItem filename="E:\TFSSourceFolders\ASBFramework\Features\DART-Dev\Source\SubsystemTest\Prototypes\Id\bin\Debug\aaServicesContractIData.dll" />
      <DeploymentItem filename="C:\Volatile\Development\Source\csharp\VersioningExample\Debug\DevelopProxyAdapters.dll" />
      <DeploymentItem filename="E:\TFSSourceFolders\ASBFramework\Features\DART-Dev\Source\SubsystemTest\Prototypes\Id\bin\Debug\aaServicesContractIAuthenticateASB.dll" />
      <DeploymentItem filename="E:\TFSSourceFolders\ASBFramework\Features\DART-Dev\Source\SubsystemTest\Prototypes\Id\bin\Debug\aaServicesProxyIData.dll" />
      <DeploymentItem filename="E:\TFSSourceFolders\ASBFramework\Features\DART-Dev\Source\SubsystemTest\Prototypes\Id\bin\Debug\aaLoggerETWListner.dll" />
      <DeploymentItem filename="E:\TFSSourceFolders\ASBFramework\Features\DART-Dev\Source\SubsystemTest\Prototypes\Id\bin\Debug\aaServicesContractIDataV2.dll" />
      <DeploymentItem filename="E:\TFSSourceFolders\ASBFramework\Features\DART-Dev\Source\SubsystemTest\Prototypes\Id\bin\Debug\aaServicesCommonDataContracts.dll" />
      <DeploymentItem filename="E:\TFSSourceFolders\ASBFramework\Features\DART-Dev\Source\SubsystemTest\Prototypes\Id\bin\Debug\aaServicesProxyIDataV2.dll" />
    </Deployment>
    <Execution>
      <TestTypeSpecific />
      <AgentRule name="Execution Agents">
      </AgentRule>
    </Execution>
  </TestSettings>
  <Times creation="2013-11-21T09:46:29.2714199-08:00" queuing="2013-11-21T09:46:32.0071463-08:00" start="2013-11-21T09:46:32.2471223-08:00" finish="2013-11-21T09:54:46.4743685-08:00" />
  <ResultSummary outcome="Error">
    <Counters total="1" executed="1" error="0" failed="0" timeout="0" aborted="1" inconclusive="0" passedButRunAborted="0" notRunnable="0" notExecuted="0" disconnected="0" warning="0" passed="0" completed="0" inProgress="0" pending="0" />
    <RunInfos>
      <RunInfo computerName="RICHARDK01" outcome="Error" timestamp="2013-11-21T09:54:46.4733685-08:00">
        <Text>Test host process exited unexpectedly.</Text>
      </RunInfo>
    </RunInfos>
  </ResultSummary>
  <TestDefinitions>
    <UnitTest name="TestRead" storage="c:\volatile\development\source\csharp\versioningexample\debug\defaulttest.dll" id="0fd3a879-d9ab-53b6-3bcf-df687a8c0193">
      <Execution id="4328e859-c7e4-4898-905d-3ed02caf001b" />
      <TestMethod codeBase="C:/Volatile/Development/Source/csharp/VersioningExample/Debug/DefaultTest.DLL" adapterTypeName="Microsoft.VisualStudio.TestTools.TestTypes.Unit.UnitTestAdapter, Microsoft.VisualStudio.QualityTools.Tips.UnitTest.Adapter, Version=10.0.0.0, Culture=neutral, PublicKeyToken=b03f5f7f11d50a3a" className="DevelopProxyAdaptersUnitTest.V1Adapter, DefaultTest, Version=1.0.5073.17592, Culture=neutral, PublicKeyToken=null" name="TestRead" />
    </UnitTest>
  </TestDefinitions>
  <TestLists>
    <TestList name="Results Not in a List" id="8c84fa94-04c1-424b-9868-57a2d4851a1d" />
    <TestList name="All Loaded Results" id="19431567-8539-422a-85d7-44ee4e166bda" />
  </TestLists>
  <TestEntries>
    <TestEntry testId="0fd3a879-d9ab-53b6-3bcf-df687a8c0193" executionId="4328e859-c7e4-4898-905d-3ed02caf001b" testListId="8c84fa94-04c1-424b-9868-57a2d4851a1d" />
  </TestEntries>
  <Results>
    <UnitTestResult executionId="4328e859-c7e4-4898-905d-3ed02caf001b" testId="0fd3a879-d9ab-53b6-3bcf-df687a8c0193" testName="TestRead" computerName="RICHARDK01" duration="00:08:13.9962693" startTime="2013-11-21T09:46:32.4780992-08:00" endTime="2013-11-21T09:54:46.4743685-08:00" testType="13cdc9d9-ddb5-4fa4-a97d-d965ccfc6d4b" outcome="Aborted" testListId="8c84fa94-04c1-424b-9868-57a2d4851a1d" relativeResultsDirectory="4328e859-c7e4-4898-905d-3ed02caf001b">
    </UnitTestResult>
  </Results>
</TestRun>