<?xml version="1.0" encoding="utf-8" standalone="no"?>
<!--This file represents the results of running a test suite-->
<test-results name="C:\GCS\Source\cpp\nUnitTest\TestsForUnmanagedDLLTests.nunit" total="1" failures="0" not-run="0" date="2009-02-13" time="16:27:10">
  <environment nunit-version="2.4.8.0" clr-version="2.0.50727.3074" os-version="Microsoft Windows NT 6.0.6001 Service Pack 1" platform="Win32NT" cwd="C:\Dev\Mobile\Program Files\nunit 2.4.8\bin" machine-name="RKING-E5400" user="rking" user-domain="EXCHANGE" />
  <culture-info current-culture="en-US" current-uiculture="en-US" />
  <test-suite name="C:\GCS\Source\cpp\nUnitTest\TestsForUnmanagedDLLTests.nunit" success="True" time="46.081" asserts="0">
    <results>
      <test-suite name="C:\GCS\Source\cpp\nUnitTest\debug\UnManagedDLLTests.dll" success="True" time="46.052" asserts="0">
        <results>
          <test-suite name="UnManagedDLLTests" success="True" time="46.047" asserts="0">
            <results>
              <test-suite name="UnManagedTests" success="True" time="45.992" asserts="0">
                <results>
                  <test-case name="UnManagedDLLTests.UnManagedTests.SimpleTest" executed="True" success="True" time="45.640" asserts="4" />
                </results>
              </test-suite>
            </results>
          </test-suite>
        </results>
      </test-suite>
    </results>
  </test-suite>
</test-results>