<?xml version="1.0" encoding="UTF-8"?>
<TestRun id="3b81fa04-e3f2-4f90-b796-2980a423b743" name="Richard@RJKING-PC 2013-08-26 21:11:58" runUser="rjking-PC\Richard" xmlns="http://microsoft.com/schemas/VisualStudio/TeamTest/2010">
  <TestSettings name="Local" id="940c159d-505b-4526-97d2-4856d710da73">
    <Description>These are default test settings for a local test run.</Description>
    <Deployment enabled="false" runDeploymentRoot="Richard_RJKING-PC 2013-08-26 21_11_58">
      <DeploymentItem filename="C:\Development\SOURCE\csharp\LogicSimulator1\LogicSimulator1\bin\Debug\LogicSimulator1.dll" />
    </Deployment>
    <Execution>
      <TestTypeSpecific />
      <AgentRule name="Execution Agents">
      </AgentRule>
    </Execution>
  </TestSettings>
  <Times creation="2013-08-26T21:11:58.5554961-07:00" queuing="2013-08-26T21:11:58.6265002-07:00" start="2013-08-26T21:11:58.6295004-07:00" finish="2013-08-26T21:11:58.7605079-07:00" />
  <ResultSummary outcome="Completed">
    <Counters total="1" executed="1" passed="1" error="0" failed="0" timeout="0" aborted="0" inconclusive="0" passedButRunAborted="0" notRunnable="0" notExecuted="0" disconnected="0" warning="0" completed="0" inProgress="0" pending="0" />
  </ResultSummary>
  <TestDefinitions>
    <UnitTest name="TestFullAdder" storage="c:\development\source\csharp\logicsimulator1\testproject1\bin\debug\testproject1.dll" id="b6d29eda-f6bf-4518-691a-18c61c736a2e">
      <Execution id="7f39905d-d2f1-4cf5-9554-f154c7fd2b07" />
      <TestMethod codeBase="C:/Development/SOURCE/csharp/LogicSimulator1/TestProject1/bin/Debug/TestProject1.DLL" adapterTypeName="Microsoft.VisualStudio.TestTools.TestTypes.Unit.UnitTestAdapter, Microsoft.VisualStudio.QualityTools.Tips.UnitTest.Adapter, Version=10.0.0.0, Culture=neutral, PublicKeyToken=b03f5f7f11d50a3a" className="TestProject1.ComponentTests, TestProject1, Version=1.0.0.0, Culture=neutral, PublicKeyToken=null" name="TestFullAdder" />
    </UnitTest>
  </TestDefinitions>
  <TestLists>
    <TestList name="Results Not in a List" id="8c84fa94-04c1-424b-9868-57a2d4851a1d" />
    <TestList name="All Loaded Results" id="19431567-8539-422a-85d7-44ee4e166bda" />
  </TestLists>
  <TestEntries>
    <TestEntry testId="b6d29eda-f6bf-4518-691a-18c61c736a2e" executionId="7f39905d-d2f1-4cf5-9554-f154c7fd2b07" testListId="8c84fa94-04c1-424b-9868-57a2d4851a1d" />
  </TestEntries>
  <Results>
    <UnitTestResult executionId="7f39905d-d2f1-4cf5-9554-f154c7fd2b07" testId="b6d29eda-f6bf-4518-691a-18c61c736a2e" testName="TestFullAdder" computerName="RJKING-PC" duration="00:00:00.0108295" startTime="2013-08-26T21:11:58.6315005-07:00" endTime="2013-08-26T21:11:58.7515073-07:00" testType="13cdc9d9-ddb5-4fa4-a97d-d965ccfc6d4b" outcome="Passed" testListId="8c84fa94-04c1-424b-9868-57a2d4851a1d" relativeResultsDirectory="7f39905d-d2f1-4cf5-9554-f154c7fd2b07">
      <Output>
        <StdOut>x[0] y[0] = Result[0]
x[1] y[0] = Result[1]
x[2] y[0] = Result[2]
x[3] y[0] = Result[3]
x[0] y[1] = Result[1]
x[1] y[1] = Result[2]
x[2] y[1] = Result[3]
x[3] y[1] = Result[4]
x[0] y[2] = Result[2]
x[1] y[2] = Result[3]
x[2] y[2] = Result[4]
x[3] y[2] = Result[5]
x[0] y[3] = Result[3]
x[1] y[3] = Result[4]
x[2] y[3] = Result[5]
x[3] y[3] = Result[6]</StdOut>
      </Output>
    </UnitTestResult>
  </Results>
</TestRun>