<?xml version="1.0" encoding="UTF-8"?>
<TestRun id="244e2e35-f1b4-49cf-93dc-ae5e545d2035" name="Richard@RJKING-PC 2013-08-24 19:51:02" runUser="rjking-PC\Richard" xmlns="http://microsoft.com/schemas/VisualStudio/TeamTest/2010">
  <TestSettings name="Local" id="940c159d-505b-4526-97d2-4856d710da73">
    <Description>These are default test settings for a local test run.</Description>
    <Deployment enabled="false" runDeploymentRoot="Richard_RJKING-PC 2013-08-24 19_51_02">
      <DeploymentItem filename="C:\Development\SOURCE\csharp\LogicSimulator1\LogicSimulator1\bin\Debug\LogicSimulator1.exe" />
    </Deployment>
    <Execution>
      <TestTypeSpecific />
      <AgentRule name="Execution Agents">
      </AgentRule>
    </Execution>
  </TestSettings>
  <Times creation="2013-08-24T19:51:02.9683808-07:00" queuing="2013-08-24T19:51:03.0763870-07:00" start="2013-08-24T19:51:03.0803873-07:00" finish="2013-08-24T19:51:03.2363962-07:00" />
  <ResultSummary outcome="Completed">
    <Counters total="8" executed="8" passed="8" error="0" failed="0" timeout="0" aborted="0" inconclusive="0" passedButRunAborted="0" notRunnable="0" notExecuted="0" disconnected="0" warning="0" completed="0" inProgress="0" pending="0" />
  </ResultSummary>
  <TestDefinitions>
    <UnitTest name="TestNOrGateNoInputA" storage="c:\development\source\csharp\logicsimulator1\testproject1\bin\debug\testproject1.dll" id="e55bcf73-0e13-e791-8984-3921f693fe26">
      <Execution id="0ba44b50-8ec1-43b7-b350-c59b3574474b" />
      <TestMethod codeBase="C:/Development/SOURCE/csharp/LogicSimulator1/TestProject1/bin/Debug/TestProject1.DLL" adapterTypeName="Microsoft.VisualStudio.TestTools.TestTypes.Unit.UnitTestAdapter, Microsoft.VisualStudio.QualityTools.Tips.UnitTest.Adapter, Version=10.0.0.0, Culture=neutral, PublicKeyToken=b03f5f7f11d50a3a" className="TestProject1.ComponentTests, TestProject1, Version=1.0.0.0, Culture=neutral, PublicKeyToken=null" name="TestNOrGateNoInputA" />
    </UnitTest>
    <UnitTest name="TestNOrGateNoOutput" storage="c:\development\source\csharp\logicsimulator1\testproject1\bin\debug\testproject1.dll" id="dba8be23-60de-d8b0-4f8d-264d831808e8">
      <Execution id="91c7ff25-979a-434c-93db-dc5ecc8d6193" />
      <TestMethod codeBase="C:/Development/SOURCE/csharp/LogicSimulator1/TestProject1/bin/Debug/TestProject1.DLL" adapterTypeName="Microsoft.VisualStudio.TestTools.TestTypes.Unit.UnitTestAdapter, Microsoft.VisualStudio.QualityTools.Tips.UnitTest.Adapter, Version=10.0.0.0, Culture=neutral, PublicKeyToken=b03f5f7f11d50a3a" className="TestProject1.ComponentTests, TestProject1, Version=1.0.0.0, Culture=neutral, PublicKeyToken=null" name="TestNOrGateNoOutput" />
    </UnitTest>
    <UnitTest name="TestNAndGateNoOutput" storage="c:\development\source\csharp\logicsimulator1\testproject1\bin\debug\testproject1.dll" id="3db94bd9-6b7a-b5f5-b54f-b64f1d001224">
      <Execution id="e24c85e2-5f7a-43ed-ac6d-8e980c547725" />
      <TestMethod codeBase="C:/Development/SOURCE/csharp/LogicSimulator1/TestProject1/bin/Debug/TestProject1.DLL" adapterTypeName="Microsoft.VisualStudio.TestTools.TestTypes.Unit.UnitTestAdapter, Microsoft.VisualStudio.QualityTools.Tips.UnitTest.Adapter, Version=10.0.0.0, Culture=neutral, PublicKeyToken=b03f5f7f11d50a3a" className="TestProject1.ComponentTests, TestProject1, Version=1.0.0.0, Culture=neutral, PublicKeyToken=null" name="TestNAndGateNoOutput" />
    </UnitTest>
    <UnitTest name="TestNAndGateNoInputB" storage="c:\development\source\csharp\logicsimulator1\testproject1\bin\debug\testproject1.dll" id="57a74ee9-4089-c06f-e5cc-ae14990cb458">
      <Execution id="2e4ee158-3a6d-44e2-9310-bd7b3ed2c64f" />
      <TestMethod codeBase="C:/Development/SOURCE/csharp/LogicSimulator1/TestProject1/bin/Debug/TestProject1.DLL" adapterTypeName="Microsoft.VisualStudio.TestTools.TestTypes.Unit.UnitTestAdapter, Microsoft.VisualStudio.QualityTools.Tips.UnitTest.Adapter, Version=10.0.0.0, Culture=neutral, PublicKeyToken=b03f5f7f11d50a3a" className="TestProject1.ComponentTests, TestProject1, Version=1.0.0.0, Culture=neutral, PublicKeyToken=null" name="TestNAndGateNoInputB" />
    </UnitTest>
    <UnitTest name="TestNAndGateNoInputA" storage="c:\development\source\csharp\logicsimulator1\testproject1\bin\debug\testproject1.dll" id="5004052d-044a-9c85-3dec-b5cdf3da3615">
      <Execution id="c209de52-c228-49ad-9608-86ffea96c906" />
      <TestMethod codeBase="C:/Development/SOURCE/csharp/LogicSimulator1/TestProject1/bin/Debug/TestProject1.DLL" adapterTypeName="Microsoft.VisualStudio.TestTools.TestTypes.Unit.UnitTestAdapter, Microsoft.VisualStudio.QualityTools.Tips.UnitTest.Adapter, Version=10.0.0.0, Culture=neutral, PublicKeyToken=b03f5f7f11d50a3a" className="TestProject1.ComponentTests, TestProject1, Version=1.0.0.0, Culture=neutral, PublicKeyToken=null" name="TestNAndGateNoInputA" />
    </UnitTest>
    <UnitTest name="TestNAndGateAllConnectorsGood" storage="c:\development\source\csharp\logicsimulator1\testproject1\bin\debug\testproject1.dll" id="14f21329-3350-7f49-6671-3890159c08f3">
      <Execution id="801b1791-0237-46d2-8a3f-ef044e987189" />
      <TestMethod codeBase="C:/Development/SOURCE/csharp/LogicSimulator1/TestProject1/bin/Debug/TestProject1.DLL" adapterTypeName="Microsoft.VisualStudio.TestTools.TestTypes.Unit.UnitTestAdapter, Microsoft.VisualStudio.QualityTools.Tips.UnitTest.Adapter, Version=10.0.0.0, Culture=neutral, PublicKeyToken=b03f5f7f11d50a3a" className="TestProject1.ComponentTests, TestProject1, Version=1.0.0.0, Culture=neutral, PublicKeyToken=null" name="TestNAndGateAllConnectorsGood" />
    </UnitTest>
    <UnitTest name="TestNOrGateNoInputB" storage="c:\development\source\csharp\logicsimulator1\testproject1\bin\debug\testproject1.dll" id="50567949-4b62-083c-8f08-50579571fc41">
      <Execution id="07e64340-113e-428f-b353-ce9ab9ea314b" />
      <TestMethod codeBase="C:/Development/SOURCE/csharp/LogicSimulator1/TestProject1/bin/Debug/TestProject1.DLL" adapterTypeName="Microsoft.VisualStudio.TestTools.TestTypes.Unit.UnitTestAdapter, Microsoft.VisualStudio.QualityTools.Tips.UnitTest.Adapter, Version=10.0.0.0, Culture=neutral, PublicKeyToken=b03f5f7f11d50a3a" className="TestProject1.ComponentTests, TestProject1, Version=1.0.0.0, Culture=neutral, PublicKeyToken=null" name="TestNOrGateNoInputB" />
    </UnitTest>
    <UnitTest name="TestNOrGateAllConnectorsGood" storage="c:\development\source\csharp\logicsimulator1\testproject1\bin\debug\testproject1.dll" id="43e0fd17-8169-0bdc-a973-8b2591cf392a">
      <Execution id="eed4ec72-d86c-4f14-a3a1-0a991bfbe21e" />
      <TestMethod codeBase="C:/Development/SOURCE/csharp/LogicSimulator1/TestProject1/bin/Debug/TestProject1.DLL" adapterTypeName="Microsoft.VisualStudio.TestTools.TestTypes.Unit.UnitTestAdapter, Microsoft.VisualStudio.QualityTools.Tips.UnitTest.Adapter, Version=10.0.0.0, Culture=neutral, PublicKeyToken=b03f5f7f11d50a3a" className="TestProject1.ComponentTests, TestProject1, Version=1.0.0.0, Culture=neutral, PublicKeyToken=null" name="TestNOrGateAllConnectorsGood" />
    </UnitTest>
  </TestDefinitions>
  <TestLists>
    <TestList name="Results Not in a List" id="8c84fa94-04c1-424b-9868-57a2d4851a1d" />
    <TestList name="All Loaded Results" id="19431567-8539-422a-85d7-44ee4e166bda" />
  </TestLists>
  <TestEntries>
    <TestEntry testId="dba8be23-60de-d8b0-4f8d-264d831808e8" executionId="91c7ff25-979a-434c-93db-dc5ecc8d6193" testListId="8c84fa94-04c1-424b-9868-57a2d4851a1d" />
    <TestEntry testId="3db94bd9-6b7a-b5f5-b54f-b64f1d001224" executionId="e24c85e2-5f7a-43ed-ac6d-8e980c547725" testListId="8c84fa94-04c1-424b-9868-57a2d4851a1d" />
    <TestEntry testId="57a74ee9-4089-c06f-e5cc-ae14990cb458" executionId="2e4ee158-3a6d-44e2-9310-bd7b3ed2c64f" testListId="8c84fa94-04c1-424b-9868-57a2d4851a1d" />
    <TestEntry testId="14f21329-3350-7f49-6671-3890159c08f3" executionId="801b1791-0237-46d2-8a3f-ef044e987189" testListId="8c84fa94-04c1-424b-9868-57a2d4851a1d" />
    <TestEntry testId="5004052d-044a-9c85-3dec-b5cdf3da3615" executionId="c209de52-c228-49ad-9608-86ffea96c906" testListId="8c84fa94-04c1-424b-9868-57a2d4851a1d" />
    <TestEntry testId="43e0fd17-8169-0bdc-a973-8b2591cf392a" executionId="eed4ec72-d86c-4f14-a3a1-0a991bfbe21e" testListId="8c84fa94-04c1-424b-9868-57a2d4851a1d" />
    <TestEntry testId="e55bcf73-0e13-e791-8984-3921f693fe26" executionId="0ba44b50-8ec1-43b7-b350-c59b3574474b" testListId="8c84fa94-04c1-424b-9868-57a2d4851a1d" />
    <TestEntry testId="50567949-4b62-083c-8f08-50579571fc41" executionId="07e64340-113e-428f-b353-ce9ab9ea314b" testListId="8c84fa94-04c1-424b-9868-57a2d4851a1d" />
  </TestEntries>
  <Results>
    <UnitTestResult executionId="91c7ff25-979a-434c-93db-dc5ecc8d6193" testId="dba8be23-60de-d8b0-4f8d-264d831808e8" testName="TestNOrGateNoOutput" computerName="RJKING-PC" duration="00:00:00.0102966" startTime="2013-08-24T19:51:03.0823874-07:00" endTime="2013-08-24T19:51:03.2053944-07:00" testType="13cdc9d9-ddb5-4fa4-a97d-d965ccfc6d4b" outcome="Passed" testListId="8c84fa94-04c1-424b-9868-57a2d4851a1d" relativeResultsDirectory="91c7ff25-979a-434c-93db-dc5ecc8d6193">
      <Output>
        <StdOut>Signal1[False] Signal2[False]
Signal1[True] Signal2[False]
Signal1[False] Signal2[True]
Signal1[True] Signal2[True]
Signal1[False] Signal2[False]
Signal1[True] Signal2[False]
Signal1[False] Signal2[True]
Signal1[True] Signal2[True]
Signal1[False] Signal2[False]
Signal1[True] Signal2[False]
Signal1[False] Signal2[True]
Signal1[True] Signal2[True]
Signal1[False] Signal2[False]
Signal1[True] Signal2[False]
Signal1[False] Signal2[True]
Signal1[True] Signal2[True]
Signal1[False] Signal2[False]
Signal1[True] Signal2[False]
Signal1[False] Signal2[True]
Signal1[True] Signal2[True]
Signal1[False] Signal2[False]
Signal1[True] Signal2[False]
Signal1[False] Signal2[True]
Signal1[True] Signal2[True]
Signal1[False] Signal2[False]
Signal1[True] Signal2[False]
Signal1[False] Signal2[True]
Signal1[True] Signal2[True]
Signal1[False] Signal2[False]</StdOut>
      </Output>
    </UnitTestResult>
    <UnitTestResult executionId="e24c85e2-5f7a-43ed-ac6d-8e980c547725" testId="3db94bd9-6b7a-b5f5-b54f-b64f1d001224" testName="TestNAndGateNoOutput" computerName="RJKING-PC" duration="00:00:00.0006602" startTime="2013-08-24T19:51:03.2073945-07:00" endTime="2013-08-24T19:51:03.2093946-07:00" testType="13cdc9d9-ddb5-4fa4-a97d-d965ccfc6d4b" outcome="Passed" testListId="8c84fa94-04c1-424b-9868-57a2d4851a1d" relativeResultsDirectory="e24c85e2-5f7a-43ed-ac6d-8e980c547725">
      <Output>
        <StdOut>Signal1[False] Signal2[False]
Signal1[True] Signal2[False]
Signal1[False] Signal2[True]
Signal1[True] Signal2[True]
Signal1[False] Signal2[False]
Signal1[True] Signal2[False]
Signal1[False] Signal2[True]
Signal1[True] Signal2[True]
Signal1[False] Signal2[False]
Signal1[True] Signal2[False]
Signal1[False] Signal2[True]
Signal1[True] Signal2[True]
Signal1[False] Signal2[False]
Signal1[True] Signal2[False]
Signal1[False] Signal2[True]
Signal1[True] Signal2[True]
Signal1[False] Signal2[False]
Signal1[True] Signal2[False]
Signal1[False] Signal2[True]
Signal1[True] Signal2[True]
Signal1[False] Signal2[False]
Signal1[True] Signal2[False]
Signal1[False] Signal2[True]
Signal1[True] Signal2[True]
Signal1[False] Signal2[False]
Signal1[True] Signal2[False]
Signal1[False] Signal2[True]
Signal1[True] Signal2[True]
Signal1[False] Signal2[False]</StdOut>
      </Output>
    </UnitTestResult>
    <UnitTestResult executionId="2e4ee158-3a6d-44e2-9310-bd7b3ed2c64f" testId="57a74ee9-4089-c06f-e5cc-ae14990cb458" testName="TestNAndGateNoInputB" computerName="RJKING-PC" duration="00:00:00.0004468" startTime="2013-08-24T19:51:03.2103947-07:00" endTime="2013-08-24T19:51:03.2123948-07:00" testType="13cdc9d9-ddb5-4fa4-a97d-d965ccfc6d4b" outcome="Passed" testListId="8c84fa94-04c1-424b-9868-57a2d4851a1d" relativeResultsDirectory="2e4ee158-3a6d-44e2-9310-bd7b3ed2c64f">
      <Output>
        <StdOut>Signal1[False] Signal2[False] = Result[True]
Signal1[True] Signal2[False] = Result[True]
Signal1[False] Signal2[True] = Result[True]
Signal1[True] Signal2[True] = Result[True]
Signal1[False] Signal2[False] = Result[True]
Signal1[True] Signal2[False] = Result[True]
Signal1[False] Signal2[True] = Result[True]
Signal1[True] Signal2[True] = Result[True]
Signal1[False] Signal2[False] = Result[True]
Signal1[True] Signal2[False] = Result[True]
Signal1[False] Signal2[True] = Result[True]
Signal1[True] Signal2[True] = Result[True]
Signal1[False] Signal2[False] = Result[True]
Signal1[True] Signal2[False] = Result[True]
Signal1[False] Signal2[True] = Result[True]
Signal1[True] Signal2[True] = Result[True]
Signal1[False] Signal2[False] = Result[True]
Signal1[True] Signal2[False] = Result[True]
Signal1[False] Signal2[True] = Result[True]
Signal1[True] Signal2[True] = Result[True]
Signal1[False] Signal2[False] = Result[True]
Signal1[True] Signal2[False] = Result[True]
Signal1[False] Signal2[True] = Result[True]
Signal1[True] Signal2[True] = Result[True]
Signal1[False] Signal2[False] = Result[True]
Signal1[True] Signal2[False] = Result[True]
Signal1[False] Signal2[True] = Result[True]
Signal1[True] Signal2[True] = Result[True]
Signal1[False] Signal2[False] = Result[True]</StdOut>
      </Output>
    </UnitTestResult>
    <UnitTestResult executionId="801b1791-0237-46d2-8a3f-ef044e987189" testId="14f21329-3350-7f49-6671-3890159c08f3" testName="TestNAndGateAllConnectorsGood" computerName="RJKING-PC" duration="00:00:00.0004369" startTime="2013-08-24T19:51:03.2133949-07:00" endTime="2013-08-24T19:51:03.2153950-07:00" testType="13cdc9d9-ddb5-4fa4-a97d-d965ccfc6d4b" outcome="Passed" testListId="8c84fa94-04c1-424b-9868-57a2d4851a1d" relativeResultsDirectory="801b1791-0237-46d2-8a3f-ef044e987189">
      <Output>
        <StdOut>Signal1[False] Signal2[False] = Result[True]
Signal1[True] Signal2[False] = Result[True]
Signal1[False] Signal2[True] = Result[True]
Signal1[True] Signal2[True] = Result[False]
Signal1[False] Signal2[False] = Result[True]
Signal1[True] Signal2[False] = Result[True]
Signal1[False] Signal2[True] = Result[True]
Signal1[True] Signal2[True] = Result[False]
Signal1[False] Signal2[False] = Result[True]
Signal1[True] Signal2[False] = Result[True]
Signal1[False] Signal2[True] = Result[True]
Signal1[True] Signal2[True] = Result[False]
Signal1[False] Signal2[False] = Result[True]
Signal1[True] Signal2[False] = Result[True]
Signal1[False] Signal2[True] = Result[True]
Signal1[True] Signal2[True] = Result[False]
Signal1[False] Signal2[False] = Result[True]
Signal1[True] Signal2[False] = Result[True]
Signal1[False] Signal2[True] = Result[True]
Signal1[True] Signal2[True] = Result[False]
Signal1[False] Signal2[False] = Result[True]
Signal1[True] Signal2[False] = Result[True]
Signal1[False] Signal2[True] = Result[True]
Signal1[True] Signal2[True] = Result[False]
Signal1[False] Signal2[False] = Result[True]
Signal1[True] Signal2[False] = Result[True]
Signal1[False] Signal2[True] = Result[True]
Signal1[True] Signal2[True] = Result[False]
Signal1[False] Signal2[False] = Result[True]</StdOut>
      </Output>
    </UnitTestResult>
    <UnitTestResult executionId="c209de52-c228-49ad-9608-86ffea96c906" testId="5004052d-044a-9c85-3dec-b5cdf3da3615" testName="TestNAndGateNoInputA" computerName="RJKING-PC" duration="00:00:00.0003869" startTime="2013-08-24T19:51:03.2163950-07:00" endTime="2013-08-24T19:51:03.2183951-07:00" testType="13cdc9d9-ddb5-4fa4-a97d-d965ccfc6d4b" outcome="Passed" testListId="8c84fa94-04c1-424b-9868-57a2d4851a1d" relativeResultsDirectory="c209de52-c228-49ad-9608-86ffea96c906">
      <Output>
        <StdOut>Signal1[False] Signal2[False] = Result[True]
Signal1[True] Signal2[False] = Result[True]
Signal1[False] Signal2[True] = Result[True]
Signal1[True] Signal2[True] = Result[True]
Signal1[False] Signal2[False] = Result[True]
Signal1[True] Signal2[False] = Result[True]
Signal1[False] Signal2[True] = Result[True]
Signal1[True] Signal2[True] = Result[True]
Signal1[False] Signal2[False] = Result[True]
Signal1[True] Signal2[False] = Result[True]
Signal1[False] Signal2[True] = Result[True]
Signal1[True] Signal2[True] = Result[True]
Signal1[False] Signal2[False] = Result[True]
Signal1[True] Signal2[False] = Result[True]
Signal1[False] Signal2[True] = Result[True]
Signal1[True] Signal2[True] = Result[True]
Signal1[False] Signal2[False] = Result[True]
Signal1[True] Signal2[False] = Result[True]
Signal1[False] Signal2[True] = Result[True]
Signal1[True] Signal2[True] = Result[True]
Signal1[False] Signal2[False] = Result[True]
Signal1[True] Signal2[False] = Result[True]
Signal1[False] Signal2[True] = Result[True]
Signal1[True] Signal2[True] = Result[True]
Signal1[False] Signal2[False] = Result[True]
Signal1[True] Signal2[False] = Result[True]
Signal1[False] Signal2[True] = Result[True]
Signal1[True] Signal2[True] = Result[True]
Signal1[False] Signal2[False] = Result[True]</StdOut>
      </Output>
    </UnitTestResult>
    <UnitTestResult executionId="eed4ec72-d86c-4f14-a3a1-0a991bfbe21e" testId="43e0fd17-8169-0bdc-a973-8b2591cf392a" testName="TestNOrGateAllConnectorsGood" computerName="RJKING-PC" duration="00:00:00.0004936" startTime="2013-08-24T19:51:03.2193952-07:00" endTime="2013-08-24T19:51:03.2213953-07:00" testType="13cdc9d9-ddb5-4fa4-a97d-d965ccfc6d4b" outcome="Passed" testListId="8c84fa94-04c1-424b-9868-57a2d4851a1d" relativeResultsDirectory="eed4ec72-d86c-4f14-a3a1-0a991bfbe21e">
      <Output>
        <StdOut>Signal1[False] Signal2[False] = Result[True]
Signal1[True] Signal2[False] = Result[False]
Signal1[False] Signal2[True] = Result[False]
Signal1[True] Signal2[True] = Result[False]
Signal1[False] Signal2[False] = Result[True]
Signal1[True] Signal2[False] = Result[False]
Signal1[False] Signal2[True] = Result[False]
Signal1[True] Signal2[True] = Result[False]
Signal1[False] Signal2[False] = Result[True]
Signal1[True] Signal2[False] = Result[False]
Signal1[False] Signal2[True] = Result[False]
Signal1[True] Signal2[True] = Result[False]
Signal1[False] Signal2[False] = Result[True]
Signal1[True] Signal2[False] = Result[False]
Signal1[False] Signal2[True] = Result[False]
Signal1[True] Signal2[True] = Result[False]
Signal1[False] Signal2[False] = Result[True]
Signal1[True] Signal2[False] = Result[False]
Signal1[False] Signal2[True] = Result[False]
Signal1[True] Signal2[True] = Result[False]
Signal1[False] Signal2[False] = Result[True]
Signal1[True] Signal2[False] = Result[False]
Signal1[False] Signal2[True] = Result[False]
Signal1[True] Signal2[True] = Result[False]
Signal1[False] Signal2[False] = Result[True]
Signal1[True] Signal2[False] = Result[False]
Signal1[False] Signal2[True] = Result[False]
Signal1[True] Signal2[True] = Result[False]
Signal1[False] Signal2[False] = Result[True]</StdOut>
      </Output>
    </UnitTestResult>
    <UnitTestResult executionId="0ba44b50-8ec1-43b7-b350-c59b3574474b" testId="e55bcf73-0e13-e791-8984-3921f693fe26" testName="TestNOrGateNoInputA" computerName="RJKING-PC" duration="00:00:00.0004030" startTime="2013-08-24T19:51:03.2223954-07:00" endTime="2013-08-24T19:51:03.2243955-07:00" testType="13cdc9d9-ddb5-4fa4-a97d-d965ccfc6d4b" outcome="Passed" testListId="8c84fa94-04c1-424b-9868-57a2d4851a1d" relativeResultsDirectory="0ba44b50-8ec1-43b7-b350-c59b3574474b">
      <Output>
        <StdOut>Signal1[False] Signal2[False] = Result[True]
Signal1[True] Signal2[False] = Result[True]
Signal1[False] Signal2[True] = Result[False]
Signal1[True] Signal2[True] = Result[False]
Signal1[False] Signal2[False] = Result[True]
Signal1[True] Signal2[False] = Result[True]
Signal1[False] Signal2[True] = Result[False]
Signal1[True] Signal2[True] = Result[False]
Signal1[False] Signal2[False] = Result[True]
Signal1[True] Signal2[False] = Result[True]
Signal1[False] Signal2[True] = Result[False]
Signal1[True] Signal2[True] = Result[False]
Signal1[False] Signal2[False] = Result[True]
Signal1[True] Signal2[False] = Result[True]
Signal1[False] Signal2[True] = Result[False]
Signal1[True] Signal2[True] = Result[False]
Signal1[False] Signal2[False] = Result[True]
Signal1[True] Signal2[False] = Result[True]
Signal1[False] Signal2[True] = Result[False]
Signal1[True] Signal2[True] = Result[False]
Signal1[False] Signal2[False] = Result[True]
Signal1[True] Signal2[False] = Result[True]
Signal1[False] Signal2[True] = Result[False]
Signal1[True] Signal2[True] = Result[False]
Signal1[False] Signal2[False] = Result[True]
Signal1[True] Signal2[False] = Result[True]
Signal1[False] Signal2[True] = Result[False]
Signal1[True] Signal2[True] = Result[False]
Signal1[False] Signal2[False] = Result[True]</StdOut>
      </Output>
    </UnitTestResult>
    <UnitTestResult executionId="07e64340-113e-428f-b353-ce9ab9ea314b" testId="50567949-4b62-083c-8f08-50579571fc41" testName="TestNOrGateNoInputB" computerName="RJKING-PC" duration="00:00:00.0004162" startTime="2013-08-24T19:51:03.2253955-07:00" endTime="2013-08-24T19:51:03.2273957-07:00" testType="13cdc9d9-ddb5-4fa4-a97d-d965ccfc6d4b" outcome="Passed" testListId="8c84fa94-04c1-424b-9868-57a2d4851a1d" relativeResultsDirectory="07e64340-113e-428f-b353-ce9ab9ea314b">
      <Output>
        <StdOut>Signal1[False] Signal2[False] = Result[True]
Signal1[True] Signal2[False] = Result[False]
Signal1[False] Signal2[True] = Result[True]
Signal1[True] Signal2[True] = Result[False]
Signal1[False] Signal2[False] = Result[True]
Signal1[True] Signal2[False] = Result[False]
Signal1[False] Signal2[True] = Result[True]
Signal1[True] Signal2[True] = Result[False]
Signal1[False] Signal2[False] = Result[True]
Signal1[True] Signal2[False] = Result[False]
Signal1[False] Signal2[True] = Result[True]
Signal1[True] Signal2[True] = Result[False]
Signal1[False] Signal2[False] = Result[True]
Signal1[True] Signal2[False] = Result[False]
Signal1[False] Signal2[True] = Result[True]
Signal1[True] Signal2[True] = Result[False]
Signal1[False] Signal2[False] = Result[True]
Signal1[True] Signal2[False] = Result[False]
Signal1[False] Signal2[True] = Result[True]
Signal1[True] Signal2[True] = Result[False]
Signal1[False] Signal2[False] = Result[True]
Signal1[True] Signal2[False] = Result[False]
Signal1[False] Signal2[True] = Result[True]
Signal1[True] Signal2[True] = Result[False]
Signal1[False] Signal2[False] = Result[True]
Signal1[True] Signal2[False] = Result[False]
Signal1[False] Signal2[True] = Result[True]
Signal1[True] Signal2[True] = Result[False]
Signal1[False] Signal2[False] = Result[True]</StdOut>
      </Output>
    </UnitTestResult>
  </Results>
</TestRun>