<?xml version="1.0" encoding="UTF-8"?>
<TestRun id="c783b369-8706-4976-8e4c-0bcd163212ae" name="Richard@RJKING-PC 2013-08-26 21:18:46" runUser="rjking-PC\Richard" xmlns="http://microsoft.com/schemas/VisualStudio/TeamTest/2010">
  <TestSettings name="Local" id="940c159d-505b-4526-97d2-4856d710da73">
    <Description>These are default test settings for a local test run.</Description>
    <Deployment enabled="false" runDeploymentRoot="Richard_RJKING-PC 2013-08-26 21_18_46">
      <DeploymentItem filename="C:\Development\SOURCE\csharp\LogicSimulator1\LogicSimulator1\bin\Debug\LogicSimulator1.dll" />
    </Deployment>
    <Execution>
      <TestTypeSpecific />
      <AgentRule name="Execution Agents">
      </AgentRule>
    </Execution>
  </TestSettings>
  <Times creation="2013-08-26T21:18:46.7807855-07:00" queuing="2013-08-26T21:18:46.8497894-07:00" start="2013-08-26T21:18:46.8527896-07:00" finish="2013-08-26T21:18:46.9847971-07:00" />
  <ResultSummary outcome="Completed">
    <Counters total="1" executed="1" passed="1" error="0" failed="0" timeout="0" aborted="0" inconclusive="0" passedButRunAborted="0" notRunnable="0" notExecuted="0" disconnected="0" warning="0" completed="0" inProgress="0" pending="0" />
  </ResultSummary>
  <TestDefinitions>
    <UnitTest name="TestFullAdder" storage="c:\development\source\csharp\logicsimulator1\testproject1\bin\debug\testproject1.dll" id="b6d29eda-f6bf-4518-691a-18c61c736a2e">
      <Execution id="07ddf355-c6fb-4d65-95d8-f3c0b03dd44b" />
      <TestMethod codeBase="C:/Development/SOURCE/csharp/LogicSimulator1/TestProject1/bin/Debug/TestProject1.DLL" adapterTypeName="Microsoft.VisualStudio.TestTools.TestTypes.Unit.UnitTestAdapter, Microsoft.VisualStudio.QualityTools.Tips.UnitTest.Adapter, Version=10.0.0.0, Culture=neutral, PublicKeyToken=b03f5f7f11d50a3a" className="TestProject1.ComponentTests, TestProject1, Version=1.0.0.0, Culture=neutral, PublicKeyToken=null" name="TestFullAdder" />
    </UnitTest>
  </TestDefinitions>
  <TestLists>
    <TestList name="Results Not in a List" id="8c84fa94-04c1-424b-9868-57a2d4851a1d" />
    <TestList name="All Loaded Results" id="19431567-8539-422a-85d7-44ee4e166bda" />
  </TestLists>
  <TestEntries>
    <TestEntry testId="b6d29eda-f6bf-4518-691a-18c61c736a2e" executionId="07ddf355-c6fb-4d65-95d8-f3c0b03dd44b" testListId="8c84fa94-04c1-424b-9868-57a2d4851a1d" />
  </TestEntries>
  <Results>
    <UnitTestResult executionId="07ddf355-c6fb-4d65-95d8-f3c0b03dd44b" testId="b6d29eda-f6bf-4518-691a-18c61c736a2e" testName="TestFullAdder" computerName="RJKING-PC" duration="00:00:00.0115061" startTime="2013-08-26T21:18:46.8547897-07:00" endTime="2013-08-26T21:18:46.9757966-07:00" testType="13cdc9d9-ddb5-4fa4-a97d-d965ccfc6d4b" outcome="Passed" testListId="8c84fa94-04c1-424b-9868-57a2d4851a1d" relativeResultsDirectory="07ddf355-c6fb-4d65-95d8-f3c0b03dd44b">
      <Output>
        <StdOut>x[0] y[0] = Result[0]
x[1] y[0] = Result[1]
x[2] y[0] = Result[2]
x[3] y[0] = Result[3]
x[4] y[0] = Result[4]
x[5] y[0] = Result[5]
x[6] y[0] = Result[6]
x[7] y[0] = Result[7]
x[0] y[1] = Result[1]
x[1] y[1] = Result[2]
x[2] y[1] = Result[3]
x[3] y[1] = Result[4]
x[4] y[1] = Result[5]
x[5] y[1] = Result[6]
x[6] y[1] = Result[7]
x[7] y[1] = Result[8]
x[0] y[2] = Result[2]
x[1] y[2] = Result[3]
x[2] y[2] = Result[4]
x[3] y[2] = Result[5]
x[4] y[2] = Result[6]
x[5] y[2] = Result[7]
x[6] y[2] = Result[8]
x[7] y[2] = Result[9]
x[0] y[3] = Result[3]
x[1] y[3] = Result[4]
x[2] y[3] = Result[5]
x[3] y[3] = Result[6]
x[4] y[3] = Result[7]
x[5] y[3] = Result[8]
x[6] y[3] = Result[9]
x[7] y[3] = Result[10]
x[0] y[4] = Result[4]
x[1] y[4] = Result[5]
x[2] y[4] = Result[6]
x[3] y[4] = Result[7]
x[4] y[4] = Result[8]
x[5] y[4] = Result[9]
x[6] y[4] = Result[10]
x[7] y[4] = Result[11]
x[0] y[5] = Result[5]
x[1] y[5] = Result[6]
x[2] y[5] = Result[7]
x[3] y[5] = Result[8]
x[4] y[5] = Result[9]
x[5] y[5] = Result[10]
x[6] y[5] = Result[11]
x[7] y[5] = Result[12]
x[0] y[6] = Result[6]
x[1] y[6] = Result[7]
x[2] y[6] = Result[8]
x[3] y[6] = Result[9]
x[4] y[6] = Result[10]
x[5] y[6] = Result[11]
x[6] y[6] = Result[12]
x[7] y[6] = Result[13]
x[0] y[7] = Result[7]
x[1] y[7] = Result[8]
x[2] y[7] = Result[9]
x[3] y[7] = Result[10]
x[4] y[7] = Result[11]
x[5] y[7] = Result[12]
x[6] y[7] = Result[13]
x[7] y[7] = Result[14]</StdOut>
      </Output>
    </UnitTestResult>
  </Results>
</TestRun>