<?xml version="1.0" encoding="utf-8" standalone="no"?>
<!--This file represents the results of running a test suite-->
<test-results name="C:\Volatile\SOURCE\csharp2\vs2005Projs\FlashCard\FlashCardTests\bin\Debug\FlashCardTests.dll" total="4" errors="0" failures="0" not-run="0" inconclusive="0" ignored="0" skipped="0" invalid="0" date="2010-01-09" time="00:25:57">
  <environment nunit-version="2.5.3.9345" clr-version="2.0.50727.1433" os-version="Microsoft Windows NT 5.1.2600 Service Pack 3" platform="Win32NT" cwd="C:\Program Files\NUnit 2.5.3\bin\net-2.0" machine-name="THEDEN2" user="Richard" user-domain="THEDEN2" />
  <culture-info current-culture="en-US" current-uiculture="en-US" />
  <test-suite name="C:\Volatile\SOURCE\csharp2\vs2005Projs\FlashCard\FlashCardTests\bin\Debug\FlashCardTests.dll" executed="True" success="True" time="7.313" asserts="0">
    <results>
      <test-suite name="FlashCardTests" executed="True" success="True" time="7.313" asserts="0">
        <results>
          <test-suite name="FlashCard_Tests" executed="True" success="True" time="7.313" asserts="0">
            <results>
              <test-case name="FlashCardTests.FlashCard_Tests.CardDeckShufflesTest" executed="True" success="True" time="6.063" asserts="5" />
              <test-case name="FlashCardTests.FlashCard_Tests.FlashCardCreation" executed="True" success="True" time="0.000" asserts="14" />
              <test-case name="FlashCardTests.FlashCard_Tests.SerializationTest" executed="True" success="True" time="0.391" asserts="9" />
              <test-case name="FlashCardTests.FlashCard_Tests.ThousandCardTest" executed="True" success="True" time="0.844" asserts="1002997" />
            </results>
          </test-suite>
        </results>
      </test-suite>
    </results>
  </test-suite>
</test-results>