<?xml version="1.0" encoding="UTF-8"?>
<TestRun id="78ecebfb-6301-4f6f-b49e-7485eb6ff6eb" name="Richard@WEEZLJEA-2A5C72 2012-07-14 15:53:02" runUser="WEEZLJEA-2A5C72\Richard" xmlns="http://microsoft.com/schemas/VisualStudio/TeamTest/2010">
  <TestSettings name="Local" id="dfd01cec-f8ae-4292-a66a-80b6824a665a">
    <Description>These are default test settings for a local test run.</Description>
    <Deployment enabled="false" runDeploymentRoot="Richard_WEEZLJEA-2A5C72 2012-07-14 15_53_02">
      <DeploymentItem filename="C:\Development\SOURCE\csharp\UnitTestTest\UnitTestTest\bin\Debug\UnitTestTest.exe" />
    </Deployment>
    <Execution>
      <TestTypeSpecific />
      <AgentRule name="Execution Agents">
      </AgentRule>
    </Execution>
  </TestSettings>
  <Times creation="2012-07-14T15:53:02.3906250-07:00" queuing="2012-07-14T15:53:02.4843750-07:00" start="2012-07-14T15:53:02.4843750-07:00" finish="2012-07-14T15:53:02.7031250-07:00" />
  <ResultSummary outcome="Completed">
    <Counters total="1" executed="1" passed="1" error="0" failed="0" timeout="0" aborted="0" inconclusive="0" passedButRunAborted="0" notRunnable="0" notExecuted="0" disconnected="0" warning="0" completed="0" inProgress="0" pending="0" />
  </ResultSummary>
  <TestDefinitions>
    <UnitTest name="TestAddMethod" storage="c:\development\source\csharp\unittesttest\testproject1\bin\debug\testproject1.dll" id="155e876b-e82a-e3a7-6775-3c522e55fc24">
      <Execution id="b843bd16-6120-4292-bfa6-05398e8723a5" />
      <TestMethod codeBase="C:/Development/SOURCE/csharp/UnitTestTest/TestProject1/bin/Debug/TestProject1.DLL" adapterTypeName="Microsoft.VisualStudio.TestTools.TestTypes.Unit.UnitTestAdapter, Microsoft.VisualStudio.QualityTools.Tips.UnitTest.Adapter, Version=10.0.0.0, Culture=neutral, PublicKeyToken=b03f5f7f11d50a3a" className="TestProject1.UnitTest1, TestProject1, Version=1.0.0.0, Culture=neutral, PublicKeyToken=null" name="TestAddMethod" />
    </UnitTest>
  </TestDefinitions>
  <TestLists>
    <TestList name="Results Not in a List" id="8c84fa94-04c1-424b-9868-57a2d4851a1d" />
    <TestList name="All Loaded Results" id="19431567-8539-422a-85d7-44ee4e166bda" />
  </TestLists>
  <TestEntries>
    <TestEntry testId="155e876b-e82a-e3a7-6775-3c522e55fc24" executionId="b843bd16-6120-4292-bfa6-05398e8723a5" testListId="8c84fa94-04c1-424b-9868-57a2d4851a1d" />
  </TestEntries>
  <Results>
    <UnitTestResult executionId="b843bd16-6120-4292-bfa6-05398e8723a5" testId="155e876b-e82a-e3a7-6775-3c522e55fc24" testName="TestAddMethod" computerName="WEEZLJEA-2A5C72" duration="00:00:00.0271171" startTime="2012-07-14T15:53:02.4843750-07:00" endTime="2012-07-14T15:53:02.6875000-07:00" testType="13cdc9d9-ddb5-4fa4-a97d-d965ccfc6d4b" outcome="Passed" testListId="8c84fa94-04c1-424b-9868-57a2d4851a1d" relativeResultsDirectory="b843bd16-6120-4292-bfa6-05398e8723a5">
    </UnitTestResult>
  </Results>
</TestRun>